[0.049s] Invoking command in '/home/isami/bumperbot_ws/build/bumperbot_msgs': CMAKE_PREFIX_PATH=/opt/ros/humble /usr/bin/cmake --build /home/isami/bumperbot_ws/build/bumperbot_msgs -- -j3 -l3
[0.102s] [33mCMake Warning (dev) at CMakeLists.txt:14:
[0.102s]   Syntax Warning in cmake code at column 23
[0.102s] 
[0.102s]   Argument not separated from preceding token by whitespace.
[0.102s] This warning is for project developers.  Use -Wno-dev to suppress it.
[0.102s] [0m
[0.138s] -- Found ament_cmake: 1.3.8 (/opt/ros/humble/share/ament_cmake/cmake)
[0.420s] -- Found std_msgs: 4.2.3 (/opt/ros/humble/share/std_msgs/cmake)
[0.499s] -- Found rosidl_generator_c: 3.1.5 (/opt/ros/humble/share/rosidl_generator_c/cmake)
[0.501s] -- Found rosidl_adapter: 3.1.5 (/opt/ros/humble/share/rosidl_adapter/cmake)
[0.515s] -- Found rosidl_generator_cpp: 3.1.5 (/opt/ros/humble/share/rosidl_generator_cpp/cmake)
[0.561s] -- Using all available rosidl_typesupport_c: rosidl_typesupport_fastrtps_c;rosidl_typesupport_introspection_c
[0.593s] -- Using all available rosidl_typesupport_cpp: rosidl_typesupport_fastrtps_cpp;rosidl_typesupport_introspection_cpp
[0.732s] -- Found geometry_msgs: 4.2.3 (/opt/ros/humble/share/geometry_msgs/cmake)
[0.844s] -- Found rosidl_default_generators: 1.2.0 (/opt/ros/humble/share/rosidl_default_generators/cmake)
[0.868s] [31mCMake Error at /opt/ros/humble/share/rosidl_cmake/cmake/rosidl_generate_interfaces.cmake:93 (message):
[0.868s]   rosidl_generate_interfaces() the passed file ',' doesn't exist relative to
[0.868s]   the CMAKE_CURRENT_SOURCE_DIR '/home/isami/bumperbot_ws/src/bumperbot_msgs'
[0.868s] Call Stack (most recent call first):
[0.868s]   CMakeLists.txt:13 (rosidl_generate_interfaces)
[0.868s] 
[0.868s] [0m
[0.869s] -- Configuring incomplete, errors occurred!
[0.869s] See also "/home/isami/bumperbot_ws/build/bumperbot_msgs/CMakeFiles/CMakeOutput.log".
[0.878s] gmake: *** [Makefile:747: cmake_check_build_system] Error 1
[0.882s] Invoked command in '/home/isami/bumperbot_ws/build/bumperbot_msgs' returned '2': CMAKE_PREFIX_PATH=/opt/ros/humble /usr/bin/cmake --build /home/isami/bumperbot_ws/build/bumperbot_msgs -- -j3 -l3
