[0.106s] Invoking command in '/home/isami/bumperbot_ws/build/bumperbot_description': /usr/bin/cmake /home/isami/bumperbot_ws/src/bumperbot_description -DCMAKE_INSTALL_PREFIX=/home/isami/bumperbot_ws/install/bumperbot_description
[0.448s] -- The C compiler identification is GNU 11.4.0
[0.727s] -- The CXX compiler identification is GNU 11.4.0
[0.751s] -- Detecting C compiler ABI info
[0.892s] -- Detecting C compiler ABI info - done
[0.900s] -- Check for working C compiler: /usr/bin/cc - skipped
[0.901s] -- Detecting C compile features
[0.901s] -- Detecting C compile features - done
[0.907s] -- Detecting CXX compiler ABI info
[1.042s] -- Detecting CXX compiler ABI info - done
[1.049s] -- Check for working CXX compiler: /usr/bin/c++ - skipped
[1.049s] -- Detecting CXX compile features
[1.049s] -- Detecting CXX compile features - done
[1.063s] [31mCMake Error at CMakeLists.txt:9 (find_package):
[1.063s]   By not providing "Findament_cmake.cmake" in CMAKE_MODULE_PATH this project
[1.063s]   has asked CMake to find a package configuration file provided by
[1.063s]   "ament_cmake", but CMake did not find one.
[1.063s] 
[1.063s]   Could not find a package configuration file provided by "ament_cmake" with
[1.063s]   any of the following names:
[1.063s] 
[1.063s]     ament_cmakeConfig.cmake
[1.063s]     ament_cmake-config.cmake
[1.063s] 
[1.063s]   Add the installation prefix of "ament_cmake" to CMAKE_PREFIX_PATH or set
[1.063s]   "ament_cmake_DIR" to a directory containing one of the above files.  If
[1.063s]   "ament_cmake" provides a separate development package or SDK, be sure it
[1.063s]   has been installed.
[1.063s] 
[1.063s] [0m
[1.064s] -- Configuring incomplete, errors occurred!
[1.064s] See also "/home/isami/bumperbot_ws/build/bumperbot_description/CMakeFiles/CMakeOutput.log".
[1.066s] Invoked command in '/home/isami/bumperbot_ws/build/bumperbot_description' returned '1': /usr/bin/cmake /home/isami/bumperbot_ws/src/bumperbot_description -DCMAKE_INSTALL_PREFIX=/home/isami/bumperbot_ws/install/bumperbot_description
