[1.721s] Invoking command in '/home/isami/bumperbot_ws/src/bumperbot_py_examples': PYTHONPATH=/home/isami/bumperbot_ws/build/bumperbot_py_examples/prefix_override:/home/isami/bumperbot_ws/install/bumperbot_py_examples/lib/python3.10/site-packages:${PYTHONPATH} /usr/bin/python3 setup.py egg_info --egg-base ../../build/bumperbot_py_examples build --build-base /home/isami/bumperbot_ws/build/bumperbot_py_examples/build install --record /home/isami/bumperbot_ws/build/bumperbot_py_examples/install.log --single-version-externally-managed
[1.995s] running egg_info
[1.997s] writing ../../build/bumperbot_py_examples/bumperbot_py_examples.egg-info/PKG-INFO
[1.999s] writing dependency_links to ../../build/bumperbot_py_examples/bumperbot_py_examples.egg-info/dependency_links.txt
[2.002s] writing entry points to ../../build/bumperbot_py_examples/bumperbot_py_examples.egg-info/entry_points.txt
[2.003s] writing requirements to ../../build/bumperbot_py_examples/bumperbot_py_examples.egg-info/requires.txt
[2.005s] writing top-level names to ../../build/bumperbot_py_examples/bumperbot_py_examples.egg-info/top_level.txt
[2.010s] reading manifest file '../../build/bumperbot_py_examples/bumperbot_py_examples.egg-info/SOURCES.txt'
[2.015s] writing manifest file '../../build/bumperbot_py_examples/bumperbot_py_examples.egg-info/SOURCES.txt'
[2.016s] running build
[2.017s] running build_py
[2.018s] running install
[2.026s] /usr/lib/python3/dist-packages/setuptools/command/install.py:34: SetuptoolsDeprecationWarning: setup.py install is deprecated. Use build and pip and other standards-based tools.
[2.027s]   warnings.warn(
[2.029s] running install_lib
[2.033s] running install_data
[2.035s] running install_egg_info
[2.039s] removing '/home/isami/bumperbot_ws/install/bumperbot_py_examples/lib/python3.10/site-packages/bumperbot_py_examples-0.0.0-py3.10.egg-info' (and everything under it)
[2.045s] Copying ../../build/bumperbot_py_examples/bumperbot_py_examples.egg-info to /home/isami/bumperbot_ws/install/bumperbot_py_examples/lib/python3.10/site-packages/bumperbot_py_examples-0.0.0-py3.10.egg-info
[2.047s] running install_scripts
[2.077s] Installing simple_parameter script to /home/isami/bumperbot_ws/install/bumperbot_py_examples/lib/bumperbot_py_examples
[2.077s] Installing simple_publisher script to /home/isami/bumperbot_ws/install/bumperbot_py_examples/lib/bumperbot_py_examples
[2.077s] Installing simple_subscriber script to /home/isami/bumperbot_ws/install/bumperbot_py_examples/lib/bumperbot_py_examples
[2.078s] writing list of installed files to '/home/isami/bumperbot_ws/build/bumperbot_py_examples/install.log'
[2.108s] Invoked command in '/home/isami/bumperbot_ws/src/bumperbot_py_examples' returned '0': PYTHONPATH=/home/isami/bumperbot_ws/build/bumperbot_py_examples/prefix_override:/home/isami/bumperbot_ws/install/bumperbot_py_examples/lib/python3.10/site-packages:${PYTHONPATH} /usr/bin/python3 setup.py egg_info --egg-base ../../build/bumperbot_py_examples build --build-base /home/isami/bumperbot_ws/build/bumperbot_py_examples/build install --record /home/isami/bumperbot_ws/build/bumperbot_py_examples/install.log --single-version-externally-managed
