[0.024s] Invoking command in '/home/isami/bumperbot_ws/build/bumperbot_localization': CMAKE_PREFIX_PATH=/opt/ros/humble /usr/bin/cmake --build /home/isami/bumperbot_ws/build/bumperbot_localization -- -j3 -l3
[0.136s] -- Found ament_cmake: 1.3.8 (/opt/ros/humble/share/ament_cmake/cmake)
[0.563s] -- Found rclcpp: 16.0.8 (/opt/ros/humble/share/rclcpp/cmake)
[0.663s] -- Found rosidl_generator_c: 3.1.5 (/opt/ros/humble/share/rosidl_generator_c/cmake)
[0.671s] -- Found rosidl_adapter: 3.1.5 (/opt/ros/humble/share/rosidl_adapter/cmake)
[0.683s] -- Found rosidl_generator_cpp: 3.1.5 (/opt/ros/humble/share/rosidl_generator_cpp/cmake)
[0.718s] -- Using all available rosidl_typesupport_c: rosidl_typesupport_fastrtps_c;rosidl_typesupport_introspection_c
[0.765s] -- Using all available rosidl_typesupport_cpp: rosidl_typesupport_fastrtps_cpp;rosidl_typesupport_introspection_cpp
[0.961s] -- Found rmw_implementation_cmake: 6.1.1 (/opt/ros/humble/share/rmw_implementation_cmake/cmake)
[0.965s] -- Found rmw_fastrtps_cpp: 6.2.6 (/opt/ros/humble/share/rmw_fastrtps_cpp/cmake)
[1.300s] -- Using RMW implementation 'rmw_fastrtps_cpp' as default
[1.775s] -- Found rclpy: 3.3.12 (/opt/ros/humble/share/rclpy/cmake)
[1.776s] -- Found nav_msgs: 4.2.3 (/opt/ros/humble/share/nav_msgs/cmake)
[2.318s] -- Found sensor_msgs: 4.2.3 (/opt/ros/humble/share/sensor_msgs/cmake)
[2.781s] -- Found ament_lint_auto: 0.12.10 (/opt/ros/humble/share/ament_lint_auto/cmake)
[3.121s] -- Added test 'flake8' to check Python code syntax and style conventions
[3.123s] -- Added test 'lint_cmake' to check CMake code style
[3.123s] -- Added test 'pep257' to check Python code against some of the docstring style conventions in PEP 257
[3.125s] -- Added test 'xmllint' to check XML markup files
[3.126s] -- Configuring done
[3.191s] -- Generating done
[3.192s] -- Build files have been written to: /home/isami/bumperbot_ws/build/bumperbot_localization
[3.473s] Built target ament_cmake_python_copy_bumperbot_localization
[4.570s] running egg_info
[4.573s] writing bumperbot_localization.egg-info/PKG-INFO
[4.575s] writing dependency_links to bumperbot_localization.egg-info/dependency_links.txt
[4.575s] writing top-level names to bumperbot_localization.egg-info/top_level.txt
[4.581s] reading manifest file 'bumperbot_localization.egg-info/SOURCES.txt'
[4.583s] writing manifest file 'bumperbot_localization.egg-info/SOURCES.txt'
[4.650s] Built target ament_cmake_python_build_bumperbot_localization_egg
[4.675s] Invoked command in '/home/isami/bumperbot_ws/build/bumperbot_localization' returned '0': CMAKE_PREFIX_PATH=/opt/ros/humble /usr/bin/cmake --build /home/isami/bumperbot_ws/build/bumperbot_localization -- -j3 -l3
[4.782s] Invoking command in '/home/isami/bumperbot_ws/build/bumperbot_localization': CMAKE_PREFIX_PATH=/opt/ros/humble /usr/bin/cmake --install /home/isami/bumperbot_ws/build/bumperbot_localization
[4.810s] -- Install configuration: ""
[4.814s] -- Up-to-date: /home/isami/bumperbot_ws/install/bumperbot_localization/share/bumperbot_localization/environment/pythonpath.sh
[4.814s] -- Installing: /home/isami/bumperbot_ws/install/bumperbot_localization/share/bumperbot_localization/environment/pythonpath.dsv
[4.815s] -- Up-to-date: /home/isami/bumperbot_ws/install/bumperbot_localization/local/lib/python3.10/dist-packages/bumperbot_localization-0.0.0-py3.10.egg-info
[4.815s] -- Installing: /home/isami/bumperbot_ws/install/bumperbot_localization/local/lib/python3.10/dist-packages/bumperbot_localization-0.0.0-py3.10.egg-info/PKG-INFO
[4.815s] -- Installing: /home/isami/bumperbot_ws/install/bumperbot_localization/local/lib/python3.10/dist-packages/bumperbot_localization-0.0.0-py3.10.egg-info/dependency_links.txt
[4.815s] -- Installing: /home/isami/bumperbot_ws/install/bumperbot_localization/local/lib/python3.10/dist-packages/bumperbot_localization-0.0.0-py3.10.egg-info/top_level.txt
[4.815s] -- Installing: /home/isami/bumperbot_ws/install/bumperbot_localization/local/lib/python3.10/dist-packages/bumperbot_localization-0.0.0-py3.10.egg-info/SOURCES.txt
[4.815s] -- Up-to-date: /home/isami/bumperbot_ws/install/bumperbot_localization/local/lib/python3.10/dist-packages/bumperbot_localization
[4.816s] -- Up-to-date: /home/isami/bumperbot_ws/install/bumperbot_localization/local/lib/python3.10/dist-packages/bumperbot_localization/__init__.py
[4.816s] -- Installing: /home/isami/bumperbot_ws/install/bumperbot_localization/local/lib/python3.10/dist-packages/bumperbot_localization/kalman_filter.py
[4.906s] Listing '/home/isami/bumperbot_ws/install/bumperbot_localization/local/lib/python3.10/dist-packages/bumperbot_localization'...
[4.906s] Compiling '/home/isami/bumperbot_ws/install/bumperbot_localization/local/lib/python3.10/dist-packages/bumperbot_localization/kalman_filter.py'...
[4.915s] -- Installing: /home/isami/bumperbot_ws/install/bumperbot_localization/lib/bumperbot_localization/kalman_filter.py
[4.915s] -- Up-to-date: /home/isami/bumperbot_ws/install/bumperbot_localization/share/ament_index/resource_index/package_run_dependencies/bumperbot_localization
[4.915s] -- Up-to-date: /home/isami/bumperbot_ws/install/bumperbot_localization/share/ament_index/resource_index/parent_prefix_path/bumperbot_localization
[4.916s] -- Up-to-date: /home/isami/bumperbot_ws/install/bumperbot_localization/share/bumperbot_localization/environment/ament_prefix_path.sh
[4.916s] -- Installing: /home/isami/bumperbot_ws/install/bumperbot_localization/share/bumperbot_localization/environment/ament_prefix_path.dsv
[4.916s] -- Up-to-date: /home/isami/bumperbot_ws/install/bumperbot_localization/share/bumperbot_localization/environment/path.sh
[4.916s] -- Installing: /home/isami/bumperbot_ws/install/bumperbot_localization/share/bumperbot_localization/environment/path.dsv
[4.916s] -- Up-to-date: /home/isami/bumperbot_ws/install/bumperbot_localization/share/bumperbot_localization/local_setup.bash
[4.916s] -- Up-to-date: /home/isami/bumperbot_ws/install/bumperbot_localization/share/bumperbot_localization/local_setup.sh
[4.917s] -- Up-to-date: /home/isami/bumperbot_ws/install/bumperbot_localization/share/bumperbot_localization/local_setup.zsh
[4.917s] -- Installing: /home/isami/bumperbot_ws/install/bumperbot_localization/share/bumperbot_localization/local_setup.dsv
[4.917s] -- Installing: /home/isami/bumperbot_ws/install/bumperbot_localization/share/bumperbot_localization/package.dsv
[4.917s] -- Up-to-date: /home/isami/bumperbot_ws/install/bumperbot_localization/share/ament_index/resource_index/packages/bumperbot_localization
[4.917s] -- Up-to-date: /home/isami/bumperbot_ws/install/bumperbot_localization/share/bumperbot_localization/cmake/bumperbot_localizationConfig.cmake
[4.917s] -- Up-to-date: /home/isami/bumperbot_ws/install/bumperbot_localization/share/bumperbot_localization/cmake/bumperbot_localizationConfig-version.cmake
[4.917s] -- Up-to-date: /home/isami/bumperbot_ws/install/bumperbot_localization/share/bumperbot_localization/package.xml
[4.920s] Invoked command in '/home/isami/bumperbot_ws/build/bumperbot_localization' returned '0': CMAKE_PREFIX_PATH=/opt/ros/humble /usr/bin/cmake --install /home/isami/bumperbot_ws/build/bumperbot_localization
