[0.037s] Invoking command in '/home/isami/bumperbot_ws/build/bumperbot_controller': CMAKE_PREFIX_PATH=/opt/ros/humble /usr/bin/cmake --build /home/isami/bumperbot_ws/build/bumperbot_controller -- -j3 -l3
[0.233s] Built target ament_cmake_python_copy_bumperbot_controller
[0.614s] running egg_info
[0.614s] writing bumperbot_controller.egg-info/PKG-INFO
[0.614s] writing dependency_links to bumperbot_controller.egg-info/dependency_links.txt
[0.614s] writing top-level names to bumperbot_controller.egg-info/top_level.txt
[0.623s] reading manifest file 'bumperbot_controller.egg-info/SOURCES.txt'
[0.623s] writing manifest file 'bumperbot_controller.egg-info/SOURCES.txt'
[0.681s] Built target ament_cmake_python_build_bumperbot_controller_egg
[1.006s] Invoked command in '/home/isami/bumperbot_ws/build/bumperbot_controller' returned '0': CMAKE_PREFIX_PATH=/opt/ros/humble /usr/bin/cmake --build /home/isami/bumperbot_ws/build/bumperbot_controller -- -j3 -l3
[1.083s] Invoking command in '/home/isami/bumperbot_ws/build/bumperbot_controller': CMAKE_PREFIX_PATH=/opt/ros/humble /usr/bin/cmake --install /home/isami/bumperbot_ws/build/bumperbot_controller
[1.102s] -- Install configuration: ""
[1.103s] -- Up-to-date: /home/isami/bumperbot_ws/install/bumperbot_controller/share/bumperbot_controller/environment/pythonpath.sh
[1.103s] -- Up-to-date: /home/isami/bumperbot_ws/install/bumperbot_controller/share/bumperbot_controller/environment/pythonpath.dsv
[1.103s] -- Up-to-date: /home/isami/bumperbot_ws/install/bumperbot_controller/local/lib/python3.10/dist-packages/bumperbot_controller-0.0.0-py3.10.egg-info
[1.103s] -- Installing: /home/isami/bumperbot_ws/install/bumperbot_controller/local/lib/python3.10/dist-packages/bumperbot_controller-0.0.0-py3.10.egg-info/PKG-INFO
[1.104s] -- Installing: /home/isami/bumperbot_ws/install/bumperbot_controller/local/lib/python3.10/dist-packages/bumperbot_controller-0.0.0-py3.10.egg-info/dependency_links.txt
[1.104s] -- Installing: /home/isami/bumperbot_ws/install/bumperbot_controller/local/lib/python3.10/dist-packages/bumperbot_controller-0.0.0-py3.10.egg-info/top_level.txt
[1.104s] -- Installing: /home/isami/bumperbot_ws/install/bumperbot_controller/local/lib/python3.10/dist-packages/bumperbot_controller-0.0.0-py3.10.egg-info/SOURCES.txt
[1.104s] -- Up-to-date: /home/isami/bumperbot_ws/install/bumperbot_controller/local/lib/python3.10/dist-packages/bumperbot_controller
[1.105s] -- Up-to-date: /home/isami/bumperbot_ws/install/bumperbot_controller/local/lib/python3.10/dist-packages/bumperbot_controller/simple_controller.py
[1.105s] -- Up-to-date: /home/isami/bumperbot_ws/install/bumperbot_controller/local/lib/python3.10/dist-packages/bumperbot_controller/__init__.py
[1.105s] -- Up-to-date: /home/isami/bumperbot_ws/install/bumperbot_controller/local/lib/python3.10/dist-packages/bumperbot_controller/noisy_controller.py
[1.159s] Listing '/home/isami/bumperbot_ws/install/bumperbot_controller/local/lib/python3.10/dist-packages/bumperbot_controller'...
[1.165s] -- Up-to-date: /home/isami/bumperbot_ws/install/bumperbot_controller/share/bumperbot_controller/config
[1.166s] -- Up-to-date: /home/isami/bumperbot_ws/install/bumperbot_controller/share/bumperbot_controller/config/joy_config.yaml
[1.166s] -- Up-to-date: /home/isami/bumperbot_ws/install/bumperbot_controller/share/bumperbot_controller/config/joy_teleop.yaml
[1.166s] -- Up-to-date: /home/isami/bumperbot_ws/install/bumperbot_controller/share/bumperbot_controller/config/bumperbot_controllers.yaml
[1.167s] -- Up-to-date: /home/isami/bumperbot_ws/install/bumperbot_controller/share/bumperbot_controller/launch
[1.167s] -- Installing: /home/isami/bumperbot_ws/install/bumperbot_controller/share/bumperbot_controller/launch/controller.launch.py
[1.167s] -- Up-to-date: /home/isami/bumperbot_ws/install/bumperbot_controller/share/bumperbot_controller/launch/joystick_teleop_launch.py
[1.168s] -- Up-to-date: /home/isami/bumperbot_ws/install/bumperbot_controller/lib/bumperbot_controller/simple_controller.py
[1.168s] -- Up-to-date: /home/isami/bumperbot_ws/install/bumperbot_controller/lib/bumperbot_controller/noisy_controller.py
[1.169s] -- Up-to-date: /home/isami/bumperbot_ws/install/bumperbot_controller/share/ament_index/resource_index/package_run_dependencies/bumperbot_controller
[1.170s] -- Up-to-date: /home/isami/bumperbot_ws/install/bumperbot_controller/share/ament_index/resource_index/parent_prefix_path/bumperbot_controller
[1.170s] -- Up-to-date: /home/isami/bumperbot_ws/install/bumperbot_controller/share/bumperbot_controller/environment/ament_prefix_path.sh
[1.170s] -- Up-to-date: /home/isami/bumperbot_ws/install/bumperbot_controller/share/bumperbot_controller/environment/ament_prefix_path.dsv
[1.170s] -- Up-to-date: /home/isami/bumperbot_ws/install/bumperbot_controller/share/bumperbot_controller/environment/path.sh
[1.170s] -- Up-to-date: /home/isami/bumperbot_ws/install/bumperbot_controller/share/bumperbot_controller/environment/path.dsv
[1.170s] -- Up-to-date: /home/isami/bumperbot_ws/install/bumperbot_controller/share/bumperbot_controller/local_setup.bash
[1.170s] -- Up-to-date: /home/isami/bumperbot_ws/install/bumperbot_controller/share/bumperbot_controller/local_setup.sh
[1.170s] -- Up-to-date: /home/isami/bumperbot_ws/install/bumperbot_controller/share/bumperbot_controller/local_setup.zsh
[1.170s] -- Up-to-date: /home/isami/bumperbot_ws/install/bumperbot_controller/share/bumperbot_controller/local_setup.dsv
[1.171s] -- Up-to-date: /home/isami/bumperbot_ws/install/bumperbot_controller/share/bumperbot_controller/package.dsv
[1.171s] -- Up-to-date: /home/isami/bumperbot_ws/install/bumperbot_controller/share/ament_index/resource_index/packages/bumperbot_controller
[1.172s] -- Up-to-date: /home/isami/bumperbot_ws/install/bumperbot_controller/share/bumperbot_controller/cmake/bumperbot_controllerConfig.cmake
[1.172s] -- Up-to-date: /home/isami/bumperbot_ws/install/bumperbot_controller/share/bumperbot_controller/cmake/bumperbot_controllerConfig-version.cmake
[1.172s] -- Up-to-date: /home/isami/bumperbot_ws/install/bumperbot_controller/share/bumperbot_controller/package.xml
[1.174s] Invoked command in '/home/isami/bumperbot_ws/build/bumperbot_controller' returned '0': CMAKE_PREFIX_PATH=/opt/ros/humble /usr/bin/cmake --install /home/isami/bumperbot_ws/build/bumperbot_controller
