[0.023s] Invoking command in '/home/isami/bumperbot_ws/build/bumperbot_controller': CMAKE_PREFIX_PATH=/opt/ros/humble /usr/bin/cmake --build /home/isami/bumperbot_ws/build/bumperbot_controller -- -j3 -l3
[0.130s] Built target ament_cmake_python_copy_bumperbot_controller
[0.472s] running egg_info
[0.473s] writing bumperbot_controller.egg-info/PKG-INFO
[0.473s] writing dependency_links to bumperbot_controller.egg-info/dependency_links.txt
[0.473s] writing top-level names to bumperbot_controller.egg-info/top_level.txt
[0.479s] reading manifest file 'bumperbot_controller.egg-info/SOURCES.txt'
[0.480s] writing manifest file 'bumperbot_controller.egg-info/SOURCES.txt'
[0.534s] Built target ament_cmake_python_build_bumperbot_controller_egg
[0.551s] Invoked command in '/home/isami/bumperbot_ws/build/bumperbot_controller' returned '0': CMAKE_PREFIX_PATH=/opt/ros/humble /usr/bin/cmake --build /home/isami/bumperbot_ws/build/bumperbot_controller -- -j3 -l3
[0.587s] Invoking command in '/home/isami/bumperbot_ws/build/bumperbot_controller': CMAKE_PREFIX_PATH=/opt/ros/humble /usr/bin/cmake --install /home/isami/bumperbot_ws/build/bumperbot_controller
[0.599s] -- Install configuration: ""
[0.599s] -- Up-to-date: /home/isami/bumperbot_ws/install/bumperbot_controller/share/bumperbot_controller/environment/pythonpath.sh
[0.599s] -- Up-to-date: /home/isami/bumperbot_ws/install/bumperbot_controller/share/bumperbot_controller/environment/pythonpath.dsv
[0.602s] -- Up-to-date: /home/isami/bumperbot_ws/install/bumperbot_controller/local/lib/python3.10/dist-packages/bumperbot_controller-0.0.0-py3.10.egg-info
[0.602s] -- Installing: /home/isami/bumperbot_ws/install/bumperbot_controller/local/lib/python3.10/dist-packages/bumperbot_controller-0.0.0-py3.10.egg-info/PKG-INFO
[0.602s] -- Installing: /home/isami/bumperbot_ws/install/bumperbot_controller/local/lib/python3.10/dist-packages/bumperbot_controller-0.0.0-py3.10.egg-info/dependency_links.txt
[0.602s] -- Installing: /home/isami/bumperbot_ws/install/bumperbot_controller/local/lib/python3.10/dist-packages/bumperbot_controller-0.0.0-py3.10.egg-info/top_level.txt
[0.602s] -- Installing: /home/isami/bumperbot_ws/install/bumperbot_controller/local/lib/python3.10/dist-packages/bumperbot_controller-0.0.0-py3.10.egg-info/SOURCES.txt
[0.602s] -- Up-to-date: /home/isami/bumperbot_ws/install/bumperbot_controller/local/lib/python3.10/dist-packages/bumperbot_controller
[0.602s] -- Up-to-date: /home/isami/bumperbot_ws/install/bumperbot_controller/local/lib/python3.10/dist-packages/bumperbot_controller/simple_controller.py
[0.602s] -- Up-to-date: /home/isami/bumperbot_ws/install/bumperbot_controller/local/lib/python3.10/dist-packages/bumperbot_controller/__init__.py
[0.602s] -- Up-to-date: /home/isami/bumperbot_ws/install/bumperbot_controller/local/lib/python3.10/dist-packages/bumperbot_controller/noisy_controller.py
[0.648s] Listing '/home/isami/bumperbot_ws/install/bumperbot_controller/local/lib/python3.10/dist-packages/bumperbot_controller'...
[0.653s] -- Up-to-date: /home/isami/bumperbot_ws/install/bumperbot_controller/share/bumperbot_controller/config
[0.653s] -- Up-to-date: /home/isami/bumperbot_ws/install/bumperbot_controller/share/bumperbot_controller/config/joy_config.yaml
[0.653s] -- Up-to-date: /home/isami/bumperbot_ws/install/bumperbot_controller/share/bumperbot_controller/config/joy_teleop.yaml
[0.653s] -- Up-to-date: /home/isami/bumperbot_ws/install/bumperbot_controller/share/bumperbot_controller/config/bumperbot_controllers.yaml
[0.653s] -- Up-to-date: /home/isami/bumperbot_ws/install/bumperbot_controller/share/bumperbot_controller/launch
[0.653s] -- Up-to-date: /home/isami/bumperbot_ws/install/bumperbot_controller/share/bumperbot_controller/launch/controller.launch.py
[0.653s] -- Up-to-date: /home/isami/bumperbot_ws/install/bumperbot_controller/share/bumperbot_controller/launch/joystick_teleop_launch.py
[0.654s] -- Up-to-date: /home/isami/bumperbot_ws/install/bumperbot_controller/lib/bumperbot_controller/simple_controller.py
[0.654s] -- Up-to-date: /home/isami/bumperbot_ws/install/bumperbot_controller/lib/bumperbot_controller/noisy_controller.py
[0.654s] -- Up-to-date: /home/isami/bumperbot_ws/install/bumperbot_controller/share/ament_index/resource_index/package_run_dependencies/bumperbot_controller
[0.654s] -- Up-to-date: /home/isami/bumperbot_ws/install/bumperbot_controller/share/ament_index/resource_index/parent_prefix_path/bumperbot_controller
[0.654s] -- Up-to-date: /home/isami/bumperbot_ws/install/bumperbot_controller/share/bumperbot_controller/environment/ament_prefix_path.sh
[0.654s] -- Up-to-date: /home/isami/bumperbot_ws/install/bumperbot_controller/share/bumperbot_controller/environment/ament_prefix_path.dsv
[0.654s] -- Up-to-date: /home/isami/bumperbot_ws/install/bumperbot_controller/share/bumperbot_controller/environment/path.sh
[0.654s] -- Up-to-date: /home/isami/bumperbot_ws/install/bumperbot_controller/share/bumperbot_controller/environment/path.dsv
[0.654s] -- Up-to-date: /home/isami/bumperbot_ws/install/bumperbot_controller/share/bumperbot_controller/local_setup.bash
[0.654s] -- Up-to-date: /home/isami/bumperbot_ws/install/bumperbot_controller/share/bumperbot_controller/local_setup.sh
[0.654s] -- Up-to-date: /home/isami/bumperbot_ws/install/bumperbot_controller/share/bumperbot_controller/local_setup.zsh
[0.654s] -- Up-to-date: /home/isami/bumperbot_ws/install/bumperbot_controller/share/bumperbot_controller/local_setup.dsv
[0.655s] -- Installing: /home/isami/bumperbot_ws/install/bumperbot_controller/share/bumperbot_controller/package.dsv
[0.655s] -- Up-to-date: /home/isami/bumperbot_ws/install/bumperbot_controller/share/ament_index/resource_index/packages/bumperbot_controller
[0.655s] -- Up-to-date: /home/isami/bumperbot_ws/install/bumperbot_controller/share/bumperbot_controller/cmake/bumperbot_controllerConfig.cmake
[0.655s] -- Up-to-date: /home/isami/bumperbot_ws/install/bumperbot_controller/share/bumperbot_controller/cmake/bumperbot_controllerConfig-version.cmake
[0.655s] -- Up-to-date: /home/isami/bumperbot_ws/install/bumperbot_controller/share/bumperbot_controller/package.xml
[0.656s] Invoked command in '/home/isami/bumperbot_ws/build/bumperbot_controller' returned '0': CMAKE_PREFIX_PATH=/opt/ros/humble /usr/bin/cmake --install /home/isami/bumperbot_ws/build/bumperbot_controller
