[0.061s] Invoking command in '/home/isami/bumperbot_ws/build/bumperbot_description': /usr/bin/cmake /home/isami/bumperbot_ws/src/bumperbot_description -DCMAKE_INSTALL_PREFIX=/home/isami/bumperbot_ws/install/bumperbot_description
[0.084s] [31mCMake Error at CMakeLists.txt:9 (find_package):
[0.084s]   By not providing "Findament_cmake.cmake" in CMAKE_MODULE_PATH this project
[0.084s]   has asked CMake to find a package configuration file provided by
[0.084s]   "ament_cmake", but CMake did not find one.
[0.084s] 
[0.085s]   Could not find a package configuration file provided by "ament_cmake" with
[0.085s]   any of the following names:
[0.085s] 
[0.085s]     ament_cmakeConfig.cmake
[0.085s]     ament_cmake-config.cmake
[0.085s] 
[0.085s]   Add the installation prefix of "ament_cmake" to CMAKE_PREFIX_PATH or set
[0.085s]   "ament_cmake_DIR" to a directory containing one of the above files.  If
[0.085s]   "ament_cmake" provides a separate development package or SDK, be sure it
[0.085s]   has been installed.
[0.085s] 
[0.085s] [0m
[0.085s] -- Configuring incomplete, errors occurred!
[0.085s] See also "/home/isami/bumperbot_ws/build/bumperbot_description/CMakeFiles/CMakeOutput.log".
[0.279s] Invoked command in '/home/isami/bumperbot_ws/build/bumperbot_description' returned '1': /usr/bin/cmake /home/isami/bumperbot_ws/src/bumperbot_description -DCMAKE_INSTALL_PREFIX=/home/isami/bumperbot_ws/install/bumperbot_description
