[0.107s] Invoking command in '/home/isami/bumperbot_ws/build/bumperbot_cpp_examples': CMAKE_PREFIX_PATH=/opt/ros/humble /usr/bin/cmake /home/isami/bumperbot_ws/src/bumperbot_cpp_examples -DCMAKE_INSTALL_PREFIX=/home/isami/bumperbot_ws/install/bumperbot_cpp_examples
[0.417s] -- The C compiler identification is GNU 11.4.0
[0.615s] -- The CXX compiler identification is GNU 11.4.0
[0.650s] -- Detecting C compiler ABI info
[0.762s] -- Detecting C compiler ABI info - done
[0.769s] -- Check for working C compiler: /usr/bin/cc - skipped
[0.770s] -- Detecting C compile features
[0.773s] -- Detecting C compile features - done
[0.780s] -- Detecting CXX compiler ABI info
[0.895s] -- Detecting CXX compiler ABI info - done
[0.901s] -- Check for working CXX compiler: /usr/bin/c++ - skipped
[0.901s] -- Detecting CXX compile features
[0.901s] -- Detecting CXX compile features - done
[0.911s] -- Found ament_cmake: 1.3.8 (/opt/ros/humble/share/ament_cmake/cmake)
[1.106s] -- Found Python3: /usr/bin/python3 (found version "3.10.12") found components: Interpreter 
[1.286s] -- Found ament_lint_auto: 0.12.10 (/opt/ros/humble/share/ament_lint_auto/cmake)
[1.389s] -- Added test 'lint_cmake' to check CMake code style
[1.391s] -- Added test 'xmllint' to check XML markup files
[1.395s] -- Configuring done
[1.397s] -- Generating done
[1.398s] -- Build files have been written to: /home/isami/bumperbot_ws/build/bumperbot_cpp_examples
[1.402s] Invoked command in '/home/isami/bumperbot_ws/build/bumperbot_cpp_examples' returned '0': CMAKE_PREFIX_PATH=/opt/ros/humble /usr/bin/cmake /home/isami/bumperbot_ws/src/bumperbot_cpp_examples -DCMAKE_INSTALL_PREFIX=/home/isami/bumperbot_ws/install/bumperbot_cpp_examples
[1.404s] Invoking command in '/home/isami/bumperbot_ws/build/bumperbot_cpp_examples': CMAKE_PREFIX_PATH=/opt/ros/humble /usr/bin/cmake --build /home/isami/bumperbot_ws/build/bumperbot_cpp_examples -- -j3 -l3
[1.455s] Invoked command in '/home/isami/bumperbot_ws/build/bumperbot_cpp_examples' returned '0': CMAKE_PREFIX_PATH=/opt/ros/humble /usr/bin/cmake --build /home/isami/bumperbot_ws/build/bumperbot_cpp_examples -- -j3 -l3
[1.495s] Invoking command in '/home/isami/bumperbot_ws/build/bumperbot_cpp_examples': CMAKE_PREFIX_PATH=/opt/ros/humble /usr/bin/cmake --install /home/isami/bumperbot_ws/build/bumperbot_cpp_examples
[1.503s] -- Install configuration: ""
[1.504s] -- Installing: /home/isami/bumperbot_ws/install/bumperbot_cpp_examples/share/ament_index/resource_index/package_run_dependencies/bumperbot_cpp_examples
[1.504s] -- Installing: /home/isami/bumperbot_ws/install/bumperbot_cpp_examples/share/ament_index/resource_index/parent_prefix_path/bumperbot_cpp_examples
[1.504s] -- Installing: /home/isami/bumperbot_ws/install/bumperbot_cpp_examples/share/bumperbot_cpp_examples/environment/ament_prefix_path.sh
[1.504s] -- Installing: /home/isami/bumperbot_ws/install/bumperbot_cpp_examples/share/bumperbot_cpp_examples/environment/ament_prefix_path.dsv
[1.505s] -- Installing: /home/isami/bumperbot_ws/install/bumperbot_cpp_examples/share/bumperbot_cpp_examples/environment/path.sh
[1.505s] -- Installing: /home/isami/bumperbot_ws/install/bumperbot_cpp_examples/share/bumperbot_cpp_examples/environment/path.dsv
[1.505s] -- Installing: /home/isami/bumperbot_ws/install/bumperbot_cpp_examples/share/bumperbot_cpp_examples/local_setup.bash
[1.505s] -- Installing: /home/isami/bumperbot_ws/install/bumperbot_cpp_examples/share/bumperbot_cpp_examples/local_setup.sh
[1.505s] -- Installing: /home/isami/bumperbot_ws/install/bumperbot_cpp_examples/share/bumperbot_cpp_examples/local_setup.zsh
[1.505s] -- Installing: /home/isami/bumperbot_ws/install/bumperbot_cpp_examples/share/bumperbot_cpp_examples/local_setup.dsv
[1.506s] -- Installing: /home/isami/bumperbot_ws/install/bumperbot_cpp_examples/share/bumperbot_cpp_examples/package.dsv
[1.506s] -- Installing: /home/isami/bumperbot_ws/install/bumperbot_cpp_examples/share/ament_index/resource_index/packages/bumperbot_cpp_examples
[1.506s] -- Installing: /home/isami/bumperbot_ws/install/bumperbot_cpp_examples/share/bumperbot_cpp_examples/cmake/bumperbot_cpp_examplesConfig.cmake
[1.506s] -- Installing: /home/isami/bumperbot_ws/install/bumperbot_cpp_examples/share/bumperbot_cpp_examples/cmake/bumperbot_cpp_examplesConfig-version.cmake
[1.507s] -- Installing: /home/isami/bumperbot_ws/install/bumperbot_cpp_examples/share/bumperbot_cpp_examples/package.xml
[1.549s] Invoked command in '/home/isami/bumperbot_ws/build/bumperbot_cpp_examples' returned '0': CMAKE_PREFIX_PATH=/opt/ros/humble /usr/bin/cmake --install /home/isami/bumperbot_ws/build/bumperbot_cpp_examples
