[0.061s] Invoking command in '/home/isami/bumperbot_ws/build/bumperbot_description': CMAKE_PREFIX_PATH=/opt/ros/humble /usr/bin/cmake --build /home/isami/bumperbot_ws/build/bumperbot_description -- -j3 -l3
[0.099s] Invoked command in '/home/isami/bumperbot_ws/build/bumperbot_description' returned '0': CMAKE_PREFIX_PATH=/opt/ros/humble /usr/bin/cmake --build /home/isami/bumperbot_ws/build/bumperbot_description -- -j3 -l3
[0.133s] Invoking command in '/home/isami/bumperbot_ws/build/bumperbot_description': CMAKE_PREFIX_PATH=/opt/ros/humble /usr/bin/cmake --install /home/isami/bumperbot_ws/build/bumperbot_description
[0.144s] -- Install configuration: ""
[0.151s] -- Up-to-date: /home/isami/bumperbot_ws/install/bumperbot_description/share/bumperbot_description/meshes
[0.151s] -- Up-to-date: /home/isami/bumperbot_ws/install/bumperbot_description/share/bumperbot_description/meshes/caster_front_link.STL
[0.151s] -- Up-to-date: /home/isami/bumperbot_ws/install/bumperbot_description/share/bumperbot_description/meshes/imu_link.STL
[0.151s] -- Up-to-date: /home/isami/bumperbot_ws/install/bumperbot_description/share/bumperbot_description/meshes/can.STL
[0.152s] -- Up-to-date: /home/isami/bumperbot_ws/install/bumperbot_description/share/bumperbot_description/meshes/wheel_left_link.STL
[0.152s] -- Up-to-date: /home/isami/bumperbot_ws/install/bumperbot_description/share/bumperbot_description/meshes/caster_rear_link.STL
[0.152s] -- Up-to-date: /home/isami/bumperbot_ws/install/bumperbot_description/share/bumperbot_description/meshes/wheel_right_link.STL
[0.152s] -- Up-to-date: /home/isami/bumperbot_ws/install/bumperbot_description/share/bumperbot_description/meshes/base_link.STL
[0.152s] -- Up-to-date: /home/isami/bumperbot_ws/install/bumperbot_description/share/bumperbot_description/urdf
[0.152s] -- Up-to-date: /home/isami/bumperbot_ws/install/bumperbot_description/share/bumperbot_description/urdf/bumperbot_ros2_control.xacro
[0.152s] -- Up-to-date: /home/isami/bumperbot_ws/install/bumperbot_description/share/bumperbot_description/urdf/bumperbot.urdf.xacro
[0.152s] -- Up-to-date: /home/isami/bumperbot_ws/install/bumperbot_description/share/bumperbot_description/urdf/bumperbot_gazebo.xacro
[0.152s] -- Up-to-date: /home/isami/bumperbot_ws/install/bumperbot_description/share/bumperbot_description/urdf/bumperbot_with_can.txt
[0.152s] -- Up-to-date: /home/isami/bumperbot_ws/install/bumperbot_description/share/bumperbot_description/launch
[0.152s] -- Up-to-date: /home/isami/bumperbot_ws/install/bumperbot_description/share/bumperbot_description/launch/display.launch.py
[0.152s] -- Up-to-date: /home/isami/bumperbot_ws/install/bumperbot_description/share/bumperbot_description/launch/gazebo.launch.py
[0.152s] -- Up-to-date: /home/isami/bumperbot_ws/install/bumperbot_description/share/bumperbot_description/rviz
[0.152s] -- Up-to-date: /home/isami/bumperbot_ws/install/bumperbot_description/share/bumperbot_description/rviz/sami.txt
[0.153s] -- Up-to-date: /home/isami/bumperbot_ws/install/bumperbot_description/share/bumperbot_description/rviz/display.rviz
[0.153s] -- Up-to-date: /home/isami/bumperbot_ws/install/bumperbot_description/share/bumperbot_description/models
[0.153s] -- Up-to-date: /home/isami/bumperbot_ws/install/bumperbot_description/share/bumperbot_description/models/ground_plane
[0.153s] -- Up-to-date: /home/isami/bumperbot_ws/install/bumperbot_description/share/bumperbot_description/models/ground_plane/model-1_3.sdf
[0.153s] -- Up-to-date: /home/isami/bumperbot_ws/install/bumperbot_description/share/bumperbot_description/models/ground_plane/model.config
[0.153s] -- Up-to-date: /home/isami/bumperbot_ws/install/bumperbot_description/share/bumperbot_description/models/ground_plane/model-1_2.sdf
[0.153s] -- Up-to-date: /home/isami/bumperbot_ws/install/bumperbot_description/share/bumperbot_description/models/ground_plane/model-1_4.sdf
[0.153s] -- Up-to-date: /home/isami/bumperbot_ws/install/bumperbot_description/share/bumperbot_description/models/ground_plane/model.sdf
[0.153s] -- Up-to-date: /home/isami/bumperbot_ws/install/bumperbot_description/share/bumperbot_description/models/sun
[0.153s] -- Up-to-date: /home/isami/bumperbot_ws/install/bumperbot_description/share/bumperbot_description/models/sun/model-1_3.sdf
[0.153s] -- Up-to-date: /home/isami/bumperbot_ws/install/bumperbot_description/share/bumperbot_description/models/sun/model.config
[0.154s] -- Up-to-date: /home/isami/bumperbot_ws/install/bumperbot_description/share/bumperbot_description/models/sun/model-1_2.sdf
[0.154s] -- Up-to-date: /home/isami/bumperbot_ws/install/bumperbot_description/share/bumperbot_description/models/sun/model-1_4.sdf
[0.154s] -- Up-to-date: /home/isami/bumperbot_ws/install/bumperbot_description/share/bumperbot_description/models/sun/model.sdf
[0.154s] -- Up-to-date: /home/isami/bumperbot_ws/install/bumperbot_description/share/ament_index/resource_index/package_run_dependencies/bumperbot_description
[0.154s] -- Up-to-date: /home/isami/bumperbot_ws/install/bumperbot_description/share/ament_index/resource_index/parent_prefix_path/bumperbot_description
[0.171s] -- Up-to-date: /home/isami/bumperbot_ws/install/bumperbot_description/share/bumperbot_description/environment/ament_prefix_path.sh
[0.172s] -- Up-to-date: /home/isami/bumperbot_ws/install/bumperbot_description/share/bumperbot_description/environment/ament_prefix_path.dsv
[0.174s] -- Up-to-date: /home/isami/bumperbot_ws/install/bumperbot_description/share/bumperbot_description/environment/path.sh
[0.175s] -- Up-to-date: /home/isami/bumperbot_ws/install/bumperbot_description/share/bumperbot_description/environment/path.dsv
[0.176s] -- Up-to-date: /home/isami/bumperbot_ws/install/bumperbot_description/share/bumperbot_description/local_setup.bash
[0.177s] -- Up-to-date: /home/isami/bumperbot_ws/install/bumperbot_description/share/bumperbot_description/local_setup.sh
[0.179s] -- Up-to-date: /home/isami/bumperbot_ws/install/bumperbot_description/share/bumperbot_description/local_setup.zsh
[0.180s] -- Up-to-date: /home/isami/bumperbot_ws/install/bumperbot_description/share/bumperbot_description/local_setup.dsv
[0.180s] -- Installing: /home/isami/bumperbot_ws/install/bumperbot_description/share/bumperbot_description/package.dsv
[0.181s] -- Up-to-date: /home/isami/bumperbot_ws/install/bumperbot_description/share/ament_index/resource_index/packages/bumperbot_description
[0.182s] -- Up-to-date: /home/isami/bumperbot_ws/install/bumperbot_description/share/bumperbot_description/cmake/bumperbot_descriptionConfig.cmake
[0.183s] -- Up-to-date: /home/isami/bumperbot_ws/install/bumperbot_description/share/bumperbot_description/cmake/bumperbot_descriptionConfig-version.cmake
[0.184s] -- Up-to-date: /home/isami/bumperbot_ws/install/bumperbot_description/share/bumperbot_description/package.xml
[0.226s] Invoked command in '/home/isami/bumperbot_ws/build/bumperbot_description' returned '0': CMAKE_PREFIX_PATH=/opt/ros/humble /usr/bin/cmake --install /home/isami/bumperbot_ws/build/bumperbot_description
