[1.916s] DEBUG:colcon:Command line arguments: ['/usr/bin/colcon', 'list', '-p', '--base-paths', '/home/isami/bumperbot_ws']
[1.916s] DEBUG:colcon:Parsed command line arguments: Namespace(log_base=None, log_level=None, verb_name='list', build_base='build', ignore_user_meta=False, metas=['./colcon.meta'], base_paths=['/home/isami/bumperbot_ws'], packages_ignore=None, packages_ignore_regex=None, paths=None, packages_up_to=None, packages_up_to_regex=None, packages_above=None, packages_above_and_dependencies=None, packages_above_depth=None, packages_select_by_dep=None, packages_skip_by_dep=None, packages_skip_up_to=None, packages_select_build_failed=False, packages_skip_build_finished=False, packages_select_test_failures=False, packages_skip_test_passed=False, packages_select=None, packages_skip=None, packages_select_regex=None, packages_skip_regex=None, packages_start=None, packages_end=None, allow_overriding=[], topological_order=False, names_only=False, paths_only=True, topological_graph=False, topological_graph_dot=False, topological_graph_density=False, topological_graph_legend=False, topological_graph_dot_cluster=False, topological_graph_dot_include_skipped=False, verb_parser=<colcon_defaults.argument_parser.defaults.DefaultArgumentsDecorator object at 0x7c6ea2962320>, verb_extension=<colcon_package_information.verb.list.ListVerb object at 0x7c6ea28eca00>, main=<bound method ListVerb.main of <colcon_package_information.verb.list.ListVerb object at 0x7c6ea28eca00>>)
[1.994s] Level 1:colcon.colcon_core.package_discovery:discover_packages(colcon_meta) check parameters
[1.994s] Level 1:colcon.colcon_core.package_discovery:discover_packages(recursive) check parameters
[1.994s] Level 1:colcon.colcon_core.package_discovery:discover_packages(ignore) check parameters
[1.994s] Level 1:colcon.colcon_core.package_discovery:discover_packages(path) check parameters
[1.994s] Level 1:colcon.colcon_core.package_discovery:discover_packages(recursive) discover
[1.994s] INFO:colcon.colcon_core.package_discovery:Crawling recursively for packages in '/home/isami/bumperbot_ws'
[1.994s] Level 1:colcon.colcon_core.package_identification:_identify(/home/isami/bumperbot_ws) by extensions ['ignore', 'ignore_ament_install']
[1.994s] Level 1:colcon.colcon_core.package_identification:_identify(/home/isami/bumperbot_ws) by extension 'ignore'
[1.994s] Level 1:colcon.colcon_core.package_identification:_identify(/home/isami/bumperbot_ws) by extension 'ignore_ament_install'
[1.994s] Level 1:colcon.colcon_core.package_identification:_identify(/home/isami/bumperbot_ws) by extensions ['colcon_pkg']
[1.994s] Level 1:colcon.colcon_core.package_identification:_identify(/home/isami/bumperbot_ws) by extension 'colcon_pkg'
[1.994s] Level 1:colcon.colcon_core.package_identification:_identify(/home/isami/bumperbot_ws) by extensions ['colcon_meta']
[1.994s] Level 1:colcon.colcon_core.package_identification:_identify(/home/isami/bumperbot_ws) by extension 'colcon_meta'
[1.995s] Level 1:colcon.colcon_core.package_identification:_identify(/home/isami/bumperbot_ws) by extensions ['ros']
[1.995s] Level 1:colcon.colcon_core.package_identification:_identify(/home/isami/bumperbot_ws) by extension 'ros'
[2.015s] Level 1:colcon.colcon_core.package_identification:_identify(/home/isami/bumperbot_ws) by extensions ['cmake', 'python']
[2.015s] Level 1:colcon.colcon_core.package_identification:_identify(/home/isami/bumperbot_ws) by extension 'cmake'
[2.015s] Level 1:colcon.colcon_core.package_identification:_identify(/home/isami/bumperbot_ws) by extension 'python'
[2.015s] Level 1:colcon.colcon_core.package_identification:_identify(/home/isami/bumperbot_ws) by extensions ['python_setup_py']
[2.015s] Level 1:colcon.colcon_core.package_identification:_identify(/home/isami/bumperbot_ws) by extension 'python_setup_py'
[2.015s] Level 1:colcon.colcon_core.package_identification:_identify(/home/isami/bumperbot_ws/build) by extensions ['ignore', 'ignore_ament_install']
[2.015s] Level 1:colcon.colcon_core.package_identification:_identify(/home/isami/bumperbot_ws/build) by extension 'ignore'
[2.015s] Level 1:colcon.colcon_core.package_identification:_identify(/home/isami/bumperbot_ws/build) ignored
[2.015s] Level 1:colcon.colcon_core.package_identification:_identify(/home/isami/bumperbot_ws/install) by extensions ['ignore', 'ignore_ament_install']
[2.015s] Level 1:colcon.colcon_core.package_identification:_identify(/home/isami/bumperbot_ws/install) by extension 'ignore'
[2.015s] Level 1:colcon.colcon_core.package_identification:_identify(/home/isami/bumperbot_ws/install) ignored
[2.016s] Level 1:colcon.colcon_core.package_identification:_identify(/home/isami/bumperbot_ws/log) by extensions ['ignore', 'ignore_ament_install']
[2.016s] Level 1:colcon.colcon_core.package_identification:_identify(/home/isami/bumperbot_ws/log) by extension 'ignore'
[2.016s] Level 1:colcon.colcon_core.package_identification:_identify(/home/isami/bumperbot_ws/log) ignored
[2.016s] Level 1:colcon.colcon_core.package_identification:_identify(/home/isami/bumperbot_ws/src) by extensions ['ignore', 'ignore_ament_install']
[2.016s] Level 1:colcon.colcon_core.package_identification:_identify(/home/isami/bumperbot_ws/src) by extension 'ignore'
[2.016s] Level 1:colcon.colcon_core.package_identification:_identify(/home/isami/bumperbot_ws/src) by extension 'ignore_ament_install'
[2.016s] Level 1:colcon.colcon_core.package_identification:_identify(/home/isami/bumperbot_ws/src) by extensions ['colcon_pkg']
[2.016s] Level 1:colcon.colcon_core.package_identification:_identify(/home/isami/bumperbot_ws/src) by extension 'colcon_pkg'
[2.016s] Level 1:colcon.colcon_core.package_identification:_identify(/home/isami/bumperbot_ws/src) by extensions ['colcon_meta']
[2.016s] Level 1:colcon.colcon_core.package_identification:_identify(/home/isami/bumperbot_ws/src) by extension 'colcon_meta'
[2.016s] Level 1:colcon.colcon_core.package_identification:_identify(/home/isami/bumperbot_ws/src) by extensions ['ros']
[2.016s] Level 1:colcon.colcon_core.package_identification:_identify(/home/isami/bumperbot_ws/src) by extension 'ros'
[2.016s] Level 1:colcon.colcon_core.package_identification:_identify(/home/isami/bumperbot_ws/src) by extensions ['cmake', 'python']
[2.016s] Level 1:colcon.colcon_core.package_identification:_identify(/home/isami/bumperbot_ws/src) by extension 'cmake'
[2.016s] Level 1:colcon.colcon_core.package_identification:_identify(/home/isami/bumperbot_ws/src) by extension 'python'
[2.016s] Level 1:colcon.colcon_core.package_identification:_identify(/home/isami/bumperbot_ws/src) by extensions ['python_setup_py']
[2.016s] Level 1:colcon.colcon_core.package_identification:_identify(/home/isami/bumperbot_ws/src) by extension 'python_setup_py'
[2.016s] Level 1:colcon.colcon_core.package_identification:_identify(/home/isami/bumperbot_ws/src/bumperbot_controller) by extensions ['ignore', 'ignore_ament_install']
[2.017s] Level 1:colcon.colcon_core.package_identification:_identify(/home/isami/bumperbot_ws/src/bumperbot_controller) by extension 'ignore'
[2.017s] Level 1:colcon.colcon_core.package_identification:_identify(/home/isami/bumperbot_ws/src/bumperbot_controller) by extension 'ignore_ament_install'
[2.017s] Level 1:colcon.colcon_core.package_identification:_identify(/home/isami/bumperbot_ws/src/bumperbot_controller) by extensions ['colcon_pkg']
[2.017s] Level 1:colcon.colcon_core.package_identification:_identify(/home/isami/bumperbot_ws/src/bumperbot_controller) by extension 'colcon_pkg'
[2.017s] Level 1:colcon.colcon_core.package_identification:_identify(/home/isami/bumperbot_ws/src/bumperbot_controller) by extensions ['colcon_meta']
[2.017s] Level 1:colcon.colcon_core.package_identification:_identify(/home/isami/bumperbot_ws/src/bumperbot_controller) by extension 'colcon_meta'
[2.017s] Level 1:colcon.colcon_core.package_identification:_identify(/home/isami/bumperbot_ws/src/bumperbot_controller) by extensions ['ros']
[2.017s] Level 1:colcon.colcon_core.package_identification:_identify(/home/isami/bumperbot_ws/src/bumperbot_controller) by extension 'ros'
[2.019s] DEBUG:colcon.colcon_core.package_identification:Package '/home/isami/bumperbot_ws/src/bumperbot_controller' with type 'ros.ament_cmake' and name 'bumperbot_controller'
[2.020s] Level 1:colcon.colcon_core.package_identification:_identify(/home/isami/bumperbot_ws/src/bumperbot_cpp_examples) by extensions ['ignore', 'ignore_ament_install']
[2.020s] Level 1:colcon.colcon_core.package_identification:_identify(/home/isami/bumperbot_ws/src/bumperbot_cpp_examples) by extension 'ignore'
[2.020s] Level 1:colcon.colcon_core.package_identification:_identify(/home/isami/bumperbot_ws/src/bumperbot_cpp_examples) by extension 'ignore_ament_install'
[2.020s] Level 1:colcon.colcon_core.package_identification:_identify(/home/isami/bumperbot_ws/src/bumperbot_cpp_examples) by extensions ['colcon_pkg']
[2.020s] Level 1:colcon.colcon_core.package_identification:_identify(/home/isami/bumperbot_ws/src/bumperbot_cpp_examples) by extension 'colcon_pkg'
[2.020s] Level 1:colcon.colcon_core.package_identification:_identify(/home/isami/bumperbot_ws/src/bumperbot_cpp_examples) by extensions ['colcon_meta']
[2.020s] Level 1:colcon.colcon_core.package_identification:_identify(/home/isami/bumperbot_ws/src/bumperbot_cpp_examples) by extension 'colcon_meta'
[2.020s] Level 1:colcon.colcon_core.package_identification:_identify(/home/isami/bumperbot_ws/src/bumperbot_cpp_examples) by extensions ['ros']
[2.020s] Level 1:colcon.colcon_core.package_identification:_identify(/home/isami/bumperbot_ws/src/bumperbot_cpp_examples) by extension 'ros'
[2.028s] DEBUG:colcon.colcon_core.package_identification:Package '/home/isami/bumperbot_ws/src/bumperbot_cpp_examples' with type 'ros.ament_cmake' and name 'bumperbot_cpp_examples'
[2.028s] Level 1:colcon.colcon_core.package_identification:_identify(/home/isami/bumperbot_ws/src/bumperbot_description) by extensions ['ignore', 'ignore_ament_install']
[2.028s] Level 1:colcon.colcon_core.package_identification:_identify(/home/isami/bumperbot_ws/src/bumperbot_description) by extension 'ignore'
[2.029s] Level 1:colcon.colcon_core.package_identification:_identify(/home/isami/bumperbot_ws/src/bumperbot_description) by extension 'ignore_ament_install'
[2.029s] Level 1:colcon.colcon_core.package_identification:_identify(/home/isami/bumperbot_ws/src/bumperbot_description) by extensions ['colcon_pkg']
[2.029s] Level 1:colcon.colcon_core.package_identification:_identify(/home/isami/bumperbot_ws/src/bumperbot_description) by extension 'colcon_pkg'
[2.029s] Level 1:colcon.colcon_core.package_identification:_identify(/home/isami/bumperbot_ws/src/bumperbot_description) by extensions ['colcon_meta']
[2.029s] Level 1:colcon.colcon_core.package_identification:_identify(/home/isami/bumperbot_ws/src/bumperbot_description) by extension 'colcon_meta'
[2.029s] Level 1:colcon.colcon_core.package_identification:_identify(/home/isami/bumperbot_ws/src/bumperbot_description) by extensions ['ros']
[2.029s] Level 1:colcon.colcon_core.package_identification:_identify(/home/isami/bumperbot_ws/src/bumperbot_description) by extension 'ros'
[2.029s] DEBUG:colcon.colcon_core.package_identification:Package '/home/isami/bumperbot_ws/src/bumperbot_description' with type 'ros.ament_cmake' and name 'bumperbot_description'
[2.030s] Level 1:colcon.colcon_core.package_identification:_identify(/home/isami/bumperbot_ws/src/bumperbot_py_examples) by extensions ['ignore', 'ignore_ament_install']
[2.030s] Level 1:colcon.colcon_core.package_identification:_identify(/home/isami/bumperbot_ws/src/bumperbot_py_examples) by extension 'ignore'
[2.030s] Level 1:colcon.colcon_core.package_identification:_identify(/home/isami/bumperbot_ws/src/bumperbot_py_examples) by extension 'ignore_ament_install'
[2.030s] Level 1:colcon.colcon_core.package_identification:_identify(/home/isami/bumperbot_ws/src/bumperbot_py_examples) by extensions ['colcon_pkg']
[2.030s] Level 1:colcon.colcon_core.package_identification:_identify(/home/isami/bumperbot_ws/src/bumperbot_py_examples) by extension 'colcon_pkg'
[2.030s] Level 1:colcon.colcon_core.package_identification:_identify(/home/isami/bumperbot_ws/src/bumperbot_py_examples) by extensions ['colcon_meta']
[2.030s] Level 1:colcon.colcon_core.package_identification:_identify(/home/isami/bumperbot_ws/src/bumperbot_py_examples) by extension 'colcon_meta'
[2.030s] Level 1:colcon.colcon_core.package_identification:_identify(/home/isami/bumperbot_ws/src/bumperbot_py_examples) by extensions ['ros']
[2.030s] Level 1:colcon.colcon_core.package_identification:_identify(/home/isami/bumperbot_ws/src/bumperbot_py_examples) by extension 'ros'
[2.030s] DEBUG:colcon.colcon_core.package_identification:Package '/home/isami/bumperbot_ws/src/bumperbot_py_examples' with type 'ros.ament_python' and name 'bumperbot_py_examples'
[2.030s] Level 1:colcon.colcon_core.package_discovery:discover_packages(recursive) using defaults
