[1.157s] Invoking command in '/home/isami/bumperbot_ws/src/bumperbot_py_examples': PYTHONPATH=/home/isami/bumperbot_ws/build/bumperbot_py_examples/prefix_override:/home/isami/bumperbot_ws/install/bumperbot_py_examples/lib/python3.10/site-packages:${PYTHONPATH} /usr/bin/python3 setup.py egg_info --egg-base ../../build/bumperbot_py_examples build --build-base /home/isami/bumperbot_ws/build/bumperbot_py_examples/build install --record /home/isami/bumperbot_ws/build/bumperbot_py_examples/install.log --single-version-externally-managed
[1.382s] running egg_info
[1.382s] creating ../../build/bumperbot_py_examples/bumperbot_py_examples.egg-info
[1.382s] writing ../../build/bumperbot_py_examples/bumperbot_py_examples.egg-info/PKG-INFO
[1.383s] writing dependency_links to ../../build/bumperbot_py_examples/bumperbot_py_examples.egg-info/dependency_links.txt
[1.383s] writing entry points to ../../build/bumperbot_py_examples/bumperbot_py_examples.egg-info/entry_points.txt
[1.383s] writing requirements to ../../build/bumperbot_py_examples/bumperbot_py_examples.egg-info/requires.txt
[1.383s] writing top-level names to ../../build/bumperbot_py_examples/bumperbot_py_examples.egg-info/top_level.txt
[1.383s] writing manifest file '../../build/bumperbot_py_examples/bumperbot_py_examples.egg-info/SOURCES.txt'
[1.384s] reading manifest file '../../build/bumperbot_py_examples/bumperbot_py_examples.egg-info/SOURCES.txt'
[1.385s] writing manifest file '../../build/bumperbot_py_examples/bumperbot_py_examples.egg-info/SOURCES.txt'
[1.385s] running build
[1.385s] running build_py
[1.385s] creating /home/isami/bumperbot_ws/build/bumperbot_py_examples/build
[1.386s] creating /home/isami/bumperbot_ws/build/bumperbot_py_examples/build/lib
[1.386s] creating /home/isami/bumperbot_ws/build/bumperbot_py_examples/build/lib/bumperbot_py_examples
[1.386s] copying bumperbot_py_examples/__init__.py -> /home/isami/bumperbot_ws/build/bumperbot_py_examples/build/lib/bumperbot_py_examples
[1.386s] running install
[1.387s] /usr/lib/python3/dist-packages/setuptools/command/install.py:34: SetuptoolsDeprecationWarning: setup.py install is deprecated. Use build and pip and other standards-based tools.
[1.387s]   warnings.warn(
[1.387s] running install_lib
[1.388s] creating /home/isami/bumperbot_ws/install/bumperbot_py_examples/lib/python3.10/site-packages/bumperbot_py_examples
[1.399s] copying /home/isami/bumperbot_ws/build/bumperbot_py_examples/build/lib/bumperbot_py_examples/__init__.py -> /home/isami/bumperbot_ws/install/bumperbot_py_examples/lib/python3.10/site-packages/bumperbot_py_examples
[1.399s] byte-compiling /home/isami/bumperbot_ws/install/bumperbot_py_examples/lib/python3.10/site-packages/bumperbot_py_examples/__init__.py to __init__.cpython-310.pyc
[1.399s] running install_data
[1.399s] creating /home/isami/bumperbot_ws/install/bumperbot_py_examples/share/ament_index
[1.399s] creating /home/isami/bumperbot_ws/install/bumperbot_py_examples/share/ament_index/resource_index
[1.400s] creating /home/isami/bumperbot_ws/install/bumperbot_py_examples/share/ament_index/resource_index/packages
[1.400s] copying resource/bumperbot_py_examples -> /home/isami/bumperbot_ws/install/bumperbot_py_examples/share/ament_index/resource_index/packages
[1.400s] copying package.xml -> /home/isami/bumperbot_ws/install/bumperbot_py_examples/share/bumperbot_py_examples
[1.400s] running install_egg_info
[1.400s] Copying ../../build/bumperbot_py_examples/bumperbot_py_examples.egg-info to /home/isami/bumperbot_ws/install/bumperbot_py_examples/lib/python3.10/site-packages/bumperbot_py_examples-0.0.0-py3.10.egg-info
[1.400s] running install_scripts
[1.416s] writing list of installed files to '/home/isami/bumperbot_ws/build/bumperbot_py_examples/install.log'
[1.451s] Invoked command in '/home/isami/bumperbot_ws/src/bumperbot_py_examples' returned '0': PYTHONPATH=/home/isami/bumperbot_ws/build/bumperbot_py_examples/prefix_override:/home/isami/bumperbot_ws/install/bumperbot_py_examples/lib/python3.10/site-packages:${PYTHONPATH} /usr/bin/python3 setup.py egg_info --egg-base ../../build/bumperbot_py_examples build --build-base /home/isami/bumperbot_ws/build/bumperbot_py_examples/build install --record /home/isami/bumperbot_ws/build/bumperbot_py_examples/install.log --single-version-externally-managed
