[0.132s] Invoking command in '/home/isami/bumperbot_ws/build/bumperbot_description': CMAKE_PREFIX_PATH=/opt/ros/humble /usr/bin/cmake --build /home/isami/bumperbot_ws/build/bumperbot_description -- -j3 -l3
[0.597s] Invoked command in '/home/isami/bumperbot_ws/build/bumperbot_description' returned '0': CMAKE_PREFIX_PATH=/opt/ros/humble /usr/bin/cmake --build /home/isami/bumperbot_ws/build/bumperbot_description -- -j3 -l3
[0.645s] Invoking command in '/home/isami/bumperbot_ws/build/bumperbot_description': CMAKE_PREFIX_PATH=/opt/ros/humble /usr/bin/cmake --install /home/isami/bumperbot_ws/build/bumperbot_description
[0.666s] -- Install configuration: ""
[0.667s] -- Up-to-date: /home/isami/bumperbot_ws/install/bumperbot_description/share/bumperbot_description/meshes
[0.667s] -- Up-to-date: /home/isami/bumperbot_ws/install/bumperbot_description/share/bumperbot_description/meshes/caster_front_link.STL
[0.668s] -- Up-to-date: /home/isami/bumperbot_ws/install/bumperbot_description/share/bumperbot_description/meshes/imu_link.STL
[0.668s] -- Up-to-date: /home/isami/bumperbot_ws/install/bumperbot_description/share/bumperbot_description/meshes/can.STL
[0.669s] -- Up-to-date: /home/isami/bumperbot_ws/install/bumperbot_description/share/bumperbot_description/meshes/wheel_left_link.STL
[0.669s] -- Up-to-date: /home/isami/bumperbot_ws/install/bumperbot_description/share/bumperbot_description/meshes/caster_rear_link.STL
[0.670s] -- Up-to-date: /home/isami/bumperbot_ws/install/bumperbot_description/share/bumperbot_description/meshes/wheel_right_link.STL
[0.670s] -- Up-to-date: /home/isami/bumperbot_ws/install/bumperbot_description/share/bumperbot_description/meshes/base_link.STL
[0.670s] -- Up-to-date: /home/isami/bumperbot_ws/install/bumperbot_description/share/bumperbot_description/urdf
[0.671s] -- Installing: /home/isami/bumperbot_ws/install/bumperbot_description/share/bumperbot_description/urdf/bumperbot.urdf.xacro
[0.678s] -- Up-to-date: /home/isami/bumperbot_ws/install/bumperbot_description/share/bumperbot_description/launch
[0.680s] -- Up-to-date: /home/isami/bumperbot_ws/install/bumperbot_description/share/bumperbot_description/launch/display.launch.py
[0.681s] -- Up-to-date: /home/isami/bumperbot_ws/install/bumperbot_description/share/bumperbot_description/rviz
[0.684s] -- Up-to-date: /home/isami/bumperbot_ws/install/bumperbot_description/share/bumperbot_description/rviz/display.rviz
[0.685s] -- Up-to-date: /home/isami/bumperbot_ws/install/bumperbot_description/share/ament_index/resource_index/package_run_dependencies/bumperbot_description
[0.687s] -- Up-to-date: /home/isami/bumperbot_ws/install/bumperbot_description/share/ament_index/resource_index/parent_prefix_path/bumperbot_description
[0.687s] -- Up-to-date: /home/isami/bumperbot_ws/install/bumperbot_description/share/bumperbot_description/environment/ament_prefix_path.sh
[0.689s] -- Up-to-date: /home/isami/bumperbot_ws/install/bumperbot_description/share/bumperbot_description/environment/ament_prefix_path.dsv
[0.691s] -- Up-to-date: /home/isami/bumperbot_ws/install/bumperbot_description/share/bumperbot_description/environment/path.sh
[0.695s] -- Up-to-date: /home/isami/bumperbot_ws/install/bumperbot_description/share/bumperbot_description/environment/path.dsv
[0.702s] -- Up-to-date: /home/isami/bumperbot_ws/install/bumperbot_description/share/bumperbot_description/local_setup.bash
[0.705s] -- Up-to-date: /home/isami/bumperbot_ws/install/bumperbot_description/share/bumperbot_description/local_setup.sh
[0.706s] -- Up-to-date: /home/isami/bumperbot_ws/install/bumperbot_description/share/bumperbot_description/local_setup.zsh
[0.708s] -- Up-to-date: /home/isami/bumperbot_ws/install/bumperbot_description/share/bumperbot_description/local_setup.dsv
[0.710s] -- Installing: /home/isami/bumperbot_ws/install/bumperbot_description/share/bumperbot_description/package.dsv
[0.711s] -- Up-to-date: /home/isami/bumperbot_ws/install/bumperbot_description/share/ament_index/resource_index/packages/bumperbot_description
[0.713s] -- Up-to-date: /home/isami/bumperbot_ws/install/bumperbot_description/share/bumperbot_description/cmake/bumperbot_descriptionConfig.cmake
[0.715s] -- Up-to-date: /home/isami/bumperbot_ws/install/bumperbot_description/share/bumperbot_description/cmake/bumperbot_descriptionConfig-version.cmake
[0.717s] -- Up-to-date: /home/isami/bumperbot_ws/install/bumperbot_description/share/bumperbot_description/package.xml
[0.741s] Invoked command in '/home/isami/bumperbot_ws/build/bumperbot_description' returned '0': CMAKE_PREFIX_PATH=/opt/ros/humble /usr/bin/cmake --install /home/isami/bumperbot_ws/build/bumperbot_description
