[1.807s] Invoking command in '/home/isami/bumperbot_ws/src/bumperbot_py_examples': PYTHONPATH=/home/isami/bumperbot_ws/build/bumperbot_py_examples/prefix_override:/home/isami/bumperbot_ws/install/bumperbot_py_examples/lib/python3.10/site-packages:${PYTHONPATH} /usr/bin/python3 setup.py egg_info --egg-base ../../build/bumperbot_py_examples build --build-base /home/isami/bumperbot_ws/build/bumperbot_py_examples/build install --record /home/isami/bumperbot_ws/build/bumperbot_py_examples/install.log --single-version-externally-managed
[2.191s] running egg_info
[2.192s] writing ../../build/bumperbot_py_examples/bumperbot_py_examples.egg-info/PKG-INFO
[2.193s] writing dependency_links to ../../build/bumperbot_py_examples/bumperbot_py_examples.egg-info/dependency_links.txt
[2.194s] writing entry points to ../../build/bumperbot_py_examples/bumperbot_py_examples.egg-info/entry_points.txt
[2.194s] writing requirements to ../../build/bumperbot_py_examples/bumperbot_py_examples.egg-info/requires.txt
[2.194s] writing top-level names to ../../build/bumperbot_py_examples/bumperbot_py_examples.egg-info/top_level.txt
[2.197s] reading manifest file '../../build/bumperbot_py_examples/bumperbot_py_examples.egg-info/SOURCES.txt'
[2.201s] writing manifest file '../../build/bumperbot_py_examples/bumperbot_py_examples.egg-info/SOURCES.txt'
[2.202s] running build
[2.203s] running build_py
[2.203s] copying bumperbot_py_examples/simple_turtlesim_kinematics.py -> /home/isami/bumperbot_ws/build/bumperbot_py_examples/build/lib/bumperbot_py_examples
[2.205s] running install
[2.206s] /usr/lib/python3/dist-packages/setuptools/command/install.py:34: SetuptoolsDeprecationWarning: setup.py install is deprecated. Use build and pip and other standards-based tools.
[2.206s]   warnings.warn(
[2.207s] running install_lib
[2.209s] copying /home/isami/bumperbot_ws/build/bumperbot_py_examples/build/lib/bumperbot_py_examples/simple_turtlesim_kinematics.py -> /home/isami/bumperbot_ws/install/bumperbot_py_examples/lib/python3.10/site-packages/bumperbot_py_examples
[2.211s] byte-compiling /home/isami/bumperbot_ws/install/bumperbot_py_examples/lib/python3.10/site-packages/bumperbot_py_examples/simple_turtlesim_kinematics.py to simple_turtlesim_kinematics.cpython-310.pyc
[2.214s] running install_data
[2.218s] running install_egg_info
[2.218s] removing '/home/isami/bumperbot_ws/install/bumperbot_py_examples/lib/python3.10/site-packages/bumperbot_py_examples-0.0.0-py3.10.egg-info' (and everything under it)
[2.227s] Copying ../../build/bumperbot_py_examples/bumperbot_py_examples.egg-info to /home/isami/bumperbot_ws/install/bumperbot_py_examples/lib/python3.10/site-packages/bumperbot_py_examples-0.0.0-py3.10.egg-info
[2.228s] running install_scripts
[2.254s] Installing simple_parameter script to /home/isami/bumperbot_ws/install/bumperbot_py_examples/lib/bumperbot_py_examples
[2.255s] Installing simple_publisher script to /home/isami/bumperbot_ws/install/bumperbot_py_examples/lib/bumperbot_py_examples
[2.255s] Installing simple_subscriber script to /home/isami/bumperbot_ws/install/bumperbot_py_examples/lib/bumperbot_py_examples
[2.257s] Installing simple_turtlesim_kinematics script to /home/isami/bumperbot_ws/install/bumperbot_py_examples/lib/bumperbot_py_examples
[2.257s] writing list of installed files to '/home/isami/bumperbot_ws/build/bumperbot_py_examples/install.log'
[2.302s] Invoked command in '/home/isami/bumperbot_ws/src/bumperbot_py_examples' returned '0': PYTHONPATH=/home/isami/bumperbot_ws/build/bumperbot_py_examples/prefix_override:/home/isami/bumperbot_ws/install/bumperbot_py_examples/lib/python3.10/site-packages:${PYTHONPATH} /usr/bin/python3 setup.py egg_info --egg-base ../../build/bumperbot_py_examples build --build-base /home/isami/bumperbot_ws/build/bumperbot_py_examples/build install --record /home/isami/bumperbot_ws/build/bumperbot_py_examples/install.log --single-version-externally-managed
