[0.010s] Invoking command in '/home/isami/bumperbot_ws/build/bumperbot_localization': CMAKE_PREFIX_PATH=/opt/ros/humble /usr/bin/cmake --build /home/isami/bumperbot_ws/build/bumperbot_localization -- -j3 -l3
[0.053s] -- Found ament_cmake: 1.3.8 (/opt/ros/humble/share/ament_cmake/cmake)
[0.226s] -- Found rclpy: 3.3.12 (/opt/ros/humble/share/rclpy/cmake)
[0.229s] -- Found nav_msgs: 4.2.3 (/opt/ros/humble/share/nav_msgs/cmake)
[0.306s] -- Found rosidl_generator_c: 3.1.5 (/opt/ros/humble/share/rosidl_generator_c/cmake)
[0.326s] -- Found rosidl_adapter: 3.1.5 (/opt/ros/humble/share/rosidl_adapter/cmake)
[0.347s] -- Found rosidl_generator_cpp: 3.1.5 (/opt/ros/humble/share/rosidl_generator_cpp/cmake)
[0.373s] -- Using all available rosidl_typesupport_c: rosidl_typesupport_fastrtps_c;rosidl_typesupport_introspection_c
[0.414s] -- Using all available rosidl_typesupport_cpp: rosidl_typesupport_fastrtps_cpp;rosidl_typesupport_introspection_cpp
[0.722s] -- Found sensor_msgs: 4.2.3 (/opt/ros/humble/share/sensor_msgs/cmake)
[0.906s] -- Found ament_lint_auto: 0.12.10 (/opt/ros/humble/share/ament_lint_auto/cmake)
[0.987s] -- Added test 'flake8' to check Python code syntax and style conventions
[0.988s] -- Added test 'lint_cmake' to check CMake code style
[0.988s] -- Added test 'pep257' to check Python code against some of the docstring style conventions in PEP 257
[0.988s] -- Added test 'xmllint' to check XML markup files
[0.989s] -- Configuring done
[0.994s] -- Generating done
[0.996s] -- Build files have been written to: /home/isami/bumperbot_ws/build/bumperbot_localization
[1.047s] Built target ament_cmake_python_copy_bumperbot_localization
[1.279s] running egg_info
[1.279s] creating bumperbot_localization.egg-info
[1.279s] writing bumperbot_localization.egg-info/PKG-INFO
[1.280s] writing dependency_links to bumperbot_localization.egg-info/dependency_links.txt
[1.280s] writing top-level names to bumperbot_localization.egg-info/top_level.txt
[1.280s] writing manifest file 'bumperbot_localization.egg-info/SOURCES.txt'
[1.283s] reading manifest file 'bumperbot_localization.egg-info/SOURCES.txt'
[1.283s] writing manifest file 'bumperbot_localization.egg-info/SOURCES.txt'
[1.313s] Built target ament_cmake_python_build_bumperbot_localization_egg
[1.337s] Invoked command in '/home/isami/bumperbot_ws/build/bumperbot_localization' returned '0': CMAKE_PREFIX_PATH=/opt/ros/humble /usr/bin/cmake --build /home/isami/bumperbot_ws/build/bumperbot_localization -- -j3 -l3
[1.363s] Invoking command in '/home/isami/bumperbot_ws/build/bumperbot_localization': CMAKE_PREFIX_PATH=/opt/ros/humble /usr/bin/cmake --install /home/isami/bumperbot_ws/build/bumperbot_localization
[1.377s] -- Install configuration: ""
[1.377s] -- Installing: /home/isami/bumperbot_ws/install/bumperbot_localization/share/bumperbot_localization/environment/pythonpath.sh
[1.377s] -- Installing: /home/isami/bumperbot_ws/install/bumperbot_localization/share/bumperbot_localization/environment/pythonpath.dsv
[1.377s] -- Installing: /home/isami/bumperbot_ws/install/bumperbot_localization/local/lib/python3.10/dist-packages/bumperbot_localization-0.0.0-py3.10.egg-info
[1.378s] -- Installing: /home/isami/bumperbot_ws/install/bumperbot_localization/local/lib/python3.10/dist-packages/bumperbot_localization-0.0.0-py3.10.egg-info/PKG-INFO
[1.378s] -- Installing: /home/isami/bumperbot_ws/install/bumperbot_localization/local/lib/python3.10/dist-packages/bumperbot_localization-0.0.0-py3.10.egg-info/dependency_links.txt
[1.378s] -- Installing: /home/isami/bumperbot_ws/install/bumperbot_localization/local/lib/python3.10/dist-packages/bumperbot_localization-0.0.0-py3.10.egg-info/top_level.txt
[1.378s] -- Installing: /home/isami/bumperbot_ws/install/bumperbot_localization/local/lib/python3.10/dist-packages/bumperbot_localization-0.0.0-py3.10.egg-info/SOURCES.txt
[1.378s] -- Installing: /home/isami/bumperbot_ws/install/bumperbot_localization/local/lib/python3.10/dist-packages/bumperbot_localization
[1.378s] -- Installing: /home/isami/bumperbot_ws/install/bumperbot_localization/local/lib/python3.10/dist-packages/bumperbot_localization/__init__.py
[1.379s] -- Installing: /home/isami/bumperbot_ws/install/bumperbot_localization/local/lib/python3.10/dist-packages/bumperbot_localization/kalman_filter.py
[1.410s] Listing '/home/isami/bumperbot_ws/install/bumperbot_localization/local/lib/python3.10/dist-packages/bumperbot_localization'...
[1.410s] Compiling '/home/isami/bumperbot_ws/install/bumperbot_localization/local/lib/python3.10/dist-packages/bumperbot_localization/__init__.py'...
[1.410s] Compiling '/home/isami/bumperbot_ws/install/bumperbot_localization/local/lib/python3.10/dist-packages/bumperbot_localization/kalman_filter.py'...
[1.422s] [31mCMake Error at cmake_install.cmake:70 (file):
[1.422s]   file INSTALL cannot find
[1.422s]   "/home/isami/bumperbot_ws/src/bumperbot_localization/$(PROJECT_NAME)/kalman_filter.py":
[1.422s]   No such file or directory.
[1.423s] 
[1.423s] [0m
[1.428s] Invoked command in '/home/isami/bumperbot_ws/build/bumperbot_localization' returned '1': CMAKE_PREFIX_PATH=/opt/ros/humble /usr/bin/cmake --install /home/isami/bumperbot_ws/build/bumperbot_localization
