[1.560s] Invoking command in '/home/isami/bumperbot_ws/src/bumperbot_utils': PYTHONPATH=/home/isami/bumperbot_ws/build/bumperbot_utils/prefix_override:/home/isami/bumperbot_ws/install/bumperbot_utils/lib/python3.10/site-packages:${PYTHONPATH} /usr/bin/python3 -W ignore:setup.py install is deprecated setup.py egg_info --egg-base ../../build/bumperbot_utils build --build-base /home/isami/bumperbot_ws/build/bumperbot_utils/build install --record /home/isami/bumperbot_ws/build/bumperbot_utils/install.log --single-version-externally-managed install_data
[1.921s] running egg_info
[1.922s] writing ../../build/bumperbot_utils/bumperbot_utils.egg-info/PKG-INFO
[1.924s] writing dependency_links to ../../build/bumperbot_utils/bumperbot_utils.egg-info/dependency_links.txt
[1.925s] writing entry points to ../../build/bumperbot_utils/bumperbot_utils.egg-info/entry_points.txt
[1.926s] writing requirements to ../../build/bumperbot_utils/bumperbot_utils.egg-info/requires.txt
[1.927s] writing top-level names to ../../build/bumperbot_utils/bumperbot_utils.egg-info/top_level.txt
[1.930s] reading manifest file '../../build/bumperbot_utils/bumperbot_utils.egg-info/SOURCES.txt'
[1.931s] writing manifest file '../../build/bumperbot_utils/bumperbot_utils.egg-info/SOURCES.txt'
[1.932s] running build
[1.932s] running build_py
[1.932s] copying bumperbot_utils/simple_trajectory.py -> /home/isami/bumperbot_ws/build/bumperbot_utils/build/lib/bumperbot_utils
[1.933s] running install
[1.934s] running install_lib
[1.935s] copying /home/isami/bumperbot_ws/build/bumperbot_utils/build/lib/bumperbot_utils/simple_trajectory.py -> /home/isami/bumperbot_ws/install/bumperbot_utils/lib/python3.10/site-packages/bumperbot_utils
[1.935s] byte-compiling /home/isami/bumperbot_ws/install/bumperbot_utils/lib/python3.10/site-packages/bumperbot_utils/simple_trajectory.py to simple_trajectory.cpython-310.pyc
[1.936s] running install_data
[1.936s] running install_egg_info
[1.938s] removing '/home/isami/bumperbot_ws/install/bumperbot_utils/lib/python3.10/site-packages/bumperbot_utils-0.0.0-py3.10.egg-info' (and everything under it)
[1.939s] Copying ../../build/bumperbot_utils/bumperbot_utils.egg-info to /home/isami/bumperbot_ws/install/bumperbot_utils/lib/python3.10/site-packages/bumperbot_utils-0.0.0-py3.10.egg-info
[1.940s] running install_scripts
[1.966s] writing list of installed files to '/home/isami/bumperbot_ws/build/bumperbot_utils/install.log'
[2.012s] Invoked command in '/home/isami/bumperbot_ws/src/bumperbot_utils' returned '0': PYTHONPATH=/home/isami/bumperbot_ws/build/bumperbot_utils/prefix_override:/home/isami/bumperbot_ws/install/bumperbot_utils/lib/python3.10/site-packages:${PYTHONPATH} /usr/bin/python3 -W ignore:setup.py install is deprecated setup.py egg_info --egg-base ../../build/bumperbot_utils build --build-base /home/isami/bumperbot_ws/build/bumperbot_utils/build install --record /home/isami/bumperbot_ws/build/bumperbot_utils/install.log --single-version-externally-managed install_data
