[0.833s] Invoking command in '/home/isami/bumperbot_ws/src/bumperbot_py_examples': AMENT_PREFIX_PATH=/home/isami/bumperbot_ws/install/bumperbot_msgs:${AMENT_PREFIX_PATH} CMAKE_PREFIX_PATH=/home/isami/bumperbot_ws/install/bumperbot_msgs LD_LIBRARY_PATH=/home/isami/bumperbot_ws/install/bumperbot_msgs/lib:${LD_LIBRARY_PATH} PYTHONPATH=/home/isami/bumperbot_ws/build/bumperbot_py_examples/prefix_override:/home/isami/bumperbot_ws/install/bumperbot_py_examples/lib/python3.10/site-packages:/home/isami/bumperbot_ws/install/bumperbot_msgs/local/lib/python3.10/dist-packages:${PYTHONPATH} /usr/bin/python3 -W ignore:setup.py install is deprecated setup.py egg_info --egg-base ../../build/bumperbot_py_examples build --build-base /home/isami/bumperbot_ws/build/bumperbot_py_examples/build install --record /home/isami/bumperbot_ws/build/bumperbot_py_examples/install.log --single-version-externally-managed install_data
[1.054s] running egg_info
[1.054s] writing ../../build/bumperbot_py_examples/bumperbot_py_examples.egg-info/PKG-INFO
[1.055s] writing dependency_links to ../../build/bumperbot_py_examples/bumperbot_py_examples.egg-info/dependency_links.txt
[1.055s] writing entry points to ../../build/bumperbot_py_examples/bumperbot_py_examples.egg-info/entry_points.txt
[1.055s] writing requirements to ../../build/bumperbot_py_examples/bumperbot_py_examples.egg-info/requires.txt
[1.055s] writing top-level names to ../../build/bumperbot_py_examples/bumperbot_py_examples.egg-info/top_level.txt
[1.057s] reading manifest file '../../build/bumperbot_py_examples/bumperbot_py_examples.egg-info/SOURCES.txt'
[1.058s] writing manifest file '../../build/bumperbot_py_examples/bumperbot_py_examples.egg-info/SOURCES.txt'
[1.058s] running build
[1.058s] running build_py
[1.058s] running install
[1.059s] running install_lib
[1.060s] running install_data
[1.060s] running install_egg_info
[1.061s] removing '/home/isami/bumperbot_ws/install/bumperbot_py_examples/lib/python3.10/site-packages/bumperbot_py_examples-0.0.0-py3.10.egg-info' (and everything under it)
[1.062s] Copying ../../build/bumperbot_py_examples/bumperbot_py_examples.egg-info to /home/isami/bumperbot_ws/install/bumperbot_py_examples/lib/python3.10/site-packages/bumperbot_py_examples-0.0.0-py3.10.egg-info
[1.063s] running install_scripts
[1.080s] Installing simple_parameter script to /home/isami/bumperbot_ws/install/bumperbot_py_examples/lib/bumperbot_py_examples
[1.081s] Installing simple_publisher script to /home/isami/bumperbot_ws/install/bumperbot_py_examples/lib/bumperbot_py_examples
[1.085s] Installing simple_service_client script to /home/isami/bumperbot_ws/install/bumperbot_py_examples/lib/bumperbot_py_examples
[1.085s] Installing simple_service_server script to /home/isami/bumperbot_ws/install/bumperbot_py_examples/lib/bumperbot_py_examples
[1.086s] Installing simple_subscriber script to /home/isami/bumperbot_ws/install/bumperbot_py_examples/lib/bumperbot_py_examples
[1.087s] Installing simple_tf_kinematics script to /home/isami/bumperbot_ws/install/bumperbot_py_examples/lib/bumperbot_py_examples
[1.087s] Installing simple_turtlesim_kinematics script to /home/isami/bumperbot_ws/install/bumperbot_py_examples/lib/bumperbot_py_examples
[1.088s] writing list of installed files to '/home/isami/bumperbot_ws/build/bumperbot_py_examples/install.log'
[1.119s] Invoked command in '/home/isami/bumperbot_ws/src/bumperbot_py_examples' returned '0': AMENT_PREFIX_PATH=/home/isami/bumperbot_ws/install/bumperbot_msgs:${AMENT_PREFIX_PATH} CMAKE_PREFIX_PATH=/home/isami/bumperbot_ws/install/bumperbot_msgs LD_LIBRARY_PATH=/home/isami/bumperbot_ws/install/bumperbot_msgs/lib:${LD_LIBRARY_PATH} PYTHONPATH=/home/isami/bumperbot_ws/build/bumperbot_py_examples/prefix_override:/home/isami/bumperbot_ws/install/bumperbot_py_examples/lib/python3.10/site-packages:/home/isami/bumperbot_ws/install/bumperbot_msgs/local/lib/python3.10/dist-packages:${PYTHONPATH} /usr/bin/python3 -W ignore:setup.py install is deprecated setup.py egg_info --egg-base ../../build/bumperbot_py_examples build --build-base /home/isami/bumperbot_ws/build/bumperbot_py_examples/build install --record /home/isami/bumperbot_ws/build/bumperbot_py_examples/install.log --single-version-externally-managed install_data
