[0.055s] Invoking command in '/home/isami/bumperbot_ws/build/bumperbot_msgs': CMAKE_PREFIX_PATH=/opt/ros/humble /usr/bin/cmake --build /home/isami/bumperbot_ws/build/bumperbot_msgs -- -j3 -l3
[0.259s] [  2%] Built target bumperbot_msgs__cpp
[0.270s] [ 12%] Built target bumperbot_msgs__rosidl_generator_c
[0.300s] [ 12%] Built target ament_cmake_python_copy_bumperbot_msgs
[0.372s] [ 23%] Built target bumperbot_msgs__rosidl_typesupport_cpp
[0.378s] [ 33%] Built target bumperbot_msgs__rosidl_typesupport_introspection_c
[0.382s] [ 43%] Built target bumperbot_msgs__rosidl_typesupport_fastrtps_cpp
[0.439s] [ 53%] Built target bumperbot_msgs__rosidl_typesupport_c
[0.454s] [ 64%] Built target bumperbot_msgs__rosidl_typesupport_introspection_cpp
[0.510s] [ 74%] Built target bumperbot_msgs__rosidl_typesupport_fastrtps_c
[0.570s] [ 74%] Built target bumperbot_msgs
[0.695s] [ 76%] Built target bumperbot_msgs__py
[0.761s] [ 84%] Built target bumperbot_msgs__rosidl_generator_py
[0.802s] [ 89%] Built target bumperbot_msgs__rosidl_typesupport_fastrtps_c__pyext
[0.841s] [ 94%] Built target bumperbot_msgs__rosidl_typesupport_introspection_c__pyext
[0.872s] [100%] Built target bumperbot_msgs__rosidl_typesupport_c__pyext
[0.980s] running egg_info
[0.981s] writing bumperbot_msgs.egg-info/PKG-INFO
[0.982s] writing dependency_links to bumperbot_msgs.egg-info/dependency_links.txt
[0.982s] writing top-level names to bumperbot_msgs.egg-info/top_level.txt
[0.989s] reading manifest file 'bumperbot_msgs.egg-info/SOURCES.txt'
[0.991s] writing manifest file 'bumperbot_msgs.egg-info/SOURCES.txt'
[1.045s] [100%] Built target ament_cmake_python_build_bumperbot_msgs_egg
[1.367s] Invoked command in '/home/isami/bumperbot_ws/build/bumperbot_msgs' returned '0': CMAKE_PREFIX_PATH=/opt/ros/humble /usr/bin/cmake --build /home/isami/bumperbot_ws/build/bumperbot_msgs -- -j3 -l3
[1.517s] Invoking command in '/home/isami/bumperbot_ws/build/bumperbot_msgs': CMAKE_PREFIX_PATH=/opt/ros/humble /usr/bin/cmake --install /home/isami/bumperbot_ws/build/bumperbot_msgs
[1.528s] -- Install configuration: ""
[1.529s] -- Up-to-date: /home/isami/bumperbot_ws/install/bumperbot_msgs/share/ament_index/resource_index/rosidl_interfaces/bumperbot_msgs
[1.530s] -- Up-to-date: /home/isami/bumperbot_ws/install/bumperbot_msgs/include/bumperbot_msgs/bumperbot_msgs
[1.530s] -- Up-to-date: /home/isami/bumperbot_ws/install/bumperbot_msgs/include/bumperbot_msgs/bumperbot_msgs/srv
[1.530s] -- Up-to-date: /home/isami/bumperbot_ws/install/bumperbot_msgs/include/bumperbot_msgs/bumperbot_msgs/srv/get_transform.h
[1.530s] -- Up-to-date: /home/isami/bumperbot_ws/install/bumperbot_msgs/include/bumperbot_msgs/bumperbot_msgs/srv/detail
[1.531s] -- Up-to-date: /home/isami/bumperbot_ws/install/bumperbot_msgs/include/bumperbot_msgs/bumperbot_msgs/srv/detail/add_two_ints__functions.h
[1.531s] -- Up-to-date: /home/isami/bumperbot_ws/install/bumperbot_msgs/include/bumperbot_msgs/bumperbot_msgs/srv/detail/add_two_ints__struct.h
[1.532s] -- Up-to-date: /home/isami/bumperbot_ws/install/bumperbot_msgs/include/bumperbot_msgs/bumperbot_msgs/srv/detail/get_transform__struct.h
[1.532s] -- Up-to-date: /home/isami/bumperbot_ws/install/bumperbot_msgs/include/bumperbot_msgs/bumperbot_msgs/srv/detail/add_two_ints__functions.c
[1.532s] -- Up-to-date: /home/isami/bumperbot_ws/install/bumperbot_msgs/include/bumperbot_msgs/bumperbot_msgs/srv/detail/get_transform__functions.c
[1.532s] -- Up-to-date: /home/isami/bumperbot_ws/install/bumperbot_msgs/include/bumperbot_msgs/bumperbot_msgs/srv/detail/get_transform__type_support.h
[1.532s] -- Up-to-date: /home/isami/bumperbot_ws/install/bumperbot_msgs/include/bumperbot_msgs/bumperbot_msgs/srv/detail/get_transform__functions.h
[1.532s] -- Up-to-date: /home/isami/bumperbot_ws/install/bumperbot_msgs/include/bumperbot_msgs/bumperbot_msgs/srv/detail/add_two_ints__type_support.h
[1.532s] -- Up-to-date: /home/isami/bumperbot_ws/install/bumperbot_msgs/include/bumperbot_msgs/bumperbot_msgs/srv/add_two_ints.h
[1.532s] -- Up-to-date: /home/isami/bumperbot_ws/install/bumperbot_msgs/include/bumperbot_msgs/bumperbot_msgs/msg
[1.532s] -- Up-to-date: /home/isami/bumperbot_ws/install/bumperbot_msgs/include/bumperbot_msgs/bumperbot_msgs/msg/rosidl_generator_c__visibility_control.h
[1.532s] -- Up-to-date: /home/isami/bumperbot_ws/install/bumperbot_msgs/share/bumperbot_msgs/environment/library_path.sh
[1.532s] -- Up-to-date: /home/isami/bumperbot_ws/install/bumperbot_msgs/share/bumperbot_msgs/environment/library_path.dsv
[1.537s] -- Up-to-date: /home/isami/bumperbot_ws/install/bumperbot_msgs/lib/libbumperbot_msgs__rosidl_generator_c.so
[1.537s] -- Up-to-date: /home/isami/bumperbot_ws/install/bumperbot_msgs/include/bumperbot_msgs/bumperbot_msgs
[1.537s] -- Up-to-date: /home/isami/bumperbot_ws/install/bumperbot_msgs/include/bumperbot_msgs/bumperbot_msgs/srv
[1.537s] -- Up-to-date: /home/isami/bumperbot_ws/install/bumperbot_msgs/include/bumperbot_msgs/bumperbot_msgs/srv/detail
[1.537s] -- Up-to-date: /home/isami/bumperbot_ws/install/bumperbot_msgs/include/bumperbot_msgs/bumperbot_msgs/srv/detail/add_two_ints__rosidl_typesupport_fastrtps_c.h
[1.538s] -- Up-to-date: /home/isami/bumperbot_ws/install/bumperbot_msgs/include/bumperbot_msgs/bumperbot_msgs/srv/detail/get_transform__rosidl_typesupport_fastrtps_c.h
[1.538s] -- Up-to-date: /home/isami/bumperbot_ws/install/bumperbot_msgs/include/bumperbot_msgs/bumperbot_msgs/msg
[1.538s] -- Up-to-date: /home/isami/bumperbot_ws/install/bumperbot_msgs/include/bumperbot_msgs/bumperbot_msgs/msg/rosidl_typesupport_fastrtps_c__visibility_control.h
[1.539s] -- Up-to-date: /home/isami/bumperbot_ws/install/bumperbot_msgs/lib/libbumperbot_msgs__rosidl_typesupport_fastrtps_c.so
[1.540s] -- Up-to-date: /home/isami/bumperbot_ws/install/bumperbot_msgs/include/bumperbot_msgs/bumperbot_msgs
[1.540s] -- Up-to-date: /home/isami/bumperbot_ws/install/bumperbot_msgs/include/bumperbot_msgs/bumperbot_msgs/srv
[1.540s] -- Up-to-date: /home/isami/bumperbot_ws/install/bumperbot_msgs/include/bumperbot_msgs/bumperbot_msgs/srv/add_two_ints.hpp
[1.541s] -- Up-to-date: /home/isami/bumperbot_ws/install/bumperbot_msgs/include/bumperbot_msgs/bumperbot_msgs/srv/detail
[1.541s] -- Up-to-date: /home/isami/bumperbot_ws/install/bumperbot_msgs/include/bumperbot_msgs/bumperbot_msgs/srv/detail/add_two_ints__traits.hpp
[1.542s] -- Up-to-date: /home/isami/bumperbot_ws/install/bumperbot_msgs/include/bumperbot_msgs/bumperbot_msgs/srv/detail/add_two_ints__builder.hpp
[1.542s] -- Up-to-date: /home/isami/bumperbot_ws/install/bumperbot_msgs/include/bumperbot_msgs/bumperbot_msgs/srv/detail/get_transform__traits.hpp
[1.542s] -- Up-to-date: /home/isami/bumperbot_ws/install/bumperbot_msgs/include/bumperbot_msgs/bumperbot_msgs/srv/detail/get_transform__builder.hpp
[1.542s] -- Up-to-date: /home/isami/bumperbot_ws/install/bumperbot_msgs/include/bumperbot_msgs/bumperbot_msgs/srv/detail/get_transform__struct.hpp
[1.542s] -- Up-to-date: /home/isami/bumperbot_ws/install/bumperbot_msgs/include/bumperbot_msgs/bumperbot_msgs/srv/detail/add_two_ints__struct.hpp
[1.543s] -- Up-to-date: /home/isami/bumperbot_ws/install/bumperbot_msgs/include/bumperbot_msgs/bumperbot_msgs/srv/get_transform.hpp
[1.543s] -- Up-to-date: /home/isami/bumperbot_ws/install/bumperbot_msgs/include/bumperbot_msgs/bumperbot_msgs
[1.543s] -- Up-to-date: /home/isami/bumperbot_ws/install/bumperbot_msgs/include/bumperbot_msgs/bumperbot_msgs/srv
[1.543s] -- Up-to-date: /home/isami/bumperbot_ws/install/bumperbot_msgs/include/bumperbot_msgs/bumperbot_msgs/srv/detail
[1.543s] -- Up-to-date: /home/isami/bumperbot_ws/install/bumperbot_msgs/include/bumperbot_msgs/bumperbot_msgs/srv/detail/add_two_ints__rosidl_typesupport_fastrtps_cpp.hpp
[1.543s] -- Up-to-date: /home/isami/bumperbot_ws/install/bumperbot_msgs/include/bumperbot_msgs/bumperbot_msgs/srv/detail/get_transform__rosidl_typesupport_fastrtps_cpp.hpp
[1.543s] -- Up-to-date: /home/isami/bumperbot_ws/install/bumperbot_msgs/include/bumperbot_msgs/bumperbot_msgs/srv/detail/dds_fastrtps
[1.544s] -- Up-to-date: /home/isami/bumperbot_ws/install/bumperbot_msgs/include/bumperbot_msgs/bumperbot_msgs/msg
[1.544s] -- Up-to-date: /home/isami/bumperbot_ws/install/bumperbot_msgs/include/bumperbot_msgs/bumperbot_msgs/msg/rosidl_typesupport_fastrtps_cpp__visibility_control.h
[1.546s] -- Up-to-date: /home/isami/bumperbot_ws/install/bumperbot_msgs/lib/libbumperbot_msgs__rosidl_typesupport_fastrtps_cpp.so
[1.547s] -- Up-to-date: /home/isami/bumperbot_ws/install/bumperbot_msgs/include/bumperbot_msgs/bumperbot_msgs
[1.547s] -- Up-to-date: /home/isami/bumperbot_ws/install/bumperbot_msgs/include/bumperbot_msgs/bumperbot_msgs/srv
[1.547s] -- Up-to-date: /home/isami/bumperbot_ws/install/bumperbot_msgs/include/bumperbot_msgs/bumperbot_msgs/srv/detail
[1.547s] -- Up-to-date: /home/isami/bumperbot_ws/install/bumperbot_msgs/include/bumperbot_msgs/bumperbot_msgs/srv/detail/get_transform__rosidl_typesupport_introspection_c.h
[1.548s] -- Up-to-date: /home/isami/bumperbot_ws/install/bumperbot_msgs/include/bumperbot_msgs/bumperbot_msgs/srv/detail/add_two_ints__type_support.c
[1.548s] -- Up-to-date: /home/isami/bumperbot_ws/install/bumperbot_msgs/include/bumperbot_msgs/bumperbot_msgs/srv/detail/add_two_ints__rosidl_typesupport_introspection_c.h
[1.548s] -- Up-to-date: /home/isami/bumperbot_ws/install/bumperbot_msgs/include/bumperbot_msgs/bumperbot_msgs/srv/detail/get_transform__type_support.c
[1.548s] -- Up-to-date: /home/isami/bumperbot_ws/install/bumperbot_msgs/include/bumperbot_msgs/bumperbot_msgs/msg
[1.548s] -- Up-to-date: /home/isami/bumperbot_ws/install/bumperbot_msgs/include/bumperbot_msgs/bumperbot_msgs/msg/rosidl_typesupport_introspection_c__visibility_control.h
[1.550s] -- Up-to-date: /home/isami/bumperbot_ws/install/bumperbot_msgs/lib/libbumperbot_msgs__rosidl_typesupport_introspection_c.so
[1.551s] -- Up-to-date: /home/isami/bumperbot_ws/install/bumperbot_msgs/lib/libbumperbot_msgs__rosidl_typesupport_c.so
[1.552s] -- Up-to-date: /home/isami/bumperbot_ws/install/bumperbot_msgs/include/bumperbot_msgs/bumperbot_msgs
[1.552s] -- Up-to-date: /home/isami/bumperbot_ws/install/bumperbot_msgs/include/bumperbot_msgs/bumperbot_msgs/srv
[1.553s] -- Up-to-date: /home/isami/bumperbot_ws/install/bumperbot_msgs/include/bumperbot_msgs/bumperbot_msgs/srv/detail
[1.554s] -- Up-to-date: /home/isami/bumperbot_ws/install/bumperbot_msgs/include/bumperbot_msgs/bumperbot_msgs/srv/detail/get_transform__rosidl_typesupport_introspection_cpp.hpp
[1.554s] -- Up-to-date: /home/isami/bumperbot_ws/install/bumperbot_msgs/include/bumperbot_msgs/bumperbot_msgs/srv/detail/add_two_ints__rosidl_typesupport_introspection_cpp.hpp
[1.554s] -- Up-to-date: /home/isami/bumperbot_ws/install/bumperbot_msgs/include/bumperbot_msgs/bumperbot_msgs/srv/detail/add_two_ints__type_support.cpp
[1.555s] -- Up-to-date: /home/isami/bumperbot_ws/install/bumperbot_msgs/include/bumperbot_msgs/bumperbot_msgs/srv/detail/get_transform__type_support.cpp
[1.558s] -- Up-to-date: /home/isami/bumperbot_ws/install/bumperbot_msgs/lib/libbumperbot_msgs__rosidl_typesupport_introspection_cpp.so
[1.560s] -- Up-to-date: /home/isami/bumperbot_ws/install/bumperbot_msgs/lib/libbumperbot_msgs__rosidl_typesupport_cpp.so
[1.561s] -- Up-to-date: /home/isami/bumperbot_ws/install/bumperbot_msgs/share/bumperbot_msgs/environment/pythonpath.sh
[1.561s] -- Up-to-date: /home/isami/bumperbot_ws/install/bumperbot_msgs/share/bumperbot_msgs/environment/pythonpath.dsv
[1.563s] -- Up-to-date: /home/isami/bumperbot_ws/install/bumperbot_msgs/local/lib/python3.10/dist-packages/bumperbot_msgs-0.0.0-py3.10.egg-info
[1.563s] -- Installing: /home/isami/bumperbot_ws/install/bumperbot_msgs/local/lib/python3.10/dist-packages/bumperbot_msgs-0.0.0-py3.10.egg-info/PKG-INFO
[1.564s] -- Installing: /home/isami/bumperbot_ws/install/bumperbot_msgs/local/lib/python3.10/dist-packages/bumperbot_msgs-0.0.0-py3.10.egg-info/dependency_links.txt
[1.564s] -- Installing: /home/isami/bumperbot_ws/install/bumperbot_msgs/local/lib/python3.10/dist-packages/bumperbot_msgs-0.0.0-py3.10.egg-info/top_level.txt
[1.564s] -- Installing: /home/isami/bumperbot_ws/install/bumperbot_msgs/local/lib/python3.10/dist-packages/bumperbot_msgs-0.0.0-py3.10.egg-info/SOURCES.txt
[1.565s] -- Up-to-date: /home/isami/bumperbot_ws/install/bumperbot_msgs/local/lib/python3.10/dist-packages/bumperbot_msgs
[1.566s] -- Up-to-date: /home/isami/bumperbot_ws/install/bumperbot_msgs/local/lib/python3.10/dist-packages/bumperbot_msgs/_bumperbot_msgs_s.ep.rosidl_typesupport_fastrtps_c.c
[1.566s] -- Up-to-date: /home/isami/bumperbot_ws/install/bumperbot_msgs/local/lib/python3.10/dist-packages/bumperbot_msgs/libbumperbot_msgs__rosidl_generator_py.so
[1.571s] -- Up-to-date: /home/isami/bumperbot_ws/install/bumperbot_msgs/local/lib/python3.10/dist-packages/bumperbot_msgs/srv
[1.572s] -- Up-to-date: /home/isami/bumperbot_ws/install/bumperbot_msgs/local/lib/python3.10/dist-packages/bumperbot_msgs/srv/_get_transform_s.c
[1.572s] -- Up-to-date: /home/isami/bumperbot_ws/install/bumperbot_msgs/local/lib/python3.10/dist-packages/bumperbot_msgs/srv/__init__.py
[1.572s] -- Up-to-date: /home/isami/bumperbot_ws/install/bumperbot_msgs/local/lib/python3.10/dist-packages/bumperbot_msgs/srv/_add_two_ints_s.c
[1.573s] -- Up-to-date: /home/isami/bumperbot_ws/install/bumperbot_msgs/local/lib/python3.10/dist-packages/bumperbot_msgs/srv/_get_transform.py
[1.573s] -- Up-to-date: /home/isami/bumperbot_ws/install/bumperbot_msgs/local/lib/python3.10/dist-packages/bumperbot_msgs/srv/_add_two_ints.py
[1.574s] -- Up-to-date: /home/isami/bumperbot_ws/install/bumperbot_msgs/local/lib/python3.10/dist-packages/bumperbot_msgs/_bumperbot_msgs_s.ep.rosidl_typesupport_introspection_c.c
[1.574s] -- Up-to-date: /home/isami/bumperbot_ws/install/bumperbot_msgs/local/lib/python3.10/dist-packages/bumperbot_msgs/bumperbot_msgs_s__rosidl_typesupport_introspection_c.cpython-310-x86_64-linux-gnu.so
[1.574s] -- Up-to-date: /home/isami/bumperbot_ws/install/bumperbot_msgs/local/lib/python3.10/dist-packages/bumperbot_msgs/bumperbot_msgs_s__rosidl_typesupport_c.cpython-310-x86_64-linux-gnu.so
[1.574s] -- Up-to-date: /home/isami/bumperbot_ws/install/bumperbot_msgs/local/lib/python3.10/dist-packages/bumperbot_msgs/__init__.py
[1.574s] -- Up-to-date: /home/isami/bumperbot_ws/install/bumperbot_msgs/local/lib/python3.10/dist-packages/bumperbot_msgs/bumperbot_msgs_s__rosidl_typesupport_fastrtps_c.cpython-310-x86_64-linux-gnu.so
[1.574s] -- Up-to-date: /home/isami/bumperbot_ws/install/bumperbot_msgs/local/lib/python3.10/dist-packages/bumperbot_msgs/_bumperbot_msgs_s.ep.rosidl_typesupport_c.c
[1.623s] Listing '/home/isami/bumperbot_ws/install/bumperbot_msgs/local/lib/python3.10/dist-packages/bumperbot_msgs'...
[1.623s] Listing '/home/isami/bumperbot_ws/install/bumperbot_msgs/local/lib/python3.10/dist-packages/bumperbot_msgs/srv'...
[1.631s] -- Up-to-date: /home/isami/bumperbot_ws/install/bumperbot_msgs/local/lib/python3.10/dist-packages/bumperbot_msgs/bumperbot_msgs_s__rosidl_typesupport_fastrtps_c.cpython-310-x86_64-linux-gnu.so
[1.640s] -- Up-to-date: /home/isami/bumperbot_ws/install/bumperbot_msgs/local/lib/python3.10/dist-packages/bumperbot_msgs/bumperbot_msgs_s__rosidl_typesupport_introspection_c.cpython-310-x86_64-linux-gnu.so
[1.646s] -- Up-to-date: /home/isami/bumperbot_ws/install/bumperbot_msgs/local/lib/python3.10/dist-packages/bumperbot_msgs/bumperbot_msgs_s__rosidl_typesupport_c.cpython-310-x86_64-linux-gnu.so
[1.650s] -- Up-to-date: /home/isami/bumperbot_ws/install/bumperbot_msgs/lib/libbumperbot_msgs__rosidl_generator_py.so
[1.651s] -- Up-to-date: /home/isami/bumperbot_ws/install/bumperbot_msgs/share/bumperbot_msgs/srv/AddTwoInts.idl
[1.651s] -- Up-to-date: /home/isami/bumperbot_ws/install/bumperbot_msgs/share/bumperbot_msgs/srv/GetTransform.idl
[1.651s] -- Up-to-date: /home/isami/bumperbot_ws/install/bumperbot_msgs/share/bumperbot_msgs/srv/AddTwoInts.srv
[1.651s] -- Up-to-date: /home/isami/bumperbot_ws/install/bumperbot_msgs/share/bumperbot_msgs/srv/AddTwoInts_Request.msg
[1.652s] -- Up-to-date: /home/isami/bumperbot_ws/install/bumperbot_msgs/share/bumperbot_msgs/srv/AddTwoInts_Response.msg
[1.652s] -- Up-to-date: /home/isami/bumperbot_ws/install/bumperbot_msgs/share/bumperbot_msgs/srv/GetTransform.srv
[1.652s] -- Up-to-date: /home/isami/bumperbot_ws/install/bumperbot_msgs/share/bumperbot_msgs/srv/GetTransform_Request.msg
[1.653s] -- Up-to-date: /home/isami/bumperbot_ws/install/bumperbot_msgs/share/bumperbot_msgs/srv/GetTransform_Response.msg
[1.654s] -- Up-to-date: /home/isami/bumperbot_ws/install/bumperbot_msgs/share/ament_index/resource_index/package_run_dependencies/bumperbot_msgs
[1.656s] -- Up-to-date: /home/isami/bumperbot_ws/install/bumperbot_msgs/share/ament_index/resource_index/parent_prefix_path/bumperbot_msgs
[1.656s] -- Up-to-date: /home/isami/bumperbot_ws/install/bumperbot_msgs/share/bumperbot_msgs/environment/ament_prefix_path.sh
[1.657s] -- Up-to-date: /home/isami/bumperbot_ws/install/bumperbot_msgs/share/bumperbot_msgs/environment/ament_prefix_path.dsv
[1.657s] -- Up-to-date: /home/isami/bumperbot_ws/install/bumperbot_msgs/share/bumperbot_msgs/environment/path.sh
[1.657s] -- Up-to-date: /home/isami/bumperbot_ws/install/bumperbot_msgs/share/bumperbot_msgs/environment/path.dsv
[1.657s] -- Up-to-date: /home/isami/bumperbot_ws/install/bumperbot_msgs/share/bumperbot_msgs/local_setup.bash
[1.658s] -- Up-to-date: /home/isami/bumperbot_ws/install/bumperbot_msgs/share/bumperbot_msgs/local_setup.sh
[1.658s] -- Up-to-date: /home/isami/bumperbot_ws/install/bumperbot_msgs/share/bumperbot_msgs/local_setup.zsh
[1.658s] -- Up-to-date: /home/isami/bumperbot_ws/install/bumperbot_msgs/share/bumperbot_msgs/local_setup.dsv
[1.659s] -- Installing: /home/isami/bumperbot_ws/install/bumperbot_msgs/share/bumperbot_msgs/package.dsv
[1.662s] -- Up-to-date: /home/isami/bumperbot_ws/install/bumperbot_msgs/share/ament_index/resource_index/packages/bumperbot_msgs
[1.665s] -- Up-to-date: /home/isami/bumperbot_ws/install/bumperbot_msgs/share/bumperbot_msgs/cmake/export_bumperbot_msgs__rosidl_generator_cExport.cmake
[1.665s] -- Up-to-date: /home/isami/bumperbot_ws/install/bumperbot_msgs/share/bumperbot_msgs/cmake/export_bumperbot_msgs__rosidl_generator_cExport-noconfig.cmake
[1.666s] -- Up-to-date: /home/isami/bumperbot_ws/install/bumperbot_msgs/share/bumperbot_msgs/cmake/export_bumperbot_msgs__rosidl_typesupport_fastrtps_cExport.cmake
[1.666s] -- Up-to-date: /home/isami/bumperbot_ws/install/bumperbot_msgs/share/bumperbot_msgs/cmake/export_bumperbot_msgs__rosidl_typesupport_fastrtps_cExport-noconfig.cmake
[1.667s] -- Up-to-date: /home/isami/bumperbot_ws/install/bumperbot_msgs/share/bumperbot_msgs/cmake/export_bumperbot_msgs__rosidl_generator_cppExport.cmake
[1.667s] -- Up-to-date: /home/isami/bumperbot_ws/install/bumperbot_msgs/share/bumperbot_msgs/cmake/export_bumperbot_msgs__rosidl_typesupport_fastrtps_cppExport.cmake
[1.668s] -- Up-to-date: /home/isami/bumperbot_ws/install/bumperbot_msgs/share/bumperbot_msgs/cmake/export_bumperbot_msgs__rosidl_typesupport_fastrtps_cppExport-noconfig.cmake
[1.669s] -- Up-to-date: /home/isami/bumperbot_ws/install/bumperbot_msgs/share/bumperbot_msgs/cmake/bumperbot_msgs__rosidl_typesupport_introspection_cExport.cmake
[1.669s] -- Up-to-date: /home/isami/bumperbot_ws/install/bumperbot_msgs/share/bumperbot_msgs/cmake/bumperbot_msgs__rosidl_typesupport_introspection_cExport-noconfig.cmake
[1.670s] -- Up-to-date: /home/isami/bumperbot_ws/install/bumperbot_msgs/share/bumperbot_msgs/cmake/bumperbot_msgs__rosidl_typesupport_cExport.cmake
[1.670s] -- Up-to-date: /home/isami/bumperbot_ws/install/bumperbot_msgs/share/bumperbot_msgs/cmake/bumperbot_msgs__rosidl_typesupport_cExport-noconfig.cmake
[1.671s] -- Up-to-date: /home/isami/bumperbot_ws/install/bumperbot_msgs/share/bumperbot_msgs/cmake/bumperbot_msgs__rosidl_typesupport_introspection_cppExport.cmake
[1.672s] -- Up-to-date: /home/isami/bumperbot_ws/install/bumperbot_msgs/share/bumperbot_msgs/cmake/bumperbot_msgs__rosidl_typesupport_introspection_cppExport-noconfig.cmake
[1.673s] -- Up-to-date: /home/isami/bumperbot_ws/install/bumperbot_msgs/share/bumperbot_msgs/cmake/bumperbot_msgs__rosidl_typesupport_cppExport.cmake
[1.673s] -- Up-to-date: /home/isami/bumperbot_ws/install/bumperbot_msgs/share/bumperbot_msgs/cmake/bumperbot_msgs__rosidl_typesupport_cppExport-noconfig.cmake
[1.675s] -- Up-to-date: /home/isami/bumperbot_ws/install/bumperbot_msgs/share/bumperbot_msgs/cmake/export_bumperbot_msgs__rosidl_generator_pyExport.cmake
[1.678s] -- Up-to-date: /home/isami/bumperbot_ws/install/bumperbot_msgs/share/bumperbot_msgs/cmake/export_bumperbot_msgs__rosidl_generator_pyExport-noconfig.cmake
[1.678s] -- Up-to-date: /home/isami/bumperbot_ws/install/bumperbot_msgs/share/bumperbot_msgs/cmake/rosidl_cmake-extras.cmake
[1.678s] -- Up-to-date: /home/isami/bumperbot_ws/install/bumperbot_msgs/share/bumperbot_msgs/cmake/ament_cmake_export_dependencies-extras.cmake
[1.678s] -- Up-to-date: /home/isami/bumperbot_ws/install/bumperbot_msgs/share/bumperbot_msgs/cmake/ament_cmake_export_include_directories-extras.cmake
[1.678s] -- Up-to-date: /home/isami/bumperbot_ws/install/bumperbot_msgs/share/bumperbot_msgs/cmake/ament_cmake_export_libraries-extras.cmake
[1.679s] -- Up-to-date: /home/isami/bumperbot_ws/install/bumperbot_msgs/share/bumperbot_msgs/cmake/ament_cmake_export_targets-extras.cmake
[1.679s] -- Up-to-date: /home/isami/bumperbot_ws/install/bumperbot_msgs/share/bumperbot_msgs/cmake/rosidl_cmake_export_typesupport_targets-extras.cmake
[1.679s] -- Up-to-date: /home/isami/bumperbot_ws/install/bumperbot_msgs/share/bumperbot_msgs/cmake/rosidl_cmake_export_typesupport_libraries-extras.cmake
[1.679s] -- Up-to-date: /home/isami/bumperbot_ws/install/bumperbot_msgs/share/bumperbot_msgs/cmake/bumperbot_msgsConfig.cmake
[1.679s] -- Up-to-date: /home/isami/bumperbot_ws/install/bumperbot_msgs/share/bumperbot_msgs/cmake/bumperbot_msgsConfig-version.cmake
[1.679s] -- Up-to-date: /home/isami/bumperbot_ws/install/bumperbot_msgs/share/bumperbot_msgs/package.xml
[1.685s] Invoked command in '/home/isami/bumperbot_ws/build/bumperbot_msgs' returned '0': CMAKE_PREFIX_PATH=/opt/ros/humble /usr/bin/cmake --install /home/isami/bumperbot_ws/build/bumperbot_msgs
