[0.167s] DEBUG:colcon:Command line arguments: ['/usr/bin/colcon', 'build']
[0.167s] DEBUG:colcon:Parsed command line arguments: Namespace(log_base=None, log_level=None, verb_name='build', build_base='build', install_base='install', merge_install=False, symlink_install=False, test_result_base=None, continue_on_error=False, executor='parallel', parallel_workers=3, event_handlers=None, ignore_user_meta=False, metas=['./colcon.meta'], base_paths=['.'], packages_ignore=None, packages_ignore_regex=None, paths=None, packages_up_to=None, packages_up_to_regex=None, packages_above=None, packages_above_and_dependencies=None, packages_above_depth=None, packages_select_by_dep=None, packages_skip_by_dep=None, packages_skip_up_to=None, packages_select_build_failed=False, packages_skip_build_finished=False, packages_select_test_failures=False, packages_skip_test_passed=False, packages_select=None, packages_skip=None, packages_select_regex=None, packages_skip_regex=None, packages_start=None, packages_end=None, allow_overriding=[], cmake_args=None, cmake_target=None, cmake_target_skip_unavailable=False, cmake_clean_cache=False, cmake_clean_first=False, cmake_force_configure=False, ament_cmake_args=None, catkin_cmake_args=None, catkin_skip_building_tests=False, mixin_files=None, mixin=None, verb_parser=<colcon_mixin.mixin.mixin_argument.MixinArgumentDecorator object at 0x7bd6dcda6800>, verb_extension=<colcon_core.verb.build.BuildVerb object at 0x7bd6dceae470>, main=<bound method BuildVerb.main of <colcon_core.verb.build.BuildVerb object at 0x7bd6dceae470>>, mixin_verb=('build',))
[0.351s] Level 1:colcon.colcon_core.package_discovery:discover_packages(colcon_meta) check parameters
[0.351s] Level 1:colcon.colcon_core.package_discovery:discover_packages(recursive) check parameters
[0.351s] Level 1:colcon.colcon_core.package_discovery:discover_packages(ignore) check parameters
[0.351s] Level 1:colcon.colcon_core.package_discovery:discover_packages(path) check parameters
[0.351s] Level 1:colcon.colcon_core.package_discovery:discover_packages(colcon_meta) discover
[0.351s] Level 1:colcon.colcon_core.package_discovery:discover_packages(recursive) discover
[0.351s] INFO:colcon.colcon_core.package_discovery:Crawling recursively for packages in '/home/isami/bumperbot_ws'
[0.351s] Level 1:colcon.colcon_core.package_identification:_identify(.) by extensions ['ignore', 'ignore_ament_install']
[0.352s] Level 1:colcon.colcon_core.package_identification:_identify(.) by extension 'ignore'
[0.352s] Level 1:colcon.colcon_core.package_identification:_identify(.) by extension 'ignore_ament_install'
[0.352s] Level 1:colcon.colcon_core.package_identification:_identify(.) by extensions ['colcon_pkg']
[0.352s] Level 1:colcon.colcon_core.package_identification:_identify(.) by extension 'colcon_pkg'
[0.352s] Level 1:colcon.colcon_core.package_identification:_identify(.) by extensions ['colcon_meta']
[0.352s] Level 1:colcon.colcon_core.package_identification:_identify(.) by extension 'colcon_meta'
[0.352s] Level 1:colcon.colcon_core.package_identification:_identify(.) by extensions ['ros']
[0.352s] Level 1:colcon.colcon_core.package_identification:_identify(.) by extension 'ros'
[0.362s] Level 1:colcon.colcon_core.package_identification:_identify(.) by extensions ['cmake', 'python']
[0.362s] Level 1:colcon.colcon_core.package_identification:_identify(.) by extension 'cmake'
[0.362s] Level 1:colcon.colcon_core.package_identification:_identify(.) by extension 'python'
[0.362s] Level 1:colcon.colcon_core.package_identification:_identify(.) by extensions ['python_setup_py']
[0.362s] Level 1:colcon.colcon_core.package_identification:_identify(.) by extension 'python_setup_py'
[0.362s] Level 1:colcon.colcon_core.package_identification:_identify(build) by extensions ['ignore', 'ignore_ament_install']
[0.362s] Level 1:colcon.colcon_core.package_identification:_identify(build) by extension 'ignore'
[0.362s] Level 1:colcon.colcon_core.package_identification:_identify(build) ignored
[0.362s] Level 1:colcon.colcon_core.package_identification:_identify(install) by extensions ['ignore', 'ignore_ament_install']
[0.362s] Level 1:colcon.colcon_core.package_identification:_identify(install) by extension 'ignore'
[0.362s] Level 1:colcon.colcon_core.package_identification:_identify(install) ignored
[0.363s] Level 1:colcon.colcon_core.package_identification:_identify(log) by extensions ['ignore', 'ignore_ament_install']
[0.363s] Level 1:colcon.colcon_core.package_identification:_identify(log) by extension 'ignore'
[0.363s] Level 1:colcon.colcon_core.package_identification:_identify(log) ignored
[0.363s] Level 1:colcon.colcon_core.package_identification:_identify(src) by extensions ['ignore', 'ignore_ament_install']
[0.363s] Level 1:colcon.colcon_core.package_identification:_identify(src) by extension 'ignore'
[0.363s] Level 1:colcon.colcon_core.package_identification:_identify(src) by extension 'ignore_ament_install'
[0.363s] Level 1:colcon.colcon_core.package_identification:_identify(src) by extensions ['colcon_pkg']
[0.363s] Level 1:colcon.colcon_core.package_identification:_identify(src) by extension 'colcon_pkg'
[0.363s] Level 1:colcon.colcon_core.package_identification:_identify(src) by extensions ['colcon_meta']
[0.363s] Level 1:colcon.colcon_core.package_identification:_identify(src) by extension 'colcon_meta'
[0.363s] Level 1:colcon.colcon_core.package_identification:_identify(src) by extensions ['ros']
[0.363s] Level 1:colcon.colcon_core.package_identification:_identify(src) by extension 'ros'
[0.363s] Level 1:colcon.colcon_core.package_identification:_identify(src) by extensions ['cmake', 'python']
[0.363s] Level 1:colcon.colcon_core.package_identification:_identify(src) by extension 'cmake'
[0.363s] Level 1:colcon.colcon_core.package_identification:_identify(src) by extension 'python'
[0.363s] Level 1:colcon.colcon_core.package_identification:_identify(src) by extensions ['python_setup_py']
[0.363s] Level 1:colcon.colcon_core.package_identification:_identify(src) by extension 'python_setup_py'
[0.363s] Level 1:colcon.colcon_core.package_identification:_identify(src/bumperbot_controller) by extensions ['ignore', 'ignore_ament_install']
[0.363s] Level 1:colcon.colcon_core.package_identification:_identify(src/bumperbot_controller) by extension 'ignore'
[0.363s] Level 1:colcon.colcon_core.package_identification:_identify(src/bumperbot_controller) by extension 'ignore_ament_install'
[0.363s] Level 1:colcon.colcon_core.package_identification:_identify(src/bumperbot_controller) by extensions ['colcon_pkg']
[0.363s] Level 1:colcon.colcon_core.package_identification:_identify(src/bumperbot_controller) by extension 'colcon_pkg'
[0.363s] Level 1:colcon.colcon_core.package_identification:_identify(src/bumperbot_controller) by extensions ['colcon_meta']
[0.364s] Level 1:colcon.colcon_core.package_identification:_identify(src/bumperbot_controller) by extension 'colcon_meta'
[0.364s] Level 1:colcon.colcon_core.package_identification:_identify(src/bumperbot_controller) by extensions ['ros']
[0.364s] Level 1:colcon.colcon_core.package_identification:_identify(src/bumperbot_controller) by extension 'ros'
[0.368s] DEBUG:colcon.colcon_core.package_identification:Package 'src/bumperbot_controller' with type 'ros.ament_cmake' and name 'bumperbot_controller'
[0.368s] Level 1:colcon.colcon_core.package_identification:_identify(src/bumperbot_cpp_examples) by extensions ['ignore', 'ignore_ament_install']
[0.368s] Level 1:colcon.colcon_core.package_identification:_identify(src/bumperbot_cpp_examples) by extension 'ignore'
[0.368s] Level 1:colcon.colcon_core.package_identification:_identify(src/bumperbot_cpp_examples) by extension 'ignore_ament_install'
[0.368s] Level 1:colcon.colcon_core.package_identification:_identify(src/bumperbot_cpp_examples) by extensions ['colcon_pkg']
[0.368s] Level 1:colcon.colcon_core.package_identification:_identify(src/bumperbot_cpp_examples) by extension 'colcon_pkg'
[0.368s] Level 1:colcon.colcon_core.package_identification:_identify(src/bumperbot_cpp_examples) by extensions ['colcon_meta']
[0.368s] Level 1:colcon.colcon_core.package_identification:_identify(src/bumperbot_cpp_examples) by extension 'colcon_meta'
[0.369s] Level 1:colcon.colcon_core.package_identification:_identify(src/bumperbot_cpp_examples) by extensions ['ros']
[0.369s] Level 1:colcon.colcon_core.package_identification:_identify(src/bumperbot_cpp_examples) by extension 'ros'
[0.369s] DEBUG:colcon.colcon_core.package_identification:Package 'src/bumperbot_cpp_examples' with type 'ros.ament_cmake' and name 'bumperbot_cpp_examples'
[0.370s] Level 1:colcon.colcon_core.package_identification:_identify(src/bumperbot_description) by extensions ['ignore', 'ignore_ament_install']
[0.370s] Level 1:colcon.colcon_core.package_identification:_identify(src/bumperbot_description) by extension 'ignore'
[0.370s] Level 1:colcon.colcon_core.package_identification:_identify(src/bumperbot_description) by extension 'ignore_ament_install'
[0.370s] Level 1:colcon.colcon_core.package_identification:_identify(src/bumperbot_description) by extensions ['colcon_pkg']
[0.370s] Level 1:colcon.colcon_core.package_identification:_identify(src/bumperbot_description) by extension 'colcon_pkg'
[0.370s] Level 1:colcon.colcon_core.package_identification:_identify(src/bumperbot_description) by extensions ['colcon_meta']
[0.370s] Level 1:colcon.colcon_core.package_identification:_identify(src/bumperbot_description) by extension 'colcon_meta'
[0.370s] Level 1:colcon.colcon_core.package_identification:_identify(src/bumperbot_description) by extensions ['ros']
[0.370s] Level 1:colcon.colcon_core.package_identification:_identify(src/bumperbot_description) by extension 'ros'
[0.371s] DEBUG:colcon.colcon_core.package_identification:Package 'src/bumperbot_description' with type 'ros.ament_cmake' and name 'bumperbot_description'
[0.371s] Level 1:colcon.colcon_core.package_identification:_identify(src/bumperbot_localization) by extensions ['ignore', 'ignore_ament_install']
[0.371s] Level 1:colcon.colcon_core.package_identification:_identify(src/bumperbot_localization) by extension 'ignore'
[0.371s] Level 1:colcon.colcon_core.package_identification:_identify(src/bumperbot_localization) by extension 'ignore_ament_install'
[0.371s] Level 1:colcon.colcon_core.package_identification:_identify(src/bumperbot_localization) by extensions ['colcon_pkg']
[0.371s] Level 1:colcon.colcon_core.package_identification:_identify(src/bumperbot_localization) by extension 'colcon_pkg'
[0.371s] Level 1:colcon.colcon_core.package_identification:_identify(src/bumperbot_localization) by extensions ['colcon_meta']
[0.371s] Level 1:colcon.colcon_core.package_identification:_identify(src/bumperbot_localization) by extension 'colcon_meta'
[0.371s] Level 1:colcon.colcon_core.package_identification:_identify(src/bumperbot_localization) by extensions ['ros']
[0.371s] Level 1:colcon.colcon_core.package_identification:_identify(src/bumperbot_localization) by extension 'ros'
[0.372s] DEBUG:colcon.colcon_core.package_identification:Package 'src/bumperbot_localization' with type 'ros.ament_cmake' and name 'bumperbot_localization'
[0.372s] Level 1:colcon.colcon_core.package_identification:_identify(src/bumperbot_msgs) by extensions ['ignore', 'ignore_ament_install']
[0.372s] Level 1:colcon.colcon_core.package_identification:_identify(src/bumperbot_msgs) by extension 'ignore'
[0.372s] Level 1:colcon.colcon_core.package_identification:_identify(src/bumperbot_msgs) by extension 'ignore_ament_install'
[0.372s] Level 1:colcon.colcon_core.package_identification:_identify(src/bumperbot_msgs) by extensions ['colcon_pkg']
[0.372s] Level 1:colcon.colcon_core.package_identification:_identify(src/bumperbot_msgs) by extension 'colcon_pkg'
[0.372s] Level 1:colcon.colcon_core.package_identification:_identify(src/bumperbot_msgs) by extensions ['colcon_meta']
[0.372s] Level 1:colcon.colcon_core.package_identification:_identify(src/bumperbot_msgs) by extension 'colcon_meta'
[0.372s] Level 1:colcon.colcon_core.package_identification:_identify(src/bumperbot_msgs) by extensions ['ros']
[0.372s] Level 1:colcon.colcon_core.package_identification:_identify(src/bumperbot_msgs) by extension 'ros'
[0.373s] DEBUG:colcon.colcon_core.package_identification:Package 'src/bumperbot_msgs' with type 'ros.ament_cmake' and name 'bumperbot_msgs'
[0.373s] Level 1:colcon.colcon_core.package_identification:_identify(src/bumperbot_py_examples) by extensions ['ignore', 'ignore_ament_install']
[0.373s] Level 1:colcon.colcon_core.package_identification:_identify(src/bumperbot_py_examples) by extension 'ignore'
[0.373s] Level 1:colcon.colcon_core.package_identification:_identify(src/bumperbot_py_examples) by extension 'ignore_ament_install'
[0.373s] Level 1:colcon.colcon_core.package_identification:_identify(src/bumperbot_py_examples) by extensions ['colcon_pkg']
[0.373s] Level 1:colcon.colcon_core.package_identification:_identify(src/bumperbot_py_examples) by extension 'colcon_pkg'
[0.373s] Level 1:colcon.colcon_core.package_identification:_identify(src/bumperbot_py_examples) by extensions ['colcon_meta']
[0.373s] Level 1:colcon.colcon_core.package_identification:_identify(src/bumperbot_py_examples) by extension 'colcon_meta'
[0.373s] Level 1:colcon.colcon_core.package_identification:_identify(src/bumperbot_py_examples) by extensions ['ros']
[0.374s] Level 1:colcon.colcon_core.package_identification:_identify(src/bumperbot_py_examples) by extension 'ros'
[0.375s] DEBUG:colcon.colcon_core.package_identification:Package 'src/bumperbot_py_examples' with type 'ros.ament_python' and name 'bumperbot_py_examples'
[0.375s] Level 1:colcon.colcon_core.package_identification:_identify(src/bumperbot_utils) by extensions ['ignore', 'ignore_ament_install']
[0.375s] Level 1:colcon.colcon_core.package_identification:_identify(src/bumperbot_utils) by extension 'ignore'
[0.375s] Level 1:colcon.colcon_core.package_identification:_identify(src/bumperbot_utils) by extension 'ignore_ament_install'
[0.375s] Level 1:colcon.colcon_core.package_identification:_identify(src/bumperbot_utils) by extensions ['colcon_pkg']
[0.375s] Level 1:colcon.colcon_core.package_identification:_identify(src/bumperbot_utils) by extension 'colcon_pkg'
[0.375s] Level 1:colcon.colcon_core.package_identification:_identify(src/bumperbot_utils) by extensions ['colcon_meta']
[0.375s] Level 1:colcon.colcon_core.package_identification:_identify(src/bumperbot_utils) by extension 'colcon_meta'
[0.375s] Level 1:colcon.colcon_core.package_identification:_identify(src/bumperbot_utils) by extensions ['ros']
[0.375s] Level 1:colcon.colcon_core.package_identification:_identify(src/bumperbot_utils) by extension 'ros'
[0.376s] DEBUG:colcon.colcon_core.package_identification:Package 'src/bumperbot_utils' with type 'ros.ament_python' and name 'bumperbot_utils'
[0.376s] Level 1:colcon.colcon_core.package_discovery:discover_packages(recursive) using defaults
[0.376s] Level 1:colcon.colcon_core.package_discovery:discover_packages(ignore) discover
[0.376s] Level 1:colcon.colcon_core.package_discovery:discover_packages(ignore) using defaults
[0.376s] Level 1:colcon.colcon_core.package_discovery:discover_packages(path) discover
[0.376s] Level 1:colcon.colcon_core.package_discovery:discover_packages(path) using defaults
[0.414s] Level 1:colcon.colcon_core.package_discovery:discover_packages(prefix_path) check parameters
[0.414s] Level 1:colcon.colcon_core.package_discovery:discover_packages(prefix_path) discover
[0.419s] DEBUG:colcon.colcon_installed_package_information.package_discovery:Found 329 installed packages in /opt/ros/humble
[0.420s] Level 1:colcon.colcon_core.package_discovery:discover_packages(prefix_path) using defaults
[0.457s] Level 5:colcon.colcon_core.verb:set package 'bumperbot_controller' build argument 'cmake_args' from command line to 'None'
[0.457s] Level 5:colcon.colcon_core.verb:set package 'bumperbot_controller' build argument 'cmake_target' from command line to 'None'
[0.457s] Level 5:colcon.colcon_core.verb:set package 'bumperbot_controller' build argument 'cmake_target_skip_unavailable' from command line to 'False'
[0.457s] Level 5:colcon.colcon_core.verb:set package 'bumperbot_controller' build argument 'cmake_clean_cache' from command line to 'False'
[0.457s] Level 5:colcon.colcon_core.verb:set package 'bumperbot_controller' build argument 'cmake_clean_first' from command line to 'False'
[0.457s] Level 5:colcon.colcon_core.verb:set package 'bumperbot_controller' build argument 'cmake_force_configure' from command line to 'False'
[0.457s] Level 5:colcon.colcon_core.verb:set package 'bumperbot_controller' build argument 'ament_cmake_args' from command line to 'None'
[0.457s] Level 5:colcon.colcon_core.verb:set package 'bumperbot_controller' build argument 'catkin_cmake_args' from command line to 'None'
[0.457s] Level 5:colcon.colcon_core.verb:set package 'bumperbot_controller' build argument 'catkin_skip_building_tests' from command line to 'False'
[0.457s] DEBUG:colcon.colcon_core.verb:Building package 'bumperbot_controller' with the following arguments: {'ament_cmake_args': None, 'build_base': '/home/isami/bumperbot_ws/build/bumperbot_controller', 'catkin_cmake_args': None, 'catkin_skip_building_tests': False, 'cmake_args': None, 'cmake_clean_cache': False, 'cmake_clean_first': False, 'cmake_force_configure': False, 'cmake_target': None, 'cmake_target_skip_unavailable': False, 'install_base': '/home/isami/bumperbot_ws/install/bumperbot_controller', 'merge_install': False, 'path': '/home/isami/bumperbot_ws/src/bumperbot_controller', 'symlink_install': False, 'test_result_base': None}
[0.458s] Level 5:colcon.colcon_core.verb:set package 'bumperbot_cpp_examples' build argument 'cmake_args' from command line to 'None'
[0.458s] Level 5:colcon.colcon_core.verb:set package 'bumperbot_cpp_examples' build argument 'cmake_target' from command line to 'None'
[0.458s] Level 5:colcon.colcon_core.verb:set package 'bumperbot_cpp_examples' build argument 'cmake_target_skip_unavailable' from command line to 'False'
[0.458s] Level 5:colcon.colcon_core.verb:set package 'bumperbot_cpp_examples' build argument 'cmake_clean_cache' from command line to 'False'
[0.458s] Level 5:colcon.colcon_core.verb:set package 'bumperbot_cpp_examples' build argument 'cmake_clean_first' from command line to 'False'
[0.458s] Level 5:colcon.colcon_core.verb:set package 'bumperbot_cpp_examples' build argument 'cmake_force_configure' from command line to 'False'
[0.458s] Level 5:colcon.colcon_core.verb:set package 'bumperbot_cpp_examples' build argument 'ament_cmake_args' from command line to 'None'
[0.458s] Level 5:colcon.colcon_core.verb:set package 'bumperbot_cpp_examples' build argument 'catkin_cmake_args' from command line to 'None'
[0.458s] Level 5:colcon.colcon_core.verb:set package 'bumperbot_cpp_examples' build argument 'catkin_skip_building_tests' from command line to 'False'
[0.458s] DEBUG:colcon.colcon_core.verb:Building package 'bumperbot_cpp_examples' with the following arguments: {'ament_cmake_args': None, 'build_base': '/home/isami/bumperbot_ws/build/bumperbot_cpp_examples', 'catkin_cmake_args': None, 'catkin_skip_building_tests': False, 'cmake_args': None, 'cmake_clean_cache': False, 'cmake_clean_first': False, 'cmake_force_configure': False, 'cmake_target': None, 'cmake_target_skip_unavailable': False, 'install_base': '/home/isami/bumperbot_ws/install/bumperbot_cpp_examples', 'merge_install': False, 'path': '/home/isami/bumperbot_ws/src/bumperbot_cpp_examples', 'symlink_install': False, 'test_result_base': None}
[0.458s] Level 5:colcon.colcon_core.verb:set package 'bumperbot_description' build argument 'cmake_args' from command line to 'None'
[0.458s] Level 5:colcon.colcon_core.verb:set package 'bumperbot_description' build argument 'cmake_target' from command line to 'None'
[0.458s] Level 5:colcon.colcon_core.verb:set package 'bumperbot_description' build argument 'cmake_target_skip_unavailable' from command line to 'False'
[0.458s] Level 5:colcon.colcon_core.verb:set package 'bumperbot_description' build argument 'cmake_clean_cache' from command line to 'False'
[0.458s] Level 5:colcon.colcon_core.verb:set package 'bumperbot_description' build argument 'cmake_clean_first' from command line to 'False'
[0.458s] Level 5:colcon.colcon_core.verb:set package 'bumperbot_description' build argument 'cmake_force_configure' from command line to 'False'
[0.458s] Level 5:colcon.colcon_core.verb:set package 'bumperbot_description' build argument 'ament_cmake_args' from command line to 'None'
[0.458s] Level 5:colcon.colcon_core.verb:set package 'bumperbot_description' build argument 'catkin_cmake_args' from command line to 'None'
[0.458s] Level 5:colcon.colcon_core.verb:set package 'bumperbot_description' build argument 'catkin_skip_building_tests' from command line to 'False'
[0.458s] DEBUG:colcon.colcon_core.verb:Building package 'bumperbot_description' with the following arguments: {'ament_cmake_args': None, 'build_base': '/home/isami/bumperbot_ws/build/bumperbot_description', 'catkin_cmake_args': None, 'catkin_skip_building_tests': False, 'cmake_args': None, 'cmake_clean_cache': False, 'cmake_clean_first': False, 'cmake_force_configure': False, 'cmake_target': None, 'cmake_target_skip_unavailable': False, 'install_base': '/home/isami/bumperbot_ws/install/bumperbot_description', 'merge_install': False, 'path': '/home/isami/bumperbot_ws/src/bumperbot_description', 'symlink_install': False, 'test_result_base': None}
[0.459s] Level 5:colcon.colcon_core.verb:set package 'bumperbot_localization' build argument 'cmake_args' from command line to 'None'
[0.459s] Level 5:colcon.colcon_core.verb:set package 'bumperbot_localization' build argument 'cmake_target' from command line to 'None'
[0.459s] Level 5:colcon.colcon_core.verb:set package 'bumperbot_localization' build argument 'cmake_target_skip_unavailable' from command line to 'False'
[0.459s] Level 5:colcon.colcon_core.verb:set package 'bumperbot_localization' build argument 'cmake_clean_cache' from command line to 'False'
[0.459s] Level 5:colcon.colcon_core.verb:set package 'bumperbot_localization' build argument 'cmake_clean_first' from command line to 'False'
[0.459s] Level 5:colcon.colcon_core.verb:set package 'bumperbot_localization' build argument 'cmake_force_configure' from command line to 'False'
[0.459s] Level 5:colcon.colcon_core.verb:set package 'bumperbot_localization' build argument 'ament_cmake_args' from command line to 'None'
[0.459s] Level 5:colcon.colcon_core.verb:set package 'bumperbot_localization' build argument 'catkin_cmake_args' from command line to 'None'
[0.459s] Level 5:colcon.colcon_core.verb:set package 'bumperbot_localization' build argument 'catkin_skip_building_tests' from command line to 'False'
[0.459s] DEBUG:colcon.colcon_core.verb:Building package 'bumperbot_localization' with the following arguments: {'ament_cmake_args': None, 'build_base': '/home/isami/bumperbot_ws/build/bumperbot_localization', 'catkin_cmake_args': None, 'catkin_skip_building_tests': False, 'cmake_args': None, 'cmake_clean_cache': False, 'cmake_clean_first': False, 'cmake_force_configure': False, 'cmake_target': None, 'cmake_target_skip_unavailable': False, 'install_base': '/home/isami/bumperbot_ws/install/bumperbot_localization', 'merge_install': False, 'path': '/home/isami/bumperbot_ws/src/bumperbot_localization', 'symlink_install': False, 'test_result_base': None}
[0.459s] Level 5:colcon.colcon_core.verb:set package 'bumperbot_msgs' build argument 'cmake_args' from command line to 'None'
[0.459s] Level 5:colcon.colcon_core.verb:set package 'bumperbot_msgs' build argument 'cmake_target' from command line to 'None'
[0.459s] Level 5:colcon.colcon_core.verb:set package 'bumperbot_msgs' build argument 'cmake_target_skip_unavailable' from command line to 'False'
[0.459s] Level 5:colcon.colcon_core.verb:set package 'bumperbot_msgs' build argument 'cmake_clean_cache' from command line to 'False'
[0.459s] Level 5:colcon.colcon_core.verb:set package 'bumperbot_msgs' build argument 'cmake_clean_first' from command line to 'False'
[0.459s] Level 5:colcon.colcon_core.verb:set package 'bumperbot_msgs' build argument 'cmake_force_configure' from command line to 'False'
[0.459s] Level 5:colcon.colcon_core.verb:set package 'bumperbot_msgs' build argument 'ament_cmake_args' from command line to 'None'
[0.459s] Level 5:colcon.colcon_core.verb:set package 'bumperbot_msgs' build argument 'catkin_cmake_args' from command line to 'None'
[0.459s] Level 5:colcon.colcon_core.verb:set package 'bumperbot_msgs' build argument 'catkin_skip_building_tests' from command line to 'False'
[0.459s] DEBUG:colcon.colcon_core.verb:Building package 'bumperbot_msgs' with the following arguments: {'ament_cmake_args': None, 'build_base': '/home/isami/bumperbot_ws/build/bumperbot_msgs', 'catkin_cmake_args': None, 'catkin_skip_building_tests': False, 'cmake_args': None, 'cmake_clean_cache': False, 'cmake_clean_first': False, 'cmake_force_configure': False, 'cmake_target': None, 'cmake_target_skip_unavailable': False, 'install_base': '/home/isami/bumperbot_ws/install/bumperbot_msgs', 'merge_install': False, 'path': '/home/isami/bumperbot_ws/src/bumperbot_msgs', 'symlink_install': False, 'test_result_base': None}
[0.460s] Level 5:colcon.colcon_core.verb:set package 'bumperbot_utils' build argument 'cmake_args' from command line to 'None'
[0.460s] Level 5:colcon.colcon_core.verb:set package 'bumperbot_utils' build argument 'cmake_target' from command line to 'None'
[0.460s] Level 5:colcon.colcon_core.verb:set package 'bumperbot_utils' build argument 'cmake_target_skip_unavailable' from command line to 'False'
[0.460s] Level 5:colcon.colcon_core.verb:set package 'bumperbot_utils' build argument 'cmake_clean_cache' from command line to 'False'
[0.460s] Level 5:colcon.colcon_core.verb:set package 'bumperbot_utils' build argument 'cmake_clean_first' from command line to 'False'
[0.460s] Level 5:colcon.colcon_core.verb:set package 'bumperbot_utils' build argument 'cmake_force_configure' from command line to 'False'
[0.460s] Level 5:colcon.colcon_core.verb:set package 'bumperbot_utils' build argument 'ament_cmake_args' from command line to 'None'
[0.460s] Level 5:colcon.colcon_core.verb:set package 'bumperbot_utils' build argument 'catkin_cmake_args' from command line to 'None'
[0.460s] Level 5:colcon.colcon_core.verb:set package 'bumperbot_utils' build argument 'catkin_skip_building_tests' from command line to 'False'
[0.460s] DEBUG:colcon.colcon_core.verb:Building package 'bumperbot_utils' with the following arguments: {'ament_cmake_args': None, 'build_base': '/home/isami/bumperbot_ws/build/bumperbot_utils', 'catkin_cmake_args': None, 'catkin_skip_building_tests': False, 'cmake_args': None, 'cmake_clean_cache': False, 'cmake_clean_first': False, 'cmake_force_configure': False, 'cmake_target': None, 'cmake_target_skip_unavailable': False, 'install_base': '/home/isami/bumperbot_ws/install/bumperbot_utils', 'merge_install': False, 'path': '/home/isami/bumperbot_ws/src/bumperbot_utils', 'symlink_install': False, 'test_result_base': None}
[0.460s] Level 5:colcon.colcon_core.verb:set package 'bumperbot_py_examples' build argument 'cmake_args' from command line to 'None'
[0.460s] Level 5:colcon.colcon_core.verb:set package 'bumperbot_py_examples' build argument 'cmake_target' from command line to 'None'
[0.460s] Level 5:colcon.colcon_core.verb:set package 'bumperbot_py_examples' build argument 'cmake_target_skip_unavailable' from command line to 'False'
[0.460s] Level 5:colcon.colcon_core.verb:set package 'bumperbot_py_examples' build argument 'cmake_clean_cache' from command line to 'False'
[0.460s] Level 5:colcon.colcon_core.verb:set package 'bumperbot_py_examples' build argument 'cmake_clean_first' from command line to 'False'
[0.460s] Level 5:colcon.colcon_core.verb:set package 'bumperbot_py_examples' build argument 'cmake_force_configure' from command line to 'False'
[0.460s] Level 5:colcon.colcon_core.verb:set package 'bumperbot_py_examples' build argument 'ament_cmake_args' from command line to 'None'
[0.460s] Level 5:colcon.colcon_core.verb:set package 'bumperbot_py_examples' build argument 'catkin_cmake_args' from command line to 'None'
[0.460s] Level 5:colcon.colcon_core.verb:set package 'bumperbot_py_examples' build argument 'catkin_skip_building_tests' from command line to 'False'
[0.460s] DEBUG:colcon.colcon_core.verb:Building package 'bumperbot_py_examples' with the following arguments: {'ament_cmake_args': None, 'build_base': '/home/isami/bumperbot_ws/build/bumperbot_py_examples', 'catkin_cmake_args': None, 'catkin_skip_building_tests': False, 'cmake_args': None, 'cmake_clean_cache': False, 'cmake_clean_first': False, 'cmake_force_configure': False, 'cmake_target': None, 'cmake_target_skip_unavailable': False, 'install_base': '/home/isami/bumperbot_ws/install/bumperbot_py_examples', 'merge_install': False, 'path': '/home/isami/bumperbot_ws/src/bumperbot_py_examples', 'symlink_install': False, 'test_result_base': None}
[0.460s] INFO:colcon.colcon_core.executor:Executing jobs using 'parallel' executor
[0.461s] DEBUG:colcon.colcon_parallel_executor.executor.parallel:run_until_complete
[0.462s] INFO:colcon.colcon_ros.task.ament_cmake.build:Building ROS package in '/home/isami/bumperbot_ws/src/bumperbot_msgs' with build type 'ament_cmake'
[0.462s] INFO:colcon.colcon_cmake.task.cmake.build:Building CMake package in '/home/isami/bumperbot_ws/src/bumperbot_msgs'
[0.467s] INFO:colcon.colcon_core.plugin_system:Skipping extension 'colcon_core.shell.bat': Not used on non-Windows systems
[0.468s] INFO:colcon.colcon_core.shell:Skip shell extension 'powershell' for command environment: Not usable outside of PowerShell
[0.468s] DEBUG:colcon.colcon_core.shell:Skip shell extension 'dsv' for command environment
[0.471s] INFO:colcon.colcon_ros.task.ament_cmake.build:Building ROS package in '/home/isami/bumperbot_ws/src/bumperbot_controller' with build type 'ament_cmake'
[0.471s] INFO:colcon.colcon_cmake.task.cmake.build:Building CMake package in '/home/isami/bumperbot_ws/src/bumperbot_controller'
[0.471s] INFO:colcon.colcon_core.shell:Skip shell extension 'powershell' for command environment: Not usable outside of PowerShell
[0.471s] DEBUG:colcon.colcon_core.shell:Skip shell extension 'dsv' for command environment
[0.475s] INFO:colcon.colcon_ros.task.ament_cmake.build:Building ROS package in '/home/isami/bumperbot_ws/src/bumperbot_cpp_examples' with build type 'ament_cmake'
[0.475s] INFO:colcon.colcon_cmake.task.cmake.build:Building CMake package in '/home/isami/bumperbot_ws/src/bumperbot_cpp_examples'
[0.475s] INFO:colcon.colcon_core.shell:Skip shell extension 'powershell' for command environment: Not usable outside of PowerShell
[0.475s] DEBUG:colcon.colcon_core.shell:Skip shell extension 'dsv' for command environment
[0.496s] DEBUG:colcon.colcon_core.event_handler.log_command:Invoking command in '/home/isami/bumperbot_ws/build/bumperbot_msgs': CMAKE_PREFIX_PATH=/opt/ros/humble /usr/bin/cmake --build /home/isami/bumperbot_ws/build/bumperbot_msgs -- -j3 -l3
[0.500s] DEBUG:colcon.colcon_core.event_handler.log_command:Invoking command in '/home/isami/bumperbot_ws/build/bumperbot_controller': CMAKE_PREFIX_PATH=/opt/ros/humble /usr/bin/cmake --build /home/isami/bumperbot_ws/build/bumperbot_controller -- -j3 -l3
[0.516s] DEBUG:colcon.colcon_core.event_handler.log_command:Invoking command in '/home/isami/bumperbot_ws/build/bumperbot_cpp_examples': CMAKE_PREFIX_PATH=/opt/ros/humble /usr/bin/cmake --build /home/isami/bumperbot_ws/build/bumperbot_cpp_examples -- -j3 -l3
[0.597s] DEBUG:colcon.colcon_core.event_handler.log_command:Invoked command in '/home/isami/bumperbot_ws/build/bumperbot_cpp_examples' returned '0': CMAKE_PREFIX_PATH=/opt/ros/humble /usr/bin/cmake --build /home/isami/bumperbot_ws/build/bumperbot_cpp_examples -- -j3 -l3
[0.668s] DEBUG:colcon.colcon_core.event_handler.log_command:Invoking command in '/home/isami/bumperbot_ws/build/bumperbot_cpp_examples': CMAKE_PREFIX_PATH=/opt/ros/humble /usr/bin/cmake --install /home/isami/bumperbot_ws/build/bumperbot_cpp_examples
[0.685s] Level 1:colcon.colcon_core.environment:create_environment_scripts_only(bumperbot_cpp_examples)
[0.686s] DEBUG:colcon.colcon_core.event_handler.log_command:Invoked command in '/home/isami/bumperbot_ws/build/bumperbot_cpp_examples' returned '0': CMAKE_PREFIX_PATH=/opt/ros/humble /usr/bin/cmake --install /home/isami/bumperbot_ws/build/bumperbot_cpp_examples
[0.688s] Level 1:colcon.colcon_core.environment:checking '/home/isami/bumperbot_ws/install/bumperbot_cpp_examples' for CMake module files
[0.688s] Level 1:colcon.colcon_core.environment:checking '/home/isami/bumperbot_ws/install/bumperbot_cpp_examples' for CMake config files
[0.689s] Level 1:colcon.colcon_core.shell:create_environment_hook('bumperbot_cpp_examples', 'cmake_prefix_path')
[0.689s] INFO:colcon.colcon_core.shell:Creating environment hook '/home/isami/bumperbot_ws/install/bumperbot_cpp_examples/share/bumperbot_cpp_examples/hook/cmake_prefix_path.ps1'
[0.689s] INFO:colcon.colcon_core.shell:Creating environment descriptor '/home/isami/bumperbot_ws/install/bumperbot_cpp_examples/share/bumperbot_cpp_examples/hook/cmake_prefix_path.dsv'
[0.690s] INFO:colcon.colcon_core.shell:Creating environment hook '/home/isami/bumperbot_ws/install/bumperbot_cpp_examples/share/bumperbot_cpp_examples/hook/cmake_prefix_path.sh'
[0.691s] Level 1:colcon.colcon_core.environment:checking '/home/isami/bumperbot_ws/install/bumperbot_cpp_examples/bin'
[0.691s] Level 1:colcon.colcon_core.environment:checking '/home/isami/bumperbot_ws/install/bumperbot_cpp_examples/lib/pkgconfig/bumperbot_cpp_examples.pc'
[0.691s] Level 1:colcon.colcon_core.environment:checking '/home/isami/bumperbot_ws/install/bumperbot_cpp_examples/lib/python3.10/site-packages'
[0.691s] Level 1:colcon.colcon_core.environment:checking '/home/isami/bumperbot_ws/install/bumperbot_cpp_examples/bin'
[0.692s] INFO:colcon.colcon_core.shell:Creating package script '/home/isami/bumperbot_ws/install/bumperbot_cpp_examples/share/bumperbot_cpp_examples/package.ps1'
[0.692s] INFO:colcon.colcon_core.shell:Creating package descriptor '/home/isami/bumperbot_ws/install/bumperbot_cpp_examples/share/bumperbot_cpp_examples/package.dsv'
[0.693s] INFO:colcon.colcon_core.shell:Creating package script '/home/isami/bumperbot_ws/install/bumperbot_cpp_examples/share/bumperbot_cpp_examples/package.sh'
[0.702s] INFO:colcon.colcon_core.shell:Creating package script '/home/isami/bumperbot_ws/install/bumperbot_cpp_examples/share/bumperbot_cpp_examples/package.bash'
[0.704s] INFO:colcon.colcon_core.shell:Creating package script '/home/isami/bumperbot_ws/install/bumperbot_cpp_examples/share/bumperbot_cpp_examples/package.zsh'
[0.705s] Level 1:colcon.colcon_core.environment:create_file_with_runtime_dependencies(/home/isami/bumperbot_ws/install/bumperbot_cpp_examples/share/colcon-core/packages/bumperbot_cpp_examples)
[0.768s] Level 1:colcon.colcon_core.environment:create_environment_scripts_only(bumperbot_cpp_examples)
[0.769s] Level 1:colcon.colcon_core.environment:checking '/home/isami/bumperbot_ws/install/bumperbot_cpp_examples' for CMake module files
[0.770s] Level 1:colcon.colcon_core.environment:checking '/home/isami/bumperbot_ws/install/bumperbot_cpp_examples' for CMake config files
[0.770s] Level 1:colcon.colcon_core.shell:create_environment_hook('bumperbot_cpp_examples', 'cmake_prefix_path')
[0.771s] INFO:colcon.colcon_core.shell:Creating environment hook '/home/isami/bumperbot_ws/install/bumperbot_cpp_examples/share/bumperbot_cpp_examples/hook/cmake_prefix_path.ps1'
[0.772s] INFO:colcon.colcon_core.shell:Creating environment descriptor '/home/isami/bumperbot_ws/install/bumperbot_cpp_examples/share/bumperbot_cpp_examples/hook/cmake_prefix_path.dsv'
[0.772s] INFO:colcon.colcon_core.shell:Creating environment hook '/home/isami/bumperbot_ws/install/bumperbot_cpp_examples/share/bumperbot_cpp_examples/hook/cmake_prefix_path.sh'
[0.773s] Level 1:colcon.colcon_core.environment:checking '/home/isami/bumperbot_ws/install/bumperbot_cpp_examples/bin'
[0.773s] Level 1:colcon.colcon_core.environment:checking '/home/isami/bumperbot_ws/install/bumperbot_cpp_examples/lib/pkgconfig/bumperbot_cpp_examples.pc'
[0.774s] Level 1:colcon.colcon_core.environment:checking '/home/isami/bumperbot_ws/install/bumperbot_cpp_examples/lib/python3.10/site-packages'
[0.774s] Level 1:colcon.colcon_core.environment:checking '/home/isami/bumperbot_ws/install/bumperbot_cpp_examples/bin'
[0.774s] INFO:colcon.colcon_core.shell:Creating package script '/home/isami/bumperbot_ws/install/bumperbot_cpp_examples/share/bumperbot_cpp_examples/package.ps1'
[0.778s] INFO:colcon.colcon_core.shell:Creating package descriptor '/home/isami/bumperbot_ws/install/bumperbot_cpp_examples/share/bumperbot_cpp_examples/package.dsv'
[0.781s] INFO:colcon.colcon_core.shell:Creating package script '/home/isami/bumperbot_ws/install/bumperbot_cpp_examples/share/bumperbot_cpp_examples/package.sh'
[0.782s] INFO:colcon.colcon_core.shell:Creating package script '/home/isami/bumperbot_ws/install/bumperbot_cpp_examples/share/bumperbot_cpp_examples/package.bash'
[0.782s] INFO:colcon.colcon_core.shell:Creating package script '/home/isami/bumperbot_ws/install/bumperbot_cpp_examples/share/bumperbot_cpp_examples/package.zsh'
[0.783s] Level 1:colcon.colcon_core.environment:create_file_with_runtime_dependencies(/home/isami/bumperbot_ws/install/bumperbot_cpp_examples/share/colcon-core/packages/bumperbot_cpp_examples)
[0.783s] INFO:colcon.colcon_ros.task.ament_cmake.build:Building ROS package in '/home/isami/bumperbot_ws/src/bumperbot_description' with build type 'ament_cmake'
[0.783s] INFO:colcon.colcon_cmake.task.cmake.build:Building CMake package in '/home/isami/bumperbot_ws/src/bumperbot_description'
[0.784s] INFO:colcon.colcon_core.shell:Skip shell extension 'powershell' for command environment: Not usable outside of PowerShell
[0.784s] DEBUG:colcon.colcon_core.shell:Skip shell extension 'dsv' for command environment
[0.826s] DEBUG:colcon.colcon_core.event_handler.log_command:Invoking command in '/home/isami/bumperbot_ws/build/bumperbot_description': CMAKE_PREFIX_PATH=/opt/ros/humble /usr/bin/cmake --build /home/isami/bumperbot_ws/build/bumperbot_description -- -j3 -l3
[0.880s] DEBUG:colcon.colcon_core.event_handler.log_command:Invoked command in '/home/isami/bumperbot_ws/build/bumperbot_description' returned '0': CMAKE_PREFIX_PATH=/opt/ros/humble /usr/bin/cmake --build /home/isami/bumperbot_ws/build/bumperbot_description -- -j3 -l3
[0.987s] DEBUG:colcon.colcon_core.event_handler.log_command:Invoking command in '/home/isami/bumperbot_ws/build/bumperbot_description': CMAKE_PREFIX_PATH=/opt/ros/humble /usr/bin/cmake --install /home/isami/bumperbot_ws/build/bumperbot_description
[1.011s] Level 1:colcon.colcon_core.environment:create_environment_scripts_only(bumperbot_description)
[1.011s] DEBUG:colcon.colcon_core.event_handler.log_command:Invoked command in '/home/isami/bumperbot_ws/build/bumperbot_description' returned '0': CMAKE_PREFIX_PATH=/opt/ros/humble /usr/bin/cmake --install /home/isami/bumperbot_ws/build/bumperbot_description
[1.012s] Level 1:colcon.colcon_core.environment:checking '/home/isami/bumperbot_ws/install/bumperbot_description' for CMake module files
[1.013s] Level 1:colcon.colcon_core.environment:checking '/home/isami/bumperbot_ws/install/bumperbot_description' for CMake config files
[1.013s] Level 1:colcon.colcon_core.shell:create_environment_hook('bumperbot_description', 'cmake_prefix_path')
[1.013s] INFO:colcon.colcon_core.shell:Creating environment hook '/home/isami/bumperbot_ws/install/bumperbot_description/share/bumperbot_description/hook/cmake_prefix_path.ps1'
[1.014s] INFO:colcon.colcon_core.shell:Creating environment descriptor '/home/isami/bumperbot_ws/install/bumperbot_description/share/bumperbot_description/hook/cmake_prefix_path.dsv'
[1.015s] INFO:colcon.colcon_core.shell:Creating environment hook '/home/isami/bumperbot_ws/install/bumperbot_description/share/bumperbot_description/hook/cmake_prefix_path.sh'
[1.016s] Level 1:colcon.colcon_core.environment:checking '/home/isami/bumperbot_ws/install/bumperbot_description/bin'
[1.016s] Level 1:colcon.colcon_core.environment:checking '/home/isami/bumperbot_ws/install/bumperbot_description/lib/pkgconfig/bumperbot_description.pc'
[1.016s] Level 1:colcon.colcon_core.environment:checking '/home/isami/bumperbot_ws/install/bumperbot_description/lib/python3.10/site-packages'
[1.017s] Level 1:colcon.colcon_core.environment:checking '/home/isami/bumperbot_ws/install/bumperbot_description/bin'
[1.017s] INFO:colcon.colcon_core.shell:Creating package script '/home/isami/bumperbot_ws/install/bumperbot_description/share/bumperbot_description/package.ps1'
[1.017s] INFO:colcon.colcon_core.shell:Creating package descriptor '/home/isami/bumperbot_ws/install/bumperbot_description/share/bumperbot_description/package.dsv'
[1.018s] INFO:colcon.colcon_core.shell:Creating package script '/home/isami/bumperbot_ws/install/bumperbot_description/share/bumperbot_description/package.sh'
[1.018s] INFO:colcon.colcon_core.shell:Creating package script '/home/isami/bumperbot_ws/install/bumperbot_description/share/bumperbot_description/package.bash'
[1.018s] INFO:colcon.colcon_core.shell:Creating package script '/home/isami/bumperbot_ws/install/bumperbot_description/share/bumperbot_description/package.zsh'
[1.019s] Level 1:colcon.colcon_core.environment:create_file_with_runtime_dependencies(/home/isami/bumperbot_ws/install/bumperbot_description/share/colcon-core/packages/bumperbot_description)
[1.029s] DEBUG:colcon.colcon_core.event_handler.log_command:Invoked command in '/home/isami/bumperbot_ws/build/bumperbot_controller' returned '0': CMAKE_PREFIX_PATH=/opt/ros/humble /usr/bin/cmake --build /home/isami/bumperbot_ws/build/bumperbot_controller -- -j3 -l3
[1.041s] Level 1:colcon.colcon_core.environment:create_environment_scripts_only(bumperbot_description)
[1.041s] Level 1:colcon.colcon_core.environment:checking '/home/isami/bumperbot_ws/install/bumperbot_description' for CMake module files
[1.042s] Level 1:colcon.colcon_core.environment:checking '/home/isami/bumperbot_ws/install/bumperbot_description' for CMake config files
[1.042s] Level 1:colcon.colcon_core.shell:create_environment_hook('bumperbot_description', 'cmake_prefix_path')
[1.042s] INFO:colcon.colcon_core.shell:Creating environment hook '/home/isami/bumperbot_ws/install/bumperbot_description/share/bumperbot_description/hook/cmake_prefix_path.ps1'
[1.043s] INFO:colcon.colcon_core.shell:Creating environment descriptor '/home/isami/bumperbot_ws/install/bumperbot_description/share/bumperbot_description/hook/cmake_prefix_path.dsv'
[1.043s] INFO:colcon.colcon_core.shell:Creating environment hook '/home/isami/bumperbot_ws/install/bumperbot_description/share/bumperbot_description/hook/cmake_prefix_path.sh'
[1.044s] Level 1:colcon.colcon_core.environment:checking '/home/isami/bumperbot_ws/install/bumperbot_description/bin'
[1.044s] Level 1:colcon.colcon_core.environment:checking '/home/isami/bumperbot_ws/install/bumperbot_description/lib/pkgconfig/bumperbot_description.pc'
[1.044s] Level 1:colcon.colcon_core.environment:checking '/home/isami/bumperbot_ws/install/bumperbot_description/lib/python3.10/site-packages'
[1.044s] Level 1:colcon.colcon_core.environment:checking '/home/isami/bumperbot_ws/install/bumperbot_description/bin'
[1.044s] INFO:colcon.colcon_core.shell:Creating package script '/home/isami/bumperbot_ws/install/bumperbot_description/share/bumperbot_description/package.ps1'
[1.045s] INFO:colcon.colcon_core.shell:Creating package descriptor '/home/isami/bumperbot_ws/install/bumperbot_description/share/bumperbot_description/package.dsv'
[1.045s] INFO:colcon.colcon_core.shell:Creating package script '/home/isami/bumperbot_ws/install/bumperbot_description/share/bumperbot_description/package.sh'
[1.046s] INFO:colcon.colcon_core.shell:Creating package script '/home/isami/bumperbot_ws/install/bumperbot_description/share/bumperbot_description/package.bash'
[1.046s] INFO:colcon.colcon_core.shell:Creating package script '/home/isami/bumperbot_ws/install/bumperbot_description/share/bumperbot_description/package.zsh'
[1.047s] Level 1:colcon.colcon_core.environment:create_file_with_runtime_dependencies(/home/isami/bumperbot_ws/install/bumperbot_description/share/colcon-core/packages/bumperbot_description)
[1.048s] INFO:colcon.colcon_ros.task.ament_cmake.build:Building ROS package in '/home/isami/bumperbot_ws/src/bumperbot_localization' with build type 'ament_cmake'
[1.048s] INFO:colcon.colcon_cmake.task.cmake.build:Building CMake package in '/home/isami/bumperbot_ws/src/bumperbot_localization'
[1.048s] INFO:colcon.colcon_core.shell:Skip shell extension 'powershell' for command environment: Not usable outside of PowerShell
[1.048s] DEBUG:colcon.colcon_core.shell:Skip shell extension 'dsv' for command environment
[1.055s] DEBUG:colcon.colcon_core.event_handler.log_command:Invoking command in '/home/isami/bumperbot_ws/build/bumperbot_controller': CMAKE_PREFIX_PATH=/opt/ros/humble /usr/bin/cmake --install /home/isami/bumperbot_ws/build/bumperbot_controller
[1.057s] DEBUG:colcon.colcon_core.event_handler.log_command:Invoking command in '/home/isami/bumperbot_ws/build/bumperbot_localization': CMAKE_PREFIX_PATH=/opt/ros/humble /usr/bin/cmake /home/isami/bumperbot_ws/src/bumperbot_localization -DCMAKE_INSTALL_PREFIX=/home/isami/bumperbot_ws/install/bumperbot_localization
[1.111s] DEBUG:colcon.colcon_core.event_handler.log_command:Invoked command in '/home/isami/bumperbot_ws/build/bumperbot_msgs' returned '0': CMAKE_PREFIX_PATH=/opt/ros/humble /usr/bin/cmake --build /home/isami/bumperbot_ws/build/bumperbot_msgs -- -j3 -l3
[1.163s] Level 1:colcon.colcon_core.environment:create_environment_scripts_only(bumperbot_controller)
[1.163s] Level 1:colcon.colcon_core.environment:checking '/home/isami/bumperbot_ws/install/bumperbot_controller' for CMake module files
[1.164s] Level 1:colcon.colcon_core.environment:checking '/home/isami/bumperbot_ws/install/bumperbot_controller' for CMake config files
[1.165s] DEBUG:colcon.colcon_core.event_handler.log_command:Invoked command in '/home/isami/bumperbot_ws/build/bumperbot_controller' returned '0': CMAKE_PREFIX_PATH=/opt/ros/humble /usr/bin/cmake --install /home/isami/bumperbot_ws/build/bumperbot_controller
[1.165s] Level 1:colcon.colcon_core.shell:create_environment_hook('bumperbot_controller', 'cmake_prefix_path')
[1.166s] INFO:colcon.colcon_core.shell:Creating environment hook '/home/isami/bumperbot_ws/install/bumperbot_controller/share/bumperbot_controller/hook/cmake_prefix_path.ps1'
[1.166s] INFO:colcon.colcon_core.shell:Creating environment descriptor '/home/isami/bumperbot_ws/install/bumperbot_controller/share/bumperbot_controller/hook/cmake_prefix_path.dsv'
[1.167s] INFO:colcon.colcon_core.shell:Creating environment hook '/home/isami/bumperbot_ws/install/bumperbot_controller/share/bumperbot_controller/hook/cmake_prefix_path.sh'
[1.168s] Level 1:colcon.colcon_core.environment:checking '/home/isami/bumperbot_ws/install/bumperbot_controller/lib'
[1.168s] Level 1:colcon.colcon_core.environment:checking '/home/isami/bumperbot_ws/install/bumperbot_controller/bin'
[1.168s] Level 1:colcon.colcon_core.environment:checking '/home/isami/bumperbot_ws/install/bumperbot_controller/lib/pkgconfig/bumperbot_controller.pc'
[1.168s] Level 1:colcon.colcon_core.environment:checking '/home/isami/bumperbot_ws/install/bumperbot_controller/lib/python3.10/site-packages'
[1.169s] Level 1:colcon.colcon_core.environment:checking '/home/isami/bumperbot_ws/install/bumperbot_controller/bin'
[1.169s] INFO:colcon.colcon_core.shell:Creating package script '/home/isami/bumperbot_ws/install/bumperbot_controller/share/bumperbot_controller/package.ps1'
[1.170s] INFO:colcon.colcon_core.shell:Creating package descriptor '/home/isami/bumperbot_ws/install/bumperbot_controller/share/bumperbot_controller/package.dsv'
[1.171s] INFO:colcon.colcon_core.shell:Creating package script '/home/isami/bumperbot_ws/install/bumperbot_controller/share/bumperbot_controller/package.sh'
[1.172s] INFO:colcon.colcon_core.shell:Creating package script '/home/isami/bumperbot_ws/install/bumperbot_controller/share/bumperbot_controller/package.bash'
[1.173s] INFO:colcon.colcon_core.shell:Creating package script '/home/isami/bumperbot_ws/install/bumperbot_controller/share/bumperbot_controller/package.zsh'
[1.173s] Level 1:colcon.colcon_core.environment:create_file_with_runtime_dependencies(/home/isami/bumperbot_ws/install/bumperbot_controller/share/colcon-core/packages/bumperbot_controller)
[1.218s] Level 1:colcon.colcon_core.environment:create_environment_scripts_only(bumperbot_controller)
[1.219s] Level 1:colcon.colcon_core.environment:checking '/home/isami/bumperbot_ws/install/bumperbot_controller' for CMake module files
[1.219s] Level 1:colcon.colcon_core.environment:checking '/home/isami/bumperbot_ws/install/bumperbot_controller' for CMake config files
[1.219s] Level 1:colcon.colcon_core.shell:create_environment_hook('bumperbot_controller', 'cmake_prefix_path')
[1.220s] INFO:colcon.colcon_core.shell:Creating environment hook '/home/isami/bumperbot_ws/install/bumperbot_controller/share/bumperbot_controller/hook/cmake_prefix_path.ps1'
[1.221s] INFO:colcon.colcon_core.shell:Creating environment descriptor '/home/isami/bumperbot_ws/install/bumperbot_controller/share/bumperbot_controller/hook/cmake_prefix_path.dsv'
[1.221s] INFO:colcon.colcon_core.shell:Creating environment hook '/home/isami/bumperbot_ws/install/bumperbot_controller/share/bumperbot_controller/hook/cmake_prefix_path.sh'
[1.222s] Level 1:colcon.colcon_core.environment:checking '/home/isami/bumperbot_ws/install/bumperbot_controller/lib'
[1.222s] Level 1:colcon.colcon_core.environment:checking '/home/isami/bumperbot_ws/install/bumperbot_controller/bin'
[1.222s] Level 1:colcon.colcon_core.environment:checking '/home/isami/bumperbot_ws/install/bumperbot_controller/lib/pkgconfig/bumperbot_controller.pc'
[1.222s] Level 1:colcon.colcon_core.environment:checking '/home/isami/bumperbot_ws/install/bumperbot_controller/lib/python3.10/site-packages'
[1.222s] Level 1:colcon.colcon_core.environment:checking '/home/isami/bumperbot_ws/install/bumperbot_controller/bin'
[1.223s] INFO:colcon.colcon_core.shell:Creating package script '/home/isami/bumperbot_ws/install/bumperbot_controller/share/bumperbot_controller/package.ps1'
[1.223s] INFO:colcon.colcon_core.shell:Creating package descriptor '/home/isami/bumperbot_ws/install/bumperbot_controller/share/bumperbot_controller/package.dsv'
[1.224s] INFO:colcon.colcon_core.shell:Creating package script '/home/isami/bumperbot_ws/install/bumperbot_controller/share/bumperbot_controller/package.sh'
[1.224s] INFO:colcon.colcon_core.shell:Creating package script '/home/isami/bumperbot_ws/install/bumperbot_controller/share/bumperbot_controller/package.bash'
[1.224s] INFO:colcon.colcon_core.shell:Creating package script '/home/isami/bumperbot_ws/install/bumperbot_controller/share/bumperbot_controller/package.zsh'
[1.225s] Level 1:colcon.colcon_core.environment:create_file_with_runtime_dependencies(/home/isami/bumperbot_ws/install/bumperbot_controller/share/colcon-core/packages/bumperbot_controller)
[1.225s] INFO:colcon.colcon_ros.task.ament_python.build:Building ROS package in '/home/isami/bumperbot_ws/src/bumperbot_utils' with build type 'ament_python'
[1.226s] Level 1:colcon.colcon_core.shell:create_environment_hook('bumperbot_utils', 'ament_prefix_path')
[1.226s] INFO:colcon.colcon_core.shell:Creating environment hook '/home/isami/bumperbot_ws/install/bumperbot_utils/share/bumperbot_utils/hook/ament_prefix_path.ps1'
[1.227s] INFO:colcon.colcon_core.shell:Creating environment descriptor '/home/isami/bumperbot_ws/install/bumperbot_utils/share/bumperbot_utils/hook/ament_prefix_path.dsv'
[1.229s] INFO:colcon.colcon_core.shell:Creating environment hook '/home/isami/bumperbot_ws/install/bumperbot_utils/share/bumperbot_utils/hook/ament_prefix_path.sh'
[1.237s] INFO:colcon.colcon_core.shell:Skip shell extension 'powershell' for command environment: Not usable outside of PowerShell
[1.237s] DEBUG:colcon.colcon_core.shell:Skip shell extension 'dsv' for command environment
[1.556s] INFO:colcon.colcon_core.task.python.build:Building Python package in '/home/isami/bumperbot_ws/src/bumperbot_utils'
[1.556s] INFO:colcon.colcon_core.shell:Skip shell extension 'powershell' for command environment: Not usable outside of PowerShell
[1.556s] DEBUG:colcon.colcon_core.shell:Skip shell extension 'dsv' for command environment
[1.560s] DEBUG:colcon.colcon_core.event_handler.log_command:Invoking command in '/home/isami/bumperbot_ws/build/bumperbot_msgs': CMAKE_PREFIX_PATH=/opt/ros/humble /usr/bin/cmake --install /home/isami/bumperbot_ws/build/bumperbot_msgs
[1.628s] Level 1:colcon.colcon_core.environment:create_environment_scripts_only(bumperbot_msgs)
[1.628s] Level 1:colcon.colcon_core.environment:checking '/home/isami/bumperbot_ws/install/bumperbot_msgs' for CMake module files
[1.629s] DEBUG:colcon.colcon_core.event_handler.log_command:Invoked command in '/home/isami/bumperbot_ws/build/bumperbot_msgs' returned '0': CMAKE_PREFIX_PATH=/opt/ros/humble /usr/bin/cmake --install /home/isami/bumperbot_ws/build/bumperbot_msgs
[1.629s] Level 1:colcon.colcon_core.environment:checking '/home/isami/bumperbot_ws/install/bumperbot_msgs' for CMake config files
[1.629s] Level 1:colcon.colcon_core.shell:create_environment_hook('bumperbot_msgs', 'cmake_prefix_path')
[1.630s] INFO:colcon.colcon_core.shell:Creating environment hook '/home/isami/bumperbot_ws/install/bumperbot_msgs/share/bumperbot_msgs/hook/cmake_prefix_path.ps1'
[1.631s] INFO:colcon.colcon_core.shell:Creating environment descriptor '/home/isami/bumperbot_ws/install/bumperbot_msgs/share/bumperbot_msgs/hook/cmake_prefix_path.dsv'
[1.631s] INFO:colcon.colcon_core.shell:Creating environment hook '/home/isami/bumperbot_ws/install/bumperbot_msgs/share/bumperbot_msgs/hook/cmake_prefix_path.sh'
[1.632s] Level 1:colcon.colcon_core.environment:checking '/home/isami/bumperbot_ws/install/bumperbot_msgs/lib'
[1.632s] Level 1:colcon.colcon_core.shell:create_environment_hook('bumperbot_msgs', 'ld_library_path_lib')
[1.632s] INFO:colcon.colcon_core.shell:Creating environment hook '/home/isami/bumperbot_ws/install/bumperbot_msgs/share/bumperbot_msgs/hook/ld_library_path_lib.ps1'
[1.632s] INFO:colcon.colcon_core.shell:Creating environment descriptor '/home/isami/bumperbot_ws/install/bumperbot_msgs/share/bumperbot_msgs/hook/ld_library_path_lib.dsv'
[1.633s] INFO:colcon.colcon_core.shell:Creating environment hook '/home/isami/bumperbot_ws/install/bumperbot_msgs/share/bumperbot_msgs/hook/ld_library_path_lib.sh'
[1.633s] Level 1:colcon.colcon_core.environment:checking '/home/isami/bumperbot_ws/install/bumperbot_msgs/bin'
[1.633s] Level 1:colcon.colcon_core.environment:checking '/home/isami/bumperbot_ws/install/bumperbot_msgs/lib/pkgconfig/bumperbot_msgs.pc'
[1.634s] Level 1:colcon.colcon_core.environment:checking '/home/isami/bumperbot_ws/install/bumperbot_msgs/lib/python3.10/site-packages'
[1.634s] Level 1:colcon.colcon_core.environment:checking '/home/isami/bumperbot_ws/install/bumperbot_msgs/bin'
[1.634s] INFO:colcon.colcon_core.shell:Creating package script '/home/isami/bumperbot_ws/install/bumperbot_msgs/share/bumperbot_msgs/package.ps1'
[1.635s] INFO:colcon.colcon_core.shell:Creating package descriptor '/home/isami/bumperbot_ws/install/bumperbot_msgs/share/bumperbot_msgs/package.dsv'
[1.635s] INFO:colcon.colcon_core.shell:Creating package script '/home/isami/bumperbot_ws/install/bumperbot_msgs/share/bumperbot_msgs/package.sh'
[1.636s] INFO:colcon.colcon_core.shell:Creating package script '/home/isami/bumperbot_ws/install/bumperbot_msgs/share/bumperbot_msgs/package.bash'
[1.636s] INFO:colcon.colcon_core.shell:Creating package script '/home/isami/bumperbot_ws/install/bumperbot_msgs/share/bumperbot_msgs/package.zsh'
[1.636s] Level 1:colcon.colcon_core.environment:create_file_with_runtime_dependencies(/home/isami/bumperbot_ws/install/bumperbot_msgs/share/colcon-core/packages/bumperbot_msgs)
[1.741s] Level 1:colcon.colcon_core.environment:create_environment_scripts_only(bumperbot_msgs)
[1.741s] Level 1:colcon.colcon_core.environment:checking '/home/isami/bumperbot_ws/install/bumperbot_msgs' for CMake module files
[1.742s] Level 1:colcon.colcon_core.environment:checking '/home/isami/bumperbot_ws/install/bumperbot_msgs' for CMake config files
[1.742s] Level 1:colcon.colcon_core.shell:create_environment_hook('bumperbot_msgs', 'cmake_prefix_path')
[1.744s] INFO:colcon.colcon_core.shell:Creating environment hook '/home/isami/bumperbot_ws/install/bumperbot_msgs/share/bumperbot_msgs/hook/cmake_prefix_path.ps1'
[1.744s] INFO:colcon.colcon_core.shell:Creating environment descriptor '/home/isami/bumperbot_ws/install/bumperbot_msgs/share/bumperbot_msgs/hook/cmake_prefix_path.dsv'
[1.745s] INFO:colcon.colcon_core.shell:Creating environment hook '/home/isami/bumperbot_ws/install/bumperbot_msgs/share/bumperbot_msgs/hook/cmake_prefix_path.sh'
[1.745s] Level 1:colcon.colcon_core.environment:checking '/home/isami/bumperbot_ws/install/bumperbot_msgs/lib'
[1.746s] Level 1:colcon.colcon_core.shell:create_environment_hook('bumperbot_msgs', 'ld_library_path_lib')
[1.746s] INFO:colcon.colcon_core.shell:Creating environment hook '/home/isami/bumperbot_ws/install/bumperbot_msgs/share/bumperbot_msgs/hook/ld_library_path_lib.ps1'
[1.748s] INFO:colcon.colcon_core.shell:Creating environment descriptor '/home/isami/bumperbot_ws/install/bumperbot_msgs/share/bumperbot_msgs/hook/ld_library_path_lib.dsv'
[1.750s] INFO:colcon.colcon_core.shell:Creating environment hook '/home/isami/bumperbot_ws/install/bumperbot_msgs/share/bumperbot_msgs/hook/ld_library_path_lib.sh'
[1.751s] Level 1:colcon.colcon_core.environment:checking '/home/isami/bumperbot_ws/install/bumperbot_msgs/bin'
[1.752s] Level 1:colcon.colcon_core.environment:checking '/home/isami/bumperbot_ws/install/bumperbot_msgs/lib/pkgconfig/bumperbot_msgs.pc'
[1.752s] Level 1:colcon.colcon_core.environment:checking '/home/isami/bumperbot_ws/install/bumperbot_msgs/lib/python3.10/site-packages'
[1.752s] Level 1:colcon.colcon_core.environment:checking '/home/isami/bumperbot_ws/install/bumperbot_msgs/bin'
[1.754s] INFO:colcon.colcon_core.shell:Creating package script '/home/isami/bumperbot_ws/install/bumperbot_msgs/share/bumperbot_msgs/package.ps1'
[1.755s] INFO:colcon.colcon_core.shell:Creating package descriptor '/home/isami/bumperbot_ws/install/bumperbot_msgs/share/bumperbot_msgs/package.dsv'
[1.756s] INFO:colcon.colcon_core.shell:Creating package script '/home/isami/bumperbot_ws/install/bumperbot_msgs/share/bumperbot_msgs/package.sh'
[1.756s] INFO:colcon.colcon_core.shell:Creating package script '/home/isami/bumperbot_ws/install/bumperbot_msgs/share/bumperbot_msgs/package.bash'
[1.757s] INFO:colcon.colcon_core.shell:Creating package script '/home/isami/bumperbot_ws/install/bumperbot_msgs/share/bumperbot_msgs/package.zsh'
[1.757s] Level 1:colcon.colcon_core.environment:create_file_with_runtime_dependencies(/home/isami/bumperbot_ws/install/bumperbot_msgs/share/colcon-core/packages/bumperbot_msgs)
[1.758s] INFO:colcon.colcon_ros.task.ament_python.build:Building ROS package in '/home/isami/bumperbot_ws/src/bumperbot_py_examples' with build type 'ament_python'
[1.758s] Level 1:colcon.colcon_core.shell:create_environment_hook('bumperbot_py_examples', 'ament_prefix_path')
[1.758s] INFO:colcon.colcon_core.shell:Creating environment hook '/home/isami/bumperbot_ws/install/bumperbot_py_examples/share/bumperbot_py_examples/hook/ament_prefix_path.ps1'
[1.761s] INFO:colcon.colcon_core.shell:Creating environment descriptor '/home/isami/bumperbot_ws/install/bumperbot_py_examples/share/bumperbot_py_examples/hook/ament_prefix_path.dsv'
[1.761s] INFO:colcon.colcon_core.shell:Creating environment hook '/home/isami/bumperbot_ws/install/bumperbot_py_examples/share/bumperbot_py_examples/hook/ament_prefix_path.sh'
[1.765s] INFO:colcon.colcon_core.shell:Skip shell extension 'powershell' for command environment: Not usable outside of PowerShell
[1.765s] DEBUG:colcon.colcon_core.shell:Skip shell extension 'dsv' for command environment
[2.069s] INFO:colcon.colcon_core.task.python.build:Building Python package in '/home/isami/bumperbot_ws/src/bumperbot_py_examples'
[2.070s] INFO:colcon.colcon_core.shell:Skip shell extension 'powershell' for command environment: Not usable outside of PowerShell
[2.070s] DEBUG:colcon.colcon_core.shell:Skip shell extension 'dsv' for command environment
[2.074s] DEBUG:colcon.colcon_core.event_handler.log_command:Invoking command in '/home/isami/bumperbot_ws/src/bumperbot_utils': PYTHONPATH=/home/isami/bumperbot_ws/build/bumperbot_utils/prefix_override:/home/isami/bumperbot_ws/install/bumperbot_utils/lib/python3.10/site-packages:${PYTHONPATH} /usr/bin/python3 -W ignore:setup.py install is deprecated setup.py egg_info --egg-base ../../build/bumperbot_utils build --build-base /home/isami/bumperbot_ws/build/bumperbot_utils/build install --record /home/isami/bumperbot_ws/build/bumperbot_utils/install.log --single-version-externally-managed install_data
[2.196s] DEBUG:colcon.colcon_core.event_handler.log_command:Invoked command in '/home/isami/bumperbot_ws/build/bumperbot_localization' returned '0': CMAKE_PREFIX_PATH=/opt/ros/humble /usr/bin/cmake /home/isami/bumperbot_ws/src/bumperbot_localization -DCMAKE_INSTALL_PREFIX=/home/isami/bumperbot_ws/install/bumperbot_localization
[2.197s] DEBUG:colcon.colcon_core.event_handler.log_command:Invoking command in '/home/isami/bumperbot_ws/build/bumperbot_localization': CMAKE_PREFIX_PATH=/opt/ros/humble /usr/bin/cmake --build /home/isami/bumperbot_ws/build/bumperbot_localization -- -j3 -l3
[2.243s] DEBUG:colcon.colcon_core.event_handler.log_command:Invoked command in '/home/isami/bumperbot_ws/build/bumperbot_localization' returned '0': CMAKE_PREFIX_PATH=/opt/ros/humble /usr/bin/cmake --build /home/isami/bumperbot_ws/build/bumperbot_localization -- -j3 -l3
[2.271s] DEBUG:colcon.colcon_core.event_handler.log_command:Invoking command in '/home/isami/bumperbot_ws/build/bumperbot_localization': CMAKE_PREFIX_PATH=/opt/ros/humble /usr/bin/cmake --install /home/isami/bumperbot_ws/build/bumperbot_localization
[2.285s] Level 1:colcon.colcon_core.environment:create_environment_scripts_only(bumperbot_localization)
[2.285s] Level 1:colcon.colcon_core.environment:checking '/home/isami/bumperbot_ws/install/bumperbot_localization' for CMake module files
[2.286s] DEBUG:colcon.colcon_core.event_handler.log_command:Invoked command in '/home/isami/bumperbot_ws/build/bumperbot_localization' returned '0': CMAKE_PREFIX_PATH=/opt/ros/humble /usr/bin/cmake --install /home/isami/bumperbot_ws/build/bumperbot_localization
[2.286s] Level 1:colcon.colcon_core.environment:checking '/home/isami/bumperbot_ws/install/bumperbot_localization' for CMake config files
[2.286s] Level 1:colcon.colcon_core.shell:create_environment_hook('bumperbot_localization', 'cmake_prefix_path')
[2.286s] INFO:colcon.colcon_core.shell:Creating environment hook '/home/isami/bumperbot_ws/install/bumperbot_localization/share/bumperbot_localization/hook/cmake_prefix_path.ps1'
[2.287s] INFO:colcon.colcon_core.shell:Creating environment descriptor '/home/isami/bumperbot_ws/install/bumperbot_localization/share/bumperbot_localization/hook/cmake_prefix_path.dsv'
[2.287s] INFO:colcon.colcon_core.shell:Creating environment hook '/home/isami/bumperbot_ws/install/bumperbot_localization/share/bumperbot_localization/hook/cmake_prefix_path.sh'
[2.288s] Level 1:colcon.colcon_core.environment:checking '/home/isami/bumperbot_ws/install/bumperbot_localization/bin'
[2.288s] Level 1:colcon.colcon_core.environment:checking '/home/isami/bumperbot_ws/install/bumperbot_localization/lib/pkgconfig/bumperbot_localization.pc'
[2.288s] Level 1:colcon.colcon_core.environment:checking '/home/isami/bumperbot_ws/install/bumperbot_localization/lib/python3.10/site-packages'
[2.288s] Level 1:colcon.colcon_core.environment:checking '/home/isami/bumperbot_ws/install/bumperbot_localization/bin'
[2.288s] INFO:colcon.colcon_core.shell:Creating package script '/home/isami/bumperbot_ws/install/bumperbot_localization/share/bumperbot_localization/package.ps1'
[2.289s] INFO:colcon.colcon_core.shell:Creating package descriptor '/home/isami/bumperbot_ws/install/bumperbot_localization/share/bumperbot_localization/package.dsv'
[2.289s] INFO:colcon.colcon_core.shell:Creating package script '/home/isami/bumperbot_ws/install/bumperbot_localization/share/bumperbot_localization/package.sh'
[2.289s] INFO:colcon.colcon_core.shell:Creating package script '/home/isami/bumperbot_ws/install/bumperbot_localization/share/bumperbot_localization/package.bash'
[2.290s] INFO:colcon.colcon_core.shell:Creating package script '/home/isami/bumperbot_ws/install/bumperbot_localization/share/bumperbot_localization/package.zsh'
[2.290s] Level 1:colcon.colcon_core.environment:create_file_with_runtime_dependencies(/home/isami/bumperbot_ws/install/bumperbot_localization/share/colcon-core/packages/bumperbot_localization)
[2.332s] Level 1:colcon.colcon_core.environment:create_environment_scripts_only(bumperbot_localization)
[2.332s] Level 1:colcon.colcon_core.environment:checking '/home/isami/bumperbot_ws/install/bumperbot_localization' for CMake module files
[2.333s] Level 1:colcon.colcon_core.environment:checking '/home/isami/bumperbot_ws/install/bumperbot_localization' for CMake config files
[2.333s] Level 1:colcon.colcon_core.shell:create_environment_hook('bumperbot_localization', 'cmake_prefix_path')
[2.333s] INFO:colcon.colcon_core.shell:Creating environment hook '/home/isami/bumperbot_ws/install/bumperbot_localization/share/bumperbot_localization/hook/cmake_prefix_path.ps1'
[2.334s] INFO:colcon.colcon_core.shell:Creating environment descriptor '/home/isami/bumperbot_ws/install/bumperbot_localization/share/bumperbot_localization/hook/cmake_prefix_path.dsv'
[2.334s] INFO:colcon.colcon_core.shell:Creating environment hook '/home/isami/bumperbot_ws/install/bumperbot_localization/share/bumperbot_localization/hook/cmake_prefix_path.sh'
[2.335s] Level 1:colcon.colcon_core.environment:checking '/home/isami/bumperbot_ws/install/bumperbot_localization/bin'
[2.335s] Level 1:colcon.colcon_core.environment:checking '/home/isami/bumperbot_ws/install/bumperbot_localization/lib/pkgconfig/bumperbot_localization.pc'
[2.335s] Level 1:colcon.colcon_core.environment:checking '/home/isami/bumperbot_ws/install/bumperbot_localization/lib/python3.10/site-packages'
[2.335s] Level 1:colcon.colcon_core.environment:checking '/home/isami/bumperbot_ws/install/bumperbot_localization/bin'
[2.335s] INFO:colcon.colcon_core.shell:Creating package script '/home/isami/bumperbot_ws/install/bumperbot_localization/share/bumperbot_localization/package.ps1'
[2.336s] INFO:colcon.colcon_core.shell:Creating package descriptor '/home/isami/bumperbot_ws/install/bumperbot_localization/share/bumperbot_localization/package.dsv'
[2.336s] INFO:colcon.colcon_core.shell:Creating package script '/home/isami/bumperbot_ws/install/bumperbot_localization/share/bumperbot_localization/package.sh'
[2.337s] INFO:colcon.colcon_core.shell:Creating package script '/home/isami/bumperbot_ws/install/bumperbot_localization/share/bumperbot_localization/package.bash'
[2.337s] INFO:colcon.colcon_core.shell:Creating package script '/home/isami/bumperbot_ws/install/bumperbot_localization/share/bumperbot_localization/package.zsh'
[2.337s] Level 1:colcon.colcon_core.environment:create_file_with_runtime_dependencies(/home/isami/bumperbot_ws/install/bumperbot_localization/share/colcon-core/packages/bumperbot_localization)
[2.414s] Level 1:colcon.colcon_core.environment:checking '/home/isami/bumperbot_ws/install/bumperbot_utils' for CMake module files
[2.415s] DEBUG:colcon.colcon_core.event_handler.log_command:Invoked command in '/home/isami/bumperbot_ws/src/bumperbot_utils' returned '0': PYTHONPATH=/home/isami/bumperbot_ws/build/bumperbot_utils/prefix_override:/home/isami/bumperbot_ws/install/bumperbot_utils/lib/python3.10/site-packages:${PYTHONPATH} /usr/bin/python3 -W ignore:setup.py install is deprecated setup.py egg_info --egg-base ../../build/bumperbot_utils build --build-base /home/isami/bumperbot_ws/build/bumperbot_utils/build install --record /home/isami/bumperbot_ws/build/bumperbot_utils/install.log --single-version-externally-managed install_data
[2.415s] Level 1:colcon.colcon_core.environment:checking '/home/isami/bumperbot_ws/install/bumperbot_utils' for CMake config files
[2.416s] Level 1:colcon.colcon_core.environment:checking '/home/isami/bumperbot_ws/install/bumperbot_utils/lib'
[2.416s] Level 1:colcon.colcon_core.environment:checking '/home/isami/bumperbot_ws/install/bumperbot_utils/bin'
[2.416s] Level 1:colcon.colcon_core.environment:checking '/home/isami/bumperbot_ws/install/bumperbot_utils/lib/pkgconfig/bumperbot_utils.pc'
[2.416s] Level 1:colcon.colcon_core.environment:checking '/home/isami/bumperbot_ws/install/bumperbot_utils/lib/python3.10/site-packages'
[2.416s] Level 1:colcon.colcon_core.shell:create_environment_hook('bumperbot_utils', 'pythonpath')
[2.417s] INFO:colcon.colcon_core.shell:Creating environment hook '/home/isami/bumperbot_ws/install/bumperbot_utils/share/bumperbot_utils/hook/pythonpath.ps1'
[2.418s] INFO:colcon.colcon_core.shell:Creating environment descriptor '/home/isami/bumperbot_ws/install/bumperbot_utils/share/bumperbot_utils/hook/pythonpath.dsv'
[2.418s] INFO:colcon.colcon_core.shell:Creating environment hook '/home/isami/bumperbot_ws/install/bumperbot_utils/share/bumperbot_utils/hook/pythonpath.sh'
[2.419s] Level 1:colcon.colcon_core.environment:checking '/home/isami/bumperbot_ws/install/bumperbot_utils/bin'
[2.419s] Level 1:colcon.colcon_core.environment:create_environment_scripts_only(bumperbot_utils)
[2.419s] INFO:colcon.colcon_core.shell:Creating package script '/home/isami/bumperbot_ws/install/bumperbot_utils/share/bumperbot_utils/package.ps1'
[2.420s] INFO:colcon.colcon_core.shell:Creating package descriptor '/home/isami/bumperbot_ws/install/bumperbot_utils/share/bumperbot_utils/package.dsv'
[2.420s] INFO:colcon.colcon_core.shell:Creating package script '/home/isami/bumperbot_ws/install/bumperbot_utils/share/bumperbot_utils/package.sh'
[2.420s] INFO:colcon.colcon_core.shell:Creating package script '/home/isami/bumperbot_ws/install/bumperbot_utils/share/bumperbot_utils/package.bash'
[2.421s] INFO:colcon.colcon_core.shell:Creating package script '/home/isami/bumperbot_ws/install/bumperbot_utils/share/bumperbot_utils/package.zsh'
[2.421s] Level 1:colcon.colcon_core.environment:create_file_with_runtime_dependencies(/home/isami/bumperbot_ws/install/bumperbot_utils/share/colcon-core/packages/bumperbot_utils)
[2.968s] DEBUG:colcon.colcon_core.event_handler.log_command:Invoking command in '/home/isami/bumperbot_ws/src/bumperbot_py_examples': AMENT_PREFIX_PATH=/home/isami/bumperbot_ws/install/bumperbot_msgs:${AMENT_PREFIX_PATH} CMAKE_PREFIX_PATH=/home/isami/bumperbot_ws/install/bumperbot_msgs LD_LIBRARY_PATH=/home/isami/bumperbot_ws/install/bumperbot_msgs/lib:${LD_LIBRARY_PATH} PYTHONPATH=/home/isami/bumperbot_ws/build/bumperbot_py_examples/prefix_override:/home/isami/bumperbot_ws/install/bumperbot_py_examples/lib/python3.10/site-packages:/home/isami/bumperbot_ws/install/bumperbot_msgs/local/lib/python3.10/dist-packages:${PYTHONPATH} /usr/bin/python3 -W ignore:setup.py install is deprecated setup.py egg_info --egg-base ../../build/bumperbot_py_examples build --build-base /home/isami/bumperbot_ws/build/bumperbot_py_examples/build install --record /home/isami/bumperbot_ws/build/bumperbot_py_examples/install.log --single-version-externally-managed install_data
[3.027s] Level 1:colcon.colcon_core.environment:checking '/home/isami/bumperbot_ws/install/bumperbot_py_examples' for CMake module files
[3.028s] DEBUG:colcon.colcon_core.event_handler.log_command:Invoked command in '/home/isami/bumperbot_ws/src/bumperbot_py_examples' returned '0': AMENT_PREFIX_PATH=/home/isami/bumperbot_ws/install/bumperbot_msgs:${AMENT_PREFIX_PATH} CMAKE_PREFIX_PATH=/home/isami/bumperbot_ws/install/bumperbot_msgs LD_LIBRARY_PATH=/home/isami/bumperbot_ws/install/bumperbot_msgs/lib:${LD_LIBRARY_PATH} PYTHONPATH=/home/isami/bumperbot_ws/build/bumperbot_py_examples/prefix_override:/home/isami/bumperbot_ws/install/bumperbot_py_examples/lib/python3.10/site-packages:/home/isami/bumperbot_ws/install/bumperbot_msgs/local/lib/python3.10/dist-packages:${PYTHONPATH} /usr/bin/python3 -W ignore:setup.py install is deprecated setup.py egg_info --egg-base ../../build/bumperbot_py_examples build --build-base /home/isami/bumperbot_ws/build/bumperbot_py_examples/build install --record /home/isami/bumperbot_ws/build/bumperbot_py_examples/install.log --single-version-externally-managed install_data
[3.028s] Level 1:colcon.colcon_core.environment:checking '/home/isami/bumperbot_ws/install/bumperbot_py_examples' for CMake config files
[3.028s] Level 1:colcon.colcon_core.environment:checking '/home/isami/bumperbot_ws/install/bumperbot_py_examples/lib'
[3.028s] Level 1:colcon.colcon_core.environment:checking '/home/isami/bumperbot_ws/install/bumperbot_py_examples/bin'
[3.028s] Level 1:colcon.colcon_core.environment:checking '/home/isami/bumperbot_ws/install/bumperbot_py_examples/lib/pkgconfig/bumperbot_py_examples.pc'
[3.029s] Level 1:colcon.colcon_core.environment:checking '/home/isami/bumperbot_ws/install/bumperbot_py_examples/lib/python3.10/site-packages'
[3.029s] Level 1:colcon.colcon_core.shell:create_environment_hook('bumperbot_py_examples', 'pythonpath')
[3.029s] INFO:colcon.colcon_core.shell:Creating environment hook '/home/isami/bumperbot_ws/install/bumperbot_py_examples/share/bumperbot_py_examples/hook/pythonpath.ps1'
[3.029s] INFO:colcon.colcon_core.shell:Creating environment descriptor '/home/isami/bumperbot_ws/install/bumperbot_py_examples/share/bumperbot_py_examples/hook/pythonpath.dsv'
[3.029s] INFO:colcon.colcon_core.shell:Creating environment hook '/home/isami/bumperbot_ws/install/bumperbot_py_examples/share/bumperbot_py_examples/hook/pythonpath.sh'
[3.030s] Level 1:colcon.colcon_core.environment:checking '/home/isami/bumperbot_ws/install/bumperbot_py_examples/bin'
[3.030s] Level 1:colcon.colcon_core.environment:create_environment_scripts_only(bumperbot_py_examples)
[3.030s] INFO:colcon.colcon_core.shell:Creating package script '/home/isami/bumperbot_ws/install/bumperbot_py_examples/share/bumperbot_py_examples/package.ps1'
[3.031s] INFO:colcon.colcon_core.shell:Creating package descriptor '/home/isami/bumperbot_ws/install/bumperbot_py_examples/share/bumperbot_py_examples/package.dsv'
[3.031s] INFO:colcon.colcon_core.shell:Creating package script '/home/isami/bumperbot_ws/install/bumperbot_py_examples/share/bumperbot_py_examples/package.sh'
[3.031s] INFO:colcon.colcon_core.shell:Creating package script '/home/isami/bumperbot_ws/install/bumperbot_py_examples/share/bumperbot_py_examples/package.bash'
[3.032s] INFO:colcon.colcon_core.shell:Creating package script '/home/isami/bumperbot_ws/install/bumperbot_py_examples/share/bumperbot_py_examples/package.zsh'
[3.032s] Level 1:colcon.colcon_core.environment:create_file_with_runtime_dependencies(/home/isami/bumperbot_ws/install/bumperbot_py_examples/share/colcon-core/packages/bumperbot_py_examples)
[3.032s] DEBUG:colcon.colcon_parallel_executor.executor.parallel:closing loop
[3.033s] DEBUG:colcon.colcon_parallel_executor.executor.parallel:loop closed
[3.033s] DEBUG:colcon.colcon_parallel_executor.executor.parallel:run_until_complete finished with '0'
[3.033s] DEBUG:colcon.colcon_core.event_reactor:joining thread
[3.039s] INFO:colcon.colcon_core.plugin_system:Skipping extension 'colcon_notification.desktop_notification.terminal_notifier': Not used on non-Darwin systems
[3.039s] INFO:colcon.colcon_core.plugin_system:Skipping extension 'colcon_notification.desktop_notification.win32': Not used on non-Windows systems
[3.039s] INFO:colcon.colcon_notification.desktop_notification:Sending desktop notification using 'notify2'
[3.059s] DEBUG:colcon.colcon_core.event_reactor:joined thread
[3.060s] INFO:colcon.colcon_core.shell:Creating prefix script '/home/isami/bumperbot_ws/install/local_setup.ps1'
[3.061s] INFO:colcon.colcon_core.shell:Creating prefix util module '/home/isami/bumperbot_ws/install/_local_setup_util_ps1.py'
[3.075s] INFO:colcon.colcon_core.shell:Creating prefix chain script '/home/isami/bumperbot_ws/install/setup.ps1'
[3.077s] INFO:colcon.colcon_core.shell:Creating prefix script '/home/isami/bumperbot_ws/install/local_setup.sh'
[3.079s] INFO:colcon.colcon_core.shell:Creating prefix util module '/home/isami/bumperbot_ws/install/_local_setup_util_sh.py'
[3.080s] INFO:colcon.colcon_core.shell:Creating prefix chain script '/home/isami/bumperbot_ws/install/setup.sh'
[3.081s] INFO:colcon.colcon_core.shell:Creating prefix script '/home/isami/bumperbot_ws/install/local_setup.bash'
[3.081s] INFO:colcon.colcon_core.shell:Creating prefix chain script '/home/isami/bumperbot_ws/install/setup.bash'
[3.082s] INFO:colcon.colcon_core.shell:Creating prefix script '/home/isami/bumperbot_ws/install/local_setup.zsh'
[3.083s] INFO:colcon.colcon_core.shell:Creating prefix chain script '/home/isami/bumperbot_ws/install/setup.zsh'
