[0.135s] Invoking command in '/home/isami/bumperbot_ws/build/bumperbot_controller': CMAKE_PREFIX_PATH=/opt/ros/humble /usr/bin/cmake --build /home/isami/bumperbot_ws/build/bumperbot_controller -- -j3 -l3
[0.161s] -- Found ament_cmake: 1.3.8 (/opt/ros/humble/share/ament_cmake/cmake)
[0.385s] -- Configuring done
[0.391s] -- Generating done
[0.392s] -- Build files have been written to: /home/isami/bumperbot_ws/build/bumperbot_controller
[0.569s] Invoked command in '/home/isami/bumperbot_ws/build/bumperbot_controller' returned '0': CMAKE_PREFIX_PATH=/opt/ros/humble /usr/bin/cmake --build /home/isami/bumperbot_ws/build/bumperbot_controller -- -j3 -l3
[0.820s] Invoking command in '/home/isami/bumperbot_ws/build/bumperbot_controller': CMAKE_PREFIX_PATH=/opt/ros/humble /usr/bin/cmake --install /home/isami/bumperbot_ws/build/bumperbot_controller
[0.827s] -- Install configuration: ""
[0.827s] -- Up-to-date: /home/isami/bumperbot_ws/install/bumperbot_controller/share/bumperbot_controller/config
[0.827s] -- Up-to-date: /home/isami/bumperbot_ws/install/bumperbot_controller/share/bumperbot_controller/config/bumperbot_controllers.yaml
[0.827s] -- Up-to-date: /home/isami/bumperbot_ws/install/bumperbot_controller/share/bumperbot_controller/launch
[0.827s] -- Up-to-date: /home/isami/bumperbot_ws/install/bumperbot_controller/share/bumperbot_controller/launch/controller.launch.py
[0.827s] -- Up-to-date: /home/isami/bumperbot_ws/install/bumperbot_controller/share/ament_index/resource_index/package_run_dependencies/bumperbot_controller
[0.827s] -- Up-to-date: /home/isami/bumperbot_ws/install/bumperbot_controller/share/ament_index/resource_index/parent_prefix_path/bumperbot_controller
[0.827s] -- Up-to-date: /home/isami/bumperbot_ws/install/bumperbot_controller/share/bumperbot_controller/environment/ament_prefix_path.sh
[0.828s] -- Installing: /home/isami/bumperbot_ws/install/bumperbot_controller/share/bumperbot_controller/environment/ament_prefix_path.dsv
[0.828s] -- Up-to-date: /home/isami/bumperbot_ws/install/bumperbot_controller/share/bumperbot_controller/environment/path.sh
[0.828s] -- Installing: /home/isami/bumperbot_ws/install/bumperbot_controller/share/bumperbot_controller/environment/path.dsv
[0.828s] -- Up-to-date: /home/isami/bumperbot_ws/install/bumperbot_controller/share/bumperbot_controller/local_setup.bash
[0.828s] -- Up-to-date: /home/isami/bumperbot_ws/install/bumperbot_controller/share/bumperbot_controller/local_setup.sh
[0.828s] -- Up-to-date: /home/isami/bumperbot_ws/install/bumperbot_controller/share/bumperbot_controller/local_setup.zsh
[0.828s] -- Installing: /home/isami/bumperbot_ws/install/bumperbot_controller/share/bumperbot_controller/local_setup.dsv
[0.828s] -- Installing: /home/isami/bumperbot_ws/install/bumperbot_controller/share/bumperbot_controller/package.dsv
[0.828s] -- Up-to-date: /home/isami/bumperbot_ws/install/bumperbot_controller/share/ament_index/resource_index/packages/bumperbot_controller
[0.828s] -- Up-to-date: /home/isami/bumperbot_ws/install/bumperbot_controller/share/bumperbot_controller/cmake/bumperbot_controllerConfig.cmake
[0.828s] -- Up-to-date: /home/isami/bumperbot_ws/install/bumperbot_controller/share/bumperbot_controller/cmake/bumperbot_controllerConfig-version.cmake
[0.828s] -- Installing: /home/isami/bumperbot_ws/install/bumperbot_controller/share/bumperbot_controller/package.xml
[0.830s] Invoked command in '/home/isami/bumperbot_ws/build/bumperbot_controller' returned '0': CMAKE_PREFIX_PATH=/opt/ros/humble /usr/bin/cmake --install /home/isami/bumperbot_ws/build/bumperbot_controller
