[0.010s] Invoking command in '/home/isami/bumperbot_ws/build/bumperbot_localization': CMAKE_PREFIX_PATH=/opt/ros/humble /usr/bin/cmake --build /home/isami/bumperbot_ws/build/bumperbot_localization -- -j3 -l3
[0.041s] -- Found ament_cmake: 1.3.8 (/opt/ros/humble/share/ament_cmake/cmake)
[0.221s] -- Found rclcpp: 16.0.8 (/opt/ros/humble/share/rclcpp/cmake)
[0.253s] -- Found rosidl_generator_c: 3.1.5 (/opt/ros/humble/share/rosidl_generator_c/cmake)
[0.255s] -- Found rosidl_adapter: 3.1.5 (/opt/ros/humble/share/rosidl_adapter/cmake)
[0.259s] -- Found rosidl_generator_cpp: 3.1.5 (/opt/ros/humble/share/rosidl_generator_cpp/cmake)
[0.267s] -- Using all available rosidl_typesupport_c: rosidl_typesupport_fastrtps_c;rosidl_typesupport_introspection_c
[0.279s] -- Using all available rosidl_typesupport_cpp: rosidl_typesupport_fastrtps_cpp;rosidl_typesupport_introspection_cpp
[0.408s] -- Found rmw_implementation_cmake: 6.1.1 (/opt/ros/humble/share/rmw_implementation_cmake/cmake)
[0.415s] -- Found rmw_fastrtps_cpp: 6.2.6 (/opt/ros/humble/share/rmw_fastrtps_cpp/cmake)
[0.743s] -- Found OpenSSL: /usr/lib/x86_64-linux-gnu/libcrypto.so (found version "3.0.2")  
[0.789s] -- Found FastRTPS: /opt/ros/humble/include  
[0.840s] -- Using RMW implementation 'rmw_fastrtps_cpp' as default
[0.856s] -- Looking for pthread.h
[0.990s] -- Looking for pthread.h - found
[0.991s] -- Performing Test CMAKE_HAVE_LIBC_PTHREAD
[1.076s] -- Performing Test CMAKE_HAVE_LIBC_PTHREAD - Success
[1.076s] -- Found Threads: TRUE  
[1.271s] -- Found rclpy: 3.3.12 (/opt/ros/humble/share/rclpy/cmake)
[1.271s] -- Found nav_msgs: 4.2.3 (/opt/ros/humble/share/nav_msgs/cmake)
[1.387s] -- Found sensor_msgs: 4.2.3 (/opt/ros/humble/share/sensor_msgs/cmake)
[1.564s] -- Found ament_lint_auto: 0.12.10 (/opt/ros/humble/share/ament_lint_auto/cmake)
[1.670s] -- Added test 'flake8' to check Python code syntax and style conventions
[1.670s] -- Added test 'lint_cmake' to check CMake code style
[1.670s] -- Added test 'pep257' to check Python code against some of the docstring style conventions in PEP 257
[1.676s] -- Added test 'xmllint' to check XML markup files
[1.676s] -- Configuring done
[1.682s] -- Generating done
[1.685s] -- Build files have been written to: /home/isami/bumperbot_ws/build/bumperbot_localization
[1.838s] Built target ament_cmake_python_copy_bumperbot_localization
[2.103s] running egg_info
[2.104s] writing bumperbot_localization.egg-info/PKG-INFO
[2.104s] writing dependency_links to bumperbot_localization.egg-info/dependency_links.txt
[2.104s] writing top-level names to bumperbot_localization.egg-info/top_level.txt
[2.106s] reading manifest file 'bumperbot_localization.egg-info/SOURCES.txt'
[2.106s] writing manifest file 'bumperbot_localization.egg-info/SOURCES.txt'
[2.148s] Built target ament_cmake_python_build_bumperbot_localization_egg
[2.169s] Invoked command in '/home/isami/bumperbot_ws/build/bumperbot_localization' returned '0': CMAKE_PREFIX_PATH=/opt/ros/humble /usr/bin/cmake --build /home/isami/bumperbot_ws/build/bumperbot_localization -- -j3 -l3
[2.204s] Invoking command in '/home/isami/bumperbot_ws/build/bumperbot_localization': CMAKE_PREFIX_PATH=/opt/ros/humble /usr/bin/cmake --install /home/isami/bumperbot_ws/build/bumperbot_localization
[2.220s] -- Install configuration: ""
[2.220s] -- Up-to-date: /home/isami/bumperbot_ws/install/bumperbot_localization/share/bumperbot_localization/environment/pythonpath.sh
[2.220s] -- Installing: /home/isami/bumperbot_ws/install/bumperbot_localization/share/bumperbot_localization/environment/pythonpath.dsv
[2.220s] -- Up-to-date: /home/isami/bumperbot_ws/install/bumperbot_localization/local/lib/python3.10/dist-packages/bumperbot_localization-0.0.0-py3.10.egg-info
[2.220s] -- Installing: /home/isami/bumperbot_ws/install/bumperbot_localization/local/lib/python3.10/dist-packages/bumperbot_localization-0.0.0-py3.10.egg-info/PKG-INFO
[2.221s] -- Installing: /home/isami/bumperbot_ws/install/bumperbot_localization/local/lib/python3.10/dist-packages/bumperbot_localization-0.0.0-py3.10.egg-info/dependency_links.txt
[2.221s] -- Installing: /home/isami/bumperbot_ws/install/bumperbot_localization/local/lib/python3.10/dist-packages/bumperbot_localization-0.0.0-py3.10.egg-info/top_level.txt
[2.221s] -- Installing: /home/isami/bumperbot_ws/install/bumperbot_localization/local/lib/python3.10/dist-packages/bumperbot_localization-0.0.0-py3.10.egg-info/SOURCES.txt
[2.221s] -- Up-to-date: /home/isami/bumperbot_ws/install/bumperbot_localization/local/lib/python3.10/dist-packages/bumperbot_localization
[2.221s] -- Up-to-date: /home/isami/bumperbot_ws/install/bumperbot_localization/local/lib/python3.10/dist-packages/bumperbot_localization/__init__.py
[2.221s] -- Up-to-date: /home/isami/bumperbot_ws/install/bumperbot_localization/local/lib/python3.10/dist-packages/bumperbot_localization/kalman_filter.py
[2.257s] Listing '/home/isami/bumperbot_ws/install/bumperbot_localization/local/lib/python3.10/dist-packages/bumperbot_localization'...
[2.261s] -- Installing: /home/isami/bumperbot_ws/install/bumperbot_localization/lib/bumperbot_localization/kalman_filter.py
[2.261s] -- Installing: /home/isami/bumperbot_ws/install/bumperbot_localization/share/ament_index/resource_index/package_run_dependencies/bumperbot_localization
[2.261s] -- Up-to-date: /home/isami/bumperbot_ws/install/bumperbot_localization/share/ament_index/resource_index/parent_prefix_path/bumperbot_localization
[2.262s] -- Up-to-date: /home/isami/bumperbot_ws/install/bumperbot_localization/share/bumperbot_localization/environment/ament_prefix_path.sh
[2.262s] -- Installing: /home/isami/bumperbot_ws/install/bumperbot_localization/share/bumperbot_localization/environment/ament_prefix_path.dsv
[2.262s] -- Up-to-date: /home/isami/bumperbot_ws/install/bumperbot_localization/share/bumperbot_localization/environment/path.sh
[2.262s] -- Installing: /home/isami/bumperbot_ws/install/bumperbot_localization/share/bumperbot_localization/environment/path.dsv
[2.262s] -- Up-to-date: /home/isami/bumperbot_ws/install/bumperbot_localization/share/bumperbot_localization/local_setup.bash
[2.262s] -- Installing: /home/isami/bumperbot_ws/install/bumperbot_localization/share/bumperbot_localization/local_setup.sh
[2.262s] -- Up-to-date: /home/isami/bumperbot_ws/install/bumperbot_localization/share/bumperbot_localization/local_setup.zsh
[2.262s] -- Installing: /home/isami/bumperbot_ws/install/bumperbot_localization/share/bumperbot_localization/local_setup.dsv
[2.262s] -- Installing: /home/isami/bumperbot_ws/install/bumperbot_localization/share/bumperbot_localization/package.dsv
[2.262s] -- Up-to-date: /home/isami/bumperbot_ws/install/bumperbot_localization/share/ament_index/resource_index/packages/bumperbot_localization
[2.262s] -- Up-to-date: /home/isami/bumperbot_ws/install/bumperbot_localization/share/bumperbot_localization/cmake/bumperbot_localizationConfig.cmake
[2.262s] -- Up-to-date: /home/isami/bumperbot_ws/install/bumperbot_localization/share/bumperbot_localization/cmake/bumperbot_localizationConfig-version.cmake
[2.262s] -- Installing: /home/isami/bumperbot_ws/install/bumperbot_localization/share/bumperbot_localization/package.xml
[2.266s] Invoked command in '/home/isami/bumperbot_ws/build/bumperbot_localization' returned '0': CMAKE_PREFIX_PATH=/opt/ros/humble /usr/bin/cmake --install /home/isami/bumperbot_ws/build/bumperbot_localization
