[0.015s] Invoking command in '/home/isami/bumperbot_ws/build/bumperbot_localization': CMAKE_PREFIX_PATH=/opt/ros/humble /usr/bin/cmake --build /home/isami/bumperbot_ws/build/bumperbot_localization -- -j3 -l3
[0.043s] -- Found ament_cmake: 1.3.8 (/opt/ros/humble/share/ament_cmake/cmake)
[0.204s] -- Found rclcpp: 16.0.8 (/opt/ros/humble/share/rclcpp/cmake)
[0.250s] -- Found rosidl_generator_c: 3.1.5 (/opt/ros/humble/share/rosidl_generator_c/cmake)
[0.250s] -- Found rosidl_adapter: 3.1.5 (/opt/ros/humble/share/rosidl_adapter/cmake)
[0.256s] -- Found rosidl_generator_cpp: 3.1.5 (/opt/ros/humble/share/rosidl_generator_cpp/cmake)
[0.266s] -- Using all available rosidl_typesupport_c: rosidl_typesupport_fastrtps_c;rosidl_typesupport_introspection_c
[0.279s] -- Using all available rosidl_typesupport_cpp: rosidl_typesupport_fastrtps_cpp;rosidl_typesupport_introspection_cpp
[0.323s] -- Found rmw_implementation_cmake: 6.1.1 (/opt/ros/humble/share/rmw_implementation_cmake/cmake)
[0.324s] -- Found rmw_fastrtps_cpp: 6.2.6 (/opt/ros/humble/share/rmw_fastrtps_cpp/cmake)
[0.443s] -- Using RMW implementation 'rmw_fastrtps_cpp' as default
[0.583s] -- Found rclpy: 3.3.12 (/opt/ros/humble/share/rclpy/cmake)
[0.583s] -- Found nav_msgs: 4.2.3 (/opt/ros/humble/share/nav_msgs/cmake)
[0.735s] -- Found sensor_msgs: 4.2.3 (/opt/ros/humble/share/sensor_msgs/cmake)
[0.889s] -- Found ament_lint_auto: 0.12.10 (/opt/ros/humble/share/ament_lint_auto/cmake)
[0.966s] -- Added test 'flake8' to check Python code syntax and style conventions
[0.966s] -- Added test 'lint_cmake' to check CMake code style
[0.966s] -- Added test 'pep257' to check Python code against some of the docstring style conventions in PEP 257
[0.967s] -- Added test 'xmllint' to check XML markup files
[0.970s] -- Configuring done
[0.976s] -- Generating done
[0.981s] -- Build files have been written to: /home/isami/bumperbot_ws/build/bumperbot_localization
[1.044s] Built target ament_cmake_python_copy_bumperbot_localization
[1.285s] running egg_info
[1.286s] writing bumperbot_localization.egg-info/PKG-INFO
[1.286s] writing dependency_links to bumperbot_localization.egg-info/dependency_links.txt
[1.286s] writing top-level names to bumperbot_localization.egg-info/top_level.txt
[1.289s] reading manifest file 'bumperbot_localization.egg-info/SOURCES.txt'
[1.289s] writing manifest file 'bumperbot_localization.egg-info/SOURCES.txt'
[1.319s] Built target ament_cmake_python_build_bumperbot_localization_egg
[1.335s] Invoked command in '/home/isami/bumperbot_ws/build/bumperbot_localization' returned '0': CMAKE_PREFIX_PATH=/opt/ros/humble /usr/bin/cmake --build /home/isami/bumperbot_ws/build/bumperbot_localization -- -j3 -l3
[1.382s] Invoking command in '/home/isami/bumperbot_ws/build/bumperbot_localization': CMAKE_PREFIX_PATH=/opt/ros/humble /usr/bin/cmake --install /home/isami/bumperbot_ws/build/bumperbot_localization
[1.393s] -- Install configuration: ""
[1.393s] -- Up-to-date: /home/isami/bumperbot_ws/install/bumperbot_localization/share/bumperbot_localization/environment/pythonpath.sh
[1.393s] -- Installing: /home/isami/bumperbot_ws/install/bumperbot_localization/share/bumperbot_localization/environment/pythonpath.dsv
[1.394s] -- Up-to-date: /home/isami/bumperbot_ws/install/bumperbot_localization/local/lib/python3.10/dist-packages/bumperbot_localization-0.0.0-py3.10.egg-info
[1.394s] -- Installing: /home/isami/bumperbot_ws/install/bumperbot_localization/local/lib/python3.10/dist-packages/bumperbot_localization-0.0.0-py3.10.egg-info/PKG-INFO
[1.394s] -- Installing: /home/isami/bumperbot_ws/install/bumperbot_localization/local/lib/python3.10/dist-packages/bumperbot_localization-0.0.0-py3.10.egg-info/dependency_links.txt
[1.394s] -- Installing: /home/isami/bumperbot_ws/install/bumperbot_localization/local/lib/python3.10/dist-packages/bumperbot_localization-0.0.0-py3.10.egg-info/top_level.txt
[1.394s] -- Installing: /home/isami/bumperbot_ws/install/bumperbot_localization/local/lib/python3.10/dist-packages/bumperbot_localization-0.0.0-py3.10.egg-info/SOURCES.txt
[1.394s] -- Up-to-date: /home/isami/bumperbot_ws/install/bumperbot_localization/local/lib/python3.10/dist-packages/bumperbot_localization
[1.394s] -- Up-to-date: /home/isami/bumperbot_ws/install/bumperbot_localization/local/lib/python3.10/dist-packages/bumperbot_localization/imu_republisher.py
[1.394s] -- Up-to-date: /home/isami/bumperbot_ws/install/bumperbot_localization/local/lib/python3.10/dist-packages/bumperbot_localization/__init__.py
[1.394s] -- Up-to-date: /home/isami/bumperbot_ws/install/bumperbot_localization/local/lib/python3.10/dist-packages/bumperbot_localization/kalman_filter.py
[1.429s] Listing '/home/isami/bumperbot_ws/install/bumperbot_localization/local/lib/python3.10/dist-packages/bumperbot_localization'...
[1.433s] -- Up-to-date: /home/isami/bumperbot_ws/install/bumperbot_localization/lib/bumperbot_localization/kalman_filter.py
[1.433s] -- Up-to-date: /home/isami/bumperbot_ws/install/bumperbot_localization/lib/bumperbot_localization/imu_republisher.py
[1.434s] -- Installing: /home/isami/bumperbot_ws/install/bumperbot_localization/share/bumperbot_localization/launch
[1.434s] -- Installing: /home/isami/bumperbot_ws/install/bumperbot_localization/share/bumperbot_localization/launch/local_localization.launch.py
[1.434s] -- Installing: /home/isami/bumperbot_ws/install/bumperbot_localization/share/bumperbot_localization/config
[1.434s] -- Installing: /home/isami/bumperbot_ws/install/bumperbot_localization/share/bumperbot_localization/config/ekf.yaml
[1.434s] -- Up-to-date: /home/isami/bumperbot_ws/install/bumperbot_localization/share/ament_index/resource_index/package_run_dependencies/bumperbot_localization
[1.434s] -- Up-to-date: /home/isami/bumperbot_ws/install/bumperbot_localization/share/ament_index/resource_index/parent_prefix_path/bumperbot_localization
[1.434s] -- Up-to-date: /home/isami/bumperbot_ws/install/bumperbot_localization/share/bumperbot_localization/environment/ament_prefix_path.sh
[1.435s] -- Installing: /home/isami/bumperbot_ws/install/bumperbot_localization/share/bumperbot_localization/environment/ament_prefix_path.dsv
[1.435s] -- Up-to-date: /home/isami/bumperbot_ws/install/bumperbot_localization/share/bumperbot_localization/environment/path.sh
[1.435s] -- Installing: /home/isami/bumperbot_ws/install/bumperbot_localization/share/bumperbot_localization/environment/path.dsv
[1.435s] -- Up-to-date: /home/isami/bumperbot_ws/install/bumperbot_localization/share/bumperbot_localization/local_setup.bash
[1.435s] -- Up-to-date: /home/isami/bumperbot_ws/install/bumperbot_localization/share/bumperbot_localization/local_setup.sh
[1.436s] -- Up-to-date: /home/isami/bumperbot_ws/install/bumperbot_localization/share/bumperbot_localization/local_setup.zsh
[1.436s] -- Installing: /home/isami/bumperbot_ws/install/bumperbot_localization/share/bumperbot_localization/local_setup.dsv
[1.436s] -- Installing: /home/isami/bumperbot_ws/install/bumperbot_localization/share/bumperbot_localization/package.dsv
[1.436s] -- Up-to-date: /home/isami/bumperbot_ws/install/bumperbot_localization/share/ament_index/resource_index/packages/bumperbot_localization
[1.436s] -- Up-to-date: /home/isami/bumperbot_ws/install/bumperbot_localization/share/bumperbot_localization/cmake/bumperbot_localizationConfig.cmake
[1.437s] -- Up-to-date: /home/isami/bumperbot_ws/install/bumperbot_localization/share/bumperbot_localization/cmake/bumperbot_localizationConfig-version.cmake
[1.437s] -- Up-to-date: /home/isami/bumperbot_ws/install/bumperbot_localization/share/bumperbot_localization/package.xml
[1.440s] Invoked command in '/home/isami/bumperbot_ws/build/bumperbot_localization' returned '0': CMAKE_PREFIX_PATH=/opt/ros/humble /usr/bin/cmake --install /home/isami/bumperbot_ws/build/bumperbot_localization
