[0.217s] DEBUG:colcon:Command line arguments: ['/usr/bin/colcon', 'build']
[0.218s] DEBUG:colcon:Parsed command line arguments: Namespace(log_base=None, log_level=None, verb_name='build', build_base='build', install_base='install', merge_install=False, symlink_install=False, test_result_base=None, continue_on_error=False, executor='parallel', parallel_workers=3, event_handlers=None, ignore_user_meta=False, metas=['./colcon.meta'], base_paths=['.'], packages_ignore=None, packages_ignore_regex=None, paths=None, packages_up_to=None, packages_up_to_regex=None, packages_above=None, packages_above_and_dependencies=None, packages_above_depth=None, packages_select_by_dep=None, packages_skip_by_dep=None, packages_skip_up_to=None, packages_select_build_failed=False, packages_skip_build_finished=False, packages_select_test_failures=False, packages_skip_test_passed=False, packages_select=None, packages_skip=None, packages_select_regex=None, packages_skip_regex=None, packages_start=None, packages_end=None, allow_overriding=[], cmake_args=None, cmake_target=None, cmake_target_skip_unavailable=False, cmake_clean_cache=False, cmake_clean_first=False, cmake_force_configure=False, ament_cmake_args=None, catkin_cmake_args=None, catkin_skip_building_tests=False, mixin_files=None, mixin=None, verb_parser=<colcon_mixin.mixin.mixin_argument.MixinArgumentDecorator object at 0x77eccc5ee800>, verb_extension=<colcon_core.verb.build.BuildVerb object at 0x77eccc6f6470>, main=<bound method BuildVerb.main of <colcon_core.verb.build.BuildVerb object at 0x77eccc6f6470>>, mixin_verb=('build',))
[0.424s] Level 1:colcon.colcon_core.package_discovery:discover_packages(colcon_meta) check parameters
[0.424s] Level 1:colcon.colcon_core.package_discovery:discover_packages(recursive) check parameters
[0.424s] Level 1:colcon.colcon_core.package_discovery:discover_packages(ignore) check parameters
[0.424s] Level 1:colcon.colcon_core.package_discovery:discover_packages(path) check parameters
[0.424s] Level 1:colcon.colcon_core.package_discovery:discover_packages(colcon_meta) discover
[0.424s] Level 1:colcon.colcon_core.package_discovery:discover_packages(recursive) discover
[0.424s] INFO:colcon.colcon_core.package_discovery:Crawling recursively for packages in '/home/isami/bumperbot_ws'
[0.424s] Level 1:colcon.colcon_core.package_identification:_identify(.) by extensions ['ignore', 'ignore_ament_install']
[0.424s] Level 1:colcon.colcon_core.package_identification:_identify(.) by extension 'ignore'
[0.424s] Level 1:colcon.colcon_core.package_identification:_identify(.) by extension 'ignore_ament_install'
[0.425s] Level 1:colcon.colcon_core.package_identification:_identify(.) by extensions ['colcon_pkg']
[0.425s] Level 1:colcon.colcon_core.package_identification:_identify(.) by extension 'colcon_pkg'
[0.425s] Level 1:colcon.colcon_core.package_identification:_identify(.) by extensions ['colcon_meta']
[0.425s] Level 1:colcon.colcon_core.package_identification:_identify(.) by extension 'colcon_meta'
[0.425s] Level 1:colcon.colcon_core.package_identification:_identify(.) by extensions ['ros']
[0.425s] Level 1:colcon.colcon_core.package_identification:_identify(.) by extension 'ros'
[0.437s] Level 1:colcon.colcon_core.package_identification:_identify(.) by extensions ['cmake', 'python']
[0.437s] Level 1:colcon.colcon_core.package_identification:_identify(.) by extension 'cmake'
[0.437s] Level 1:colcon.colcon_core.package_identification:_identify(.) by extension 'python'
[0.437s] Level 1:colcon.colcon_core.package_identification:_identify(.) by extensions ['python_setup_py']
[0.437s] Level 1:colcon.colcon_core.package_identification:_identify(.) by extension 'python_setup_py'
[0.437s] Level 1:colcon.colcon_core.package_identification:_identify(build) by extensions ['ignore', 'ignore_ament_install']
[0.437s] Level 1:colcon.colcon_core.package_identification:_identify(build) by extension 'ignore'
[0.437s] Level 1:colcon.colcon_core.package_identification:_identify(build) ignored
[0.437s] Level 1:colcon.colcon_core.package_identification:_identify(install) by extensions ['ignore', 'ignore_ament_install']
[0.437s] Level 1:colcon.colcon_core.package_identification:_identify(install) by extension 'ignore'
[0.437s] Level 1:colcon.colcon_core.package_identification:_identify(install) ignored
[0.438s] Level 1:colcon.colcon_core.package_identification:_identify(log) by extensions ['ignore', 'ignore_ament_install']
[0.438s] Level 1:colcon.colcon_core.package_identification:_identify(log) by extension 'ignore'
[0.438s] Level 1:colcon.colcon_core.package_identification:_identify(log) ignored
[0.438s] Level 1:colcon.colcon_core.package_identification:_identify(src) by extensions ['ignore', 'ignore_ament_install']
[0.438s] Level 1:colcon.colcon_core.package_identification:_identify(src) by extension 'ignore'
[0.438s] Level 1:colcon.colcon_core.package_identification:_identify(src) by extension 'ignore_ament_install'
[0.438s] Level 1:colcon.colcon_core.package_identification:_identify(src) by extensions ['colcon_pkg']
[0.438s] Level 1:colcon.colcon_core.package_identification:_identify(src) by extension 'colcon_pkg'
[0.438s] Level 1:colcon.colcon_core.package_identification:_identify(src) by extensions ['colcon_meta']
[0.438s] Level 1:colcon.colcon_core.package_identification:_identify(src) by extension 'colcon_meta'
[0.438s] Level 1:colcon.colcon_core.package_identification:_identify(src) by extensions ['ros']
[0.438s] Level 1:colcon.colcon_core.package_identification:_identify(src) by extension 'ros'
[0.438s] Level 1:colcon.colcon_core.package_identification:_identify(src) by extensions ['cmake', 'python']
[0.438s] Level 1:colcon.colcon_core.package_identification:_identify(src) by extension 'cmake'
[0.438s] Level 1:colcon.colcon_core.package_identification:_identify(src) by extension 'python'
[0.438s] Level 1:colcon.colcon_core.package_identification:_identify(src) by extensions ['python_setup_py']
[0.439s] Level 1:colcon.colcon_core.package_identification:_identify(src) by extension 'python_setup_py'
[0.439s] Level 1:colcon.colcon_core.package_identification:_identify(src/bumperbot_controller) by extensions ['ignore', 'ignore_ament_install']
[0.440s] Level 1:colcon.colcon_core.package_identification:_identify(src/bumperbot_controller) by extension 'ignore'
[0.440s] Level 1:colcon.colcon_core.package_identification:_identify(src/bumperbot_controller) by extension 'ignore_ament_install'
[0.441s] Level 1:colcon.colcon_core.package_identification:_identify(src/bumperbot_controller) by extensions ['colcon_pkg']
[0.441s] Level 1:colcon.colcon_core.package_identification:_identify(src/bumperbot_controller) by extension 'colcon_pkg'
[0.441s] Level 1:colcon.colcon_core.package_identification:_identify(src/bumperbot_controller) by extensions ['colcon_meta']
[0.441s] Level 1:colcon.colcon_core.package_identification:_identify(src/bumperbot_controller) by extension 'colcon_meta'
[0.441s] Level 1:colcon.colcon_core.package_identification:_identify(src/bumperbot_controller) by extensions ['ros']
[0.441s] Level 1:colcon.colcon_core.package_identification:_identify(src/bumperbot_controller) by extension 'ros'
[0.446s] DEBUG:colcon.colcon_core.package_identification:Package 'src/bumperbot_controller' with type 'ros.ament_cmake' and name 'bumperbot_controller'
[0.447s] Level 1:colcon.colcon_core.package_identification:_identify(src/bumperbot_cpp_examples) by extensions ['ignore', 'ignore_ament_install']
[0.447s] Level 1:colcon.colcon_core.package_identification:_identify(src/bumperbot_cpp_examples) by extension 'ignore'
[0.447s] Level 1:colcon.colcon_core.package_identification:_identify(src/bumperbot_cpp_examples) by extension 'ignore_ament_install'
[0.447s] Level 1:colcon.colcon_core.package_identification:_identify(src/bumperbot_cpp_examples) by extensions ['colcon_pkg']
[0.447s] Level 1:colcon.colcon_core.package_identification:_identify(src/bumperbot_cpp_examples) by extension 'colcon_pkg'
[0.447s] Level 1:colcon.colcon_core.package_identification:_identify(src/bumperbot_cpp_examples) by extensions ['colcon_meta']
[0.447s] Level 1:colcon.colcon_core.package_identification:_identify(src/bumperbot_cpp_examples) by extension 'colcon_meta'
[0.447s] Level 1:colcon.colcon_core.package_identification:_identify(src/bumperbot_cpp_examples) by extensions ['ros']
[0.447s] Level 1:colcon.colcon_core.package_identification:_identify(src/bumperbot_cpp_examples) by extension 'ros'
[0.448s] DEBUG:colcon.colcon_core.package_identification:Package 'src/bumperbot_cpp_examples' with type 'ros.ament_cmake' and name 'bumperbot_cpp_examples'
[0.448s] Level 1:colcon.colcon_core.package_identification:_identify(src/bumperbot_description) by extensions ['ignore', 'ignore_ament_install']
[0.448s] Level 1:colcon.colcon_core.package_identification:_identify(src/bumperbot_description) by extension 'ignore'
[0.448s] Level 1:colcon.colcon_core.package_identification:_identify(src/bumperbot_description) by extension 'ignore_ament_install'
[0.449s] Level 1:colcon.colcon_core.package_identification:_identify(src/bumperbot_description) by extensions ['colcon_pkg']
[0.449s] Level 1:colcon.colcon_core.package_identification:_identify(src/bumperbot_description) by extension 'colcon_pkg'
[0.449s] Level 1:colcon.colcon_core.package_identification:_identify(src/bumperbot_description) by extensions ['colcon_meta']
[0.449s] Level 1:colcon.colcon_core.package_identification:_identify(src/bumperbot_description) by extension 'colcon_meta'
[0.449s] Level 1:colcon.colcon_core.package_identification:_identify(src/bumperbot_description) by extensions ['ros']
[0.449s] Level 1:colcon.colcon_core.package_identification:_identify(src/bumperbot_description) by extension 'ros'
[0.450s] DEBUG:colcon.colcon_core.package_identification:Package 'src/bumperbot_description' with type 'ros.ament_cmake' and name 'bumperbot_description'
[0.450s] Level 1:colcon.colcon_core.package_identification:_identify(src/bumperbot_msgs) by extensions ['ignore', 'ignore_ament_install']
[0.450s] Level 1:colcon.colcon_core.package_identification:_identify(src/bumperbot_msgs) by extension 'ignore'
[0.451s] Level 1:colcon.colcon_core.package_identification:_identify(src/bumperbot_msgs) by extension 'ignore_ament_install'
[0.451s] Level 1:colcon.colcon_core.package_identification:_identify(src/bumperbot_msgs) by extensions ['colcon_pkg']
[0.451s] Level 1:colcon.colcon_core.package_identification:_identify(src/bumperbot_msgs) by extension 'colcon_pkg'
[0.451s] Level 1:colcon.colcon_core.package_identification:_identify(src/bumperbot_msgs) by extensions ['colcon_meta']
[0.451s] Level 1:colcon.colcon_core.package_identification:_identify(src/bumperbot_msgs) by extension 'colcon_meta'
[0.451s] Level 1:colcon.colcon_core.package_identification:_identify(src/bumperbot_msgs) by extensions ['ros']
[0.451s] Level 1:colcon.colcon_core.package_identification:_identify(src/bumperbot_msgs) by extension 'ros'
[0.452s] DEBUG:colcon.colcon_core.package_identification:Package 'src/bumperbot_msgs' with type 'ros.ament_cmake' and name 'bumperbot_msgs'
[0.452s] Level 1:colcon.colcon_core.package_identification:_identify(src/bumperbot_py_examples) by extensions ['ignore', 'ignore_ament_install']
[0.452s] Level 1:colcon.colcon_core.package_identification:_identify(src/bumperbot_py_examples) by extension 'ignore'
[0.452s] Level 1:colcon.colcon_core.package_identification:_identify(src/bumperbot_py_examples) by extension 'ignore_ament_install'
[0.452s] Level 1:colcon.colcon_core.package_identification:_identify(src/bumperbot_py_examples) by extensions ['colcon_pkg']
[0.452s] Level 1:colcon.colcon_core.package_identification:_identify(src/bumperbot_py_examples) by extension 'colcon_pkg'
[0.452s] Level 1:colcon.colcon_core.package_identification:_identify(src/bumperbot_py_examples) by extensions ['colcon_meta']
[0.453s] Level 1:colcon.colcon_core.package_identification:_identify(src/bumperbot_py_examples) by extension 'colcon_meta'
[0.453s] Level 1:colcon.colcon_core.package_identification:_identify(src/bumperbot_py_examples) by extensions ['ros']
[0.453s] Level 1:colcon.colcon_core.package_identification:_identify(src/bumperbot_py_examples) by extension 'ros'
[0.454s] DEBUG:colcon.colcon_core.package_identification:Package 'src/bumperbot_py_examples' with type 'ros.ament_python' and name 'bumperbot_py_examples'
[0.455s] Level 1:colcon.colcon_core.package_discovery:discover_packages(recursive) using defaults
[0.455s] Level 1:colcon.colcon_core.package_discovery:discover_packages(ignore) discover
[0.455s] Level 1:colcon.colcon_core.package_discovery:discover_packages(ignore) using defaults
[0.455s] Level 1:colcon.colcon_core.package_discovery:discover_packages(path) discover
[0.455s] Level 1:colcon.colcon_core.package_discovery:discover_packages(path) using defaults
[0.498s] Level 1:colcon.colcon_core.package_discovery:discover_packages(prefix_path) check parameters
[0.498s] Level 1:colcon.colcon_core.package_discovery:discover_packages(prefix_path) discover
[0.507s] DEBUG:colcon.colcon_installed_package_information.package_discovery:Found 329 installed packages in /opt/ros/humble
[0.509s] Level 1:colcon.colcon_core.package_discovery:discover_packages(prefix_path) using defaults
[0.565s] Level 5:colcon.colcon_core.verb:set package 'bumperbot_controller' build argument 'cmake_args' from command line to 'None'
[0.565s] Level 5:colcon.colcon_core.verb:set package 'bumperbot_controller' build argument 'cmake_target' from command line to 'None'
[0.565s] Level 5:colcon.colcon_core.verb:set package 'bumperbot_controller' build argument 'cmake_target_skip_unavailable' from command line to 'False'
[0.565s] Level 5:colcon.colcon_core.verb:set package 'bumperbot_controller' build argument 'cmake_clean_cache' from command line to 'False'
[0.565s] Level 5:colcon.colcon_core.verb:set package 'bumperbot_controller' build argument 'cmake_clean_first' from command line to 'False'
[0.565s] Level 5:colcon.colcon_core.verb:set package 'bumperbot_controller' build argument 'cmake_force_configure' from command line to 'False'
[0.565s] Level 5:colcon.colcon_core.verb:set package 'bumperbot_controller' build argument 'ament_cmake_args' from command line to 'None'
[0.565s] Level 5:colcon.colcon_core.verb:set package 'bumperbot_controller' build argument 'catkin_cmake_args' from command line to 'None'
[0.565s] Level 5:colcon.colcon_core.verb:set package 'bumperbot_controller' build argument 'catkin_skip_building_tests' from command line to 'False'
[0.565s] DEBUG:colcon.colcon_core.verb:Building package 'bumperbot_controller' with the following arguments: {'ament_cmake_args': None, 'build_base': '/home/isami/bumperbot_ws/build/bumperbot_controller', 'catkin_cmake_args': None, 'catkin_skip_building_tests': False, 'cmake_args': None, 'cmake_clean_cache': False, 'cmake_clean_first': False, 'cmake_force_configure': False, 'cmake_target': None, 'cmake_target_skip_unavailable': False, 'install_base': '/home/isami/bumperbot_ws/install/bumperbot_controller', 'merge_install': False, 'path': '/home/isami/bumperbot_ws/src/bumperbot_controller', 'symlink_install': False, 'test_result_base': None}
[0.566s] Level 5:colcon.colcon_core.verb:set package 'bumperbot_cpp_examples' build argument 'cmake_args' from command line to 'None'
[0.566s] Level 5:colcon.colcon_core.verb:set package 'bumperbot_cpp_examples' build argument 'cmake_target' from command line to 'None'
[0.566s] Level 5:colcon.colcon_core.verb:set package 'bumperbot_cpp_examples' build argument 'cmake_target_skip_unavailable' from command line to 'False'
[0.566s] Level 5:colcon.colcon_core.verb:set package 'bumperbot_cpp_examples' build argument 'cmake_clean_cache' from command line to 'False'
[0.566s] Level 5:colcon.colcon_core.verb:set package 'bumperbot_cpp_examples' build argument 'cmake_clean_first' from command line to 'False'
[0.566s] Level 5:colcon.colcon_core.verb:set package 'bumperbot_cpp_examples' build argument 'cmake_force_configure' from command line to 'False'
[0.566s] Level 5:colcon.colcon_core.verb:set package 'bumperbot_cpp_examples' build argument 'ament_cmake_args' from command line to 'None'
[0.566s] Level 5:colcon.colcon_core.verb:set package 'bumperbot_cpp_examples' build argument 'catkin_cmake_args' from command line to 'None'
[0.566s] Level 5:colcon.colcon_core.verb:set package 'bumperbot_cpp_examples' build argument 'catkin_skip_building_tests' from command line to 'False'
[0.566s] DEBUG:colcon.colcon_core.verb:Building package 'bumperbot_cpp_examples' with the following arguments: {'ament_cmake_args': None, 'build_base': '/home/isami/bumperbot_ws/build/bumperbot_cpp_examples', 'catkin_cmake_args': None, 'catkin_skip_building_tests': False, 'cmake_args': None, 'cmake_clean_cache': False, 'cmake_clean_first': False, 'cmake_force_configure': False, 'cmake_target': None, 'cmake_target_skip_unavailable': False, 'install_base': '/home/isami/bumperbot_ws/install/bumperbot_cpp_examples', 'merge_install': False, 'path': '/home/isami/bumperbot_ws/src/bumperbot_cpp_examples', 'symlink_install': False, 'test_result_base': None}
[0.566s] Level 5:colcon.colcon_core.verb:set package 'bumperbot_description' build argument 'cmake_args' from command line to 'None'
[0.566s] Level 5:colcon.colcon_core.verb:set package 'bumperbot_description' build argument 'cmake_target' from command line to 'None'
[0.566s] Level 5:colcon.colcon_core.verb:set package 'bumperbot_description' build argument 'cmake_target_skip_unavailable' from command line to 'False'
[0.566s] Level 5:colcon.colcon_core.verb:set package 'bumperbot_description' build argument 'cmake_clean_cache' from command line to 'False'
[0.566s] Level 5:colcon.colcon_core.verb:set package 'bumperbot_description' build argument 'cmake_clean_first' from command line to 'False'
[0.566s] Level 5:colcon.colcon_core.verb:set package 'bumperbot_description' build argument 'cmake_force_configure' from command line to 'False'
[0.566s] Level 5:colcon.colcon_core.verb:set package 'bumperbot_description' build argument 'ament_cmake_args' from command line to 'None'
[0.566s] Level 5:colcon.colcon_core.verb:set package 'bumperbot_description' build argument 'catkin_cmake_args' from command line to 'None'
[0.566s] Level 5:colcon.colcon_core.verb:set package 'bumperbot_description' build argument 'catkin_skip_building_tests' from command line to 'False'
[0.566s] DEBUG:colcon.colcon_core.verb:Building package 'bumperbot_description' with the following arguments: {'ament_cmake_args': None, 'build_base': '/home/isami/bumperbot_ws/build/bumperbot_description', 'catkin_cmake_args': None, 'catkin_skip_building_tests': False, 'cmake_args': None, 'cmake_clean_cache': False, 'cmake_clean_first': False, 'cmake_force_configure': False, 'cmake_target': None, 'cmake_target_skip_unavailable': False, 'install_base': '/home/isami/bumperbot_ws/install/bumperbot_description', 'merge_install': False, 'path': '/home/isami/bumperbot_ws/src/bumperbot_description', 'symlink_install': False, 'test_result_base': None}
[0.567s] Level 5:colcon.colcon_core.verb:set package 'bumperbot_msgs' build argument 'cmake_args' from command line to 'None'
[0.567s] Level 5:colcon.colcon_core.verb:set package 'bumperbot_msgs' build argument 'cmake_target' from command line to 'None'
[0.567s] Level 5:colcon.colcon_core.verb:set package 'bumperbot_msgs' build argument 'cmake_target_skip_unavailable' from command line to 'False'
[0.567s] Level 5:colcon.colcon_core.verb:set package 'bumperbot_msgs' build argument 'cmake_clean_cache' from command line to 'False'
[0.567s] Level 5:colcon.colcon_core.verb:set package 'bumperbot_msgs' build argument 'cmake_clean_first' from command line to 'False'
[0.567s] Level 5:colcon.colcon_core.verb:set package 'bumperbot_msgs' build argument 'cmake_force_configure' from command line to 'False'
[0.567s] Level 5:colcon.colcon_core.verb:set package 'bumperbot_msgs' build argument 'ament_cmake_args' from command line to 'None'
[0.567s] Level 5:colcon.colcon_core.verb:set package 'bumperbot_msgs' build argument 'catkin_cmake_args' from command line to 'None'
[0.567s] Level 5:colcon.colcon_core.verb:set package 'bumperbot_msgs' build argument 'catkin_skip_building_tests' from command line to 'False'
[0.567s] DEBUG:colcon.colcon_core.verb:Building package 'bumperbot_msgs' with the following arguments: {'ament_cmake_args': None, 'build_base': '/home/isami/bumperbot_ws/build/bumperbot_msgs', 'catkin_cmake_args': None, 'catkin_skip_building_tests': False, 'cmake_args': None, 'cmake_clean_cache': False, 'cmake_clean_first': False, 'cmake_force_configure': False, 'cmake_target': None, 'cmake_target_skip_unavailable': False, 'install_base': '/home/isami/bumperbot_ws/install/bumperbot_msgs', 'merge_install': False, 'path': '/home/isami/bumperbot_ws/src/bumperbot_msgs', 'symlink_install': False, 'test_result_base': None}
[0.567s] Level 5:colcon.colcon_core.verb:set package 'bumperbot_py_examples' build argument 'cmake_args' from command line to 'None'
[0.567s] Level 5:colcon.colcon_core.verb:set package 'bumperbot_py_examples' build argument 'cmake_target' from command line to 'None'
[0.567s] Level 5:colcon.colcon_core.verb:set package 'bumperbot_py_examples' build argument 'cmake_target_skip_unavailable' from command line to 'False'
[0.567s] Level 5:colcon.colcon_core.verb:set package 'bumperbot_py_examples' build argument 'cmake_clean_cache' from command line to 'False'
[0.567s] Level 5:colcon.colcon_core.verb:set package 'bumperbot_py_examples' build argument 'cmake_clean_first' from command line to 'False'
[0.567s] Level 5:colcon.colcon_core.verb:set package 'bumperbot_py_examples' build argument 'cmake_force_configure' from command line to 'False'
[0.567s] Level 5:colcon.colcon_core.verb:set package 'bumperbot_py_examples' build argument 'ament_cmake_args' from command line to 'None'
[0.567s] Level 5:colcon.colcon_core.verb:set package 'bumperbot_py_examples' build argument 'catkin_cmake_args' from command line to 'None'
[0.567s] Level 5:colcon.colcon_core.verb:set package 'bumperbot_py_examples' build argument 'catkin_skip_building_tests' from command line to 'False'
[0.567s] DEBUG:colcon.colcon_core.verb:Building package 'bumperbot_py_examples' with the following arguments: {'ament_cmake_args': None, 'build_base': '/home/isami/bumperbot_ws/build/bumperbot_py_examples', 'catkin_cmake_args': None, 'catkin_skip_building_tests': False, 'cmake_args': None, 'cmake_clean_cache': False, 'cmake_clean_first': False, 'cmake_force_configure': False, 'cmake_target': None, 'cmake_target_skip_unavailable': False, 'install_base': '/home/isami/bumperbot_ws/install/bumperbot_py_examples', 'merge_install': False, 'path': '/home/isami/bumperbot_ws/src/bumperbot_py_examples', 'symlink_install': False, 'test_result_base': None}
[0.568s] INFO:colcon.colcon_core.executor:Executing jobs using 'parallel' executor
[0.569s] DEBUG:colcon.colcon_parallel_executor.executor.parallel:run_until_complete
[0.570s] INFO:colcon.colcon_ros.task.ament_cmake.build:Building ROS package in '/home/isami/bumperbot_ws/src/bumperbot_msgs' with build type 'ament_cmake'
[0.570s] INFO:colcon.colcon_cmake.task.cmake.build:Building CMake package in '/home/isami/bumperbot_ws/src/bumperbot_msgs'
[0.577s] INFO:colcon.colcon_core.plugin_system:Skipping extension 'colcon_core.shell.bat': Not used on non-Windows systems
[0.577s] INFO:colcon.colcon_core.shell:Skip shell extension 'powershell' for command environment: Not usable outside of PowerShell
[0.577s] DEBUG:colcon.colcon_core.shell:Skip shell extension 'dsv' for command environment
[0.582s] INFO:colcon.colcon_ros.task.ament_cmake.build:Building ROS package in '/home/isami/bumperbot_ws/src/bumperbot_controller' with build type 'ament_cmake'
[0.582s] INFO:colcon.colcon_cmake.task.cmake.build:Building CMake package in '/home/isami/bumperbot_ws/src/bumperbot_controller'
[0.583s] INFO:colcon.colcon_core.shell:Skip shell extension 'powershell' for command environment: Not usable outside of PowerShell
[0.583s] DEBUG:colcon.colcon_core.shell:Skip shell extension 'dsv' for command environment
[0.596s] INFO:colcon.colcon_ros.task.ament_cmake.build:Building ROS package in '/home/isami/bumperbot_ws/src/bumperbot_cpp_examples' with build type 'ament_cmake'
[0.597s] INFO:colcon.colcon_cmake.task.cmake.build:Building CMake package in '/home/isami/bumperbot_ws/src/bumperbot_cpp_examples'
[0.597s] INFO:colcon.colcon_core.shell:Skip shell extension 'powershell' for command environment: Not usable outside of PowerShell
[0.598s] DEBUG:colcon.colcon_core.shell:Skip shell extension 'dsv' for command environment
[0.615s] DEBUG:colcon.colcon_core.event_handler.log_command:Invoking command in '/home/isami/bumperbot_ws/build/bumperbot_msgs': CMAKE_PREFIX_PATH=/opt/ros/humble /usr/bin/cmake /home/isami/bumperbot_ws/src/bumperbot_msgs -DCMAKE_INSTALL_PREFIX=/home/isami/bumperbot_ws/install/bumperbot_msgs
[0.633s] DEBUG:colcon.colcon_core.event_handler.log_command:Invoking command in '/home/isami/bumperbot_ws/build/bumperbot_controller': CMAKE_PREFIX_PATH=/opt/ros/humble /usr/bin/cmake --build /home/isami/bumperbot_ws/build/bumperbot_controller -- -j3 -l3
[0.658s] DEBUG:colcon.colcon_core.event_handler.log_command:Invoking command in '/home/isami/bumperbot_ws/build/bumperbot_cpp_examples': CMAKE_PREFIX_PATH=/opt/ros/humble /usr/bin/cmake --build /home/isami/bumperbot_ws/build/bumperbot_cpp_examples -- -j3 -l3
[0.751s] DEBUG:colcon.colcon_core.event_handler.log_command:Invoked command in '/home/isami/bumperbot_ws/build/bumperbot_cpp_examples' returned '0': CMAKE_PREFIX_PATH=/opt/ros/humble /usr/bin/cmake --build /home/isami/bumperbot_ws/build/bumperbot_cpp_examples -- -j3 -l3
[0.855s] DEBUG:colcon.colcon_core.event_handler.log_command:Invoking command in '/home/isami/bumperbot_ws/build/bumperbot_cpp_examples': CMAKE_PREFIX_PATH=/opt/ros/humble /usr/bin/cmake --install /home/isami/bumperbot_ws/build/bumperbot_cpp_examples
[0.871s] Level 1:colcon.colcon_core.environment:create_environment_scripts_only(bumperbot_cpp_examples)
[0.873s] DEBUG:colcon.colcon_core.event_handler.log_command:Invoked command in '/home/isami/bumperbot_ws/build/bumperbot_cpp_examples' returned '0': CMAKE_PREFIX_PATH=/opt/ros/humble /usr/bin/cmake --install /home/isami/bumperbot_ws/build/bumperbot_cpp_examples
[0.886s] Level 1:colcon.colcon_core.environment:checking '/home/isami/bumperbot_ws/install/bumperbot_cpp_examples' for CMake module files
[0.894s] Level 1:colcon.colcon_core.environment:checking '/home/isami/bumperbot_ws/install/bumperbot_cpp_examples' for CMake config files
[0.895s] Level 1:colcon.colcon_core.shell:create_environment_hook('bumperbot_cpp_examples', 'cmake_prefix_path')
[0.896s] INFO:colcon.colcon_core.shell:Creating environment hook '/home/isami/bumperbot_ws/install/bumperbot_cpp_examples/share/bumperbot_cpp_examples/hook/cmake_prefix_path.ps1'
[0.898s] INFO:colcon.colcon_core.shell:Creating environment descriptor '/home/isami/bumperbot_ws/install/bumperbot_cpp_examples/share/bumperbot_cpp_examples/hook/cmake_prefix_path.dsv'
[0.903s] INFO:colcon.colcon_core.shell:Creating environment hook '/home/isami/bumperbot_ws/install/bumperbot_cpp_examples/share/bumperbot_cpp_examples/hook/cmake_prefix_path.sh'
[0.914s] Level 1:colcon.colcon_core.environment:checking '/home/isami/bumperbot_ws/install/bumperbot_cpp_examples/bin'
[0.914s] Level 1:colcon.colcon_core.environment:checking '/home/isami/bumperbot_ws/install/bumperbot_cpp_examples/lib/pkgconfig/bumperbot_cpp_examples.pc'
[0.914s] Level 1:colcon.colcon_core.environment:checking '/home/isami/bumperbot_ws/install/bumperbot_cpp_examples/lib/python3.10/site-packages'
[0.915s] Level 1:colcon.colcon_core.environment:checking '/home/isami/bumperbot_ws/install/bumperbot_cpp_examples/bin'
[0.915s] INFO:colcon.colcon_core.shell:Creating package script '/home/isami/bumperbot_ws/install/bumperbot_cpp_examples/share/bumperbot_cpp_examples/package.ps1'
[0.917s] INFO:colcon.colcon_core.shell:Creating package descriptor '/home/isami/bumperbot_ws/install/bumperbot_cpp_examples/share/bumperbot_cpp_examples/package.dsv'
[0.918s] INFO:colcon.colcon_core.shell:Creating package script '/home/isami/bumperbot_ws/install/bumperbot_cpp_examples/share/bumperbot_cpp_examples/package.sh'
[0.919s] INFO:colcon.colcon_core.shell:Creating package script '/home/isami/bumperbot_ws/install/bumperbot_cpp_examples/share/bumperbot_cpp_examples/package.bash'
[0.921s] INFO:colcon.colcon_core.shell:Creating package script '/home/isami/bumperbot_ws/install/bumperbot_cpp_examples/share/bumperbot_cpp_examples/package.zsh'
[0.927s] Level 1:colcon.colcon_core.environment:create_file_with_runtime_dependencies(/home/isami/bumperbot_ws/install/bumperbot_cpp_examples/share/colcon-core/packages/bumperbot_cpp_examples)
[0.970s] Level 1:colcon.colcon_core.environment:create_environment_scripts_only(bumperbot_cpp_examples)
[0.970s] Level 1:colcon.colcon_core.environment:checking '/home/isami/bumperbot_ws/install/bumperbot_cpp_examples' for CMake module files
[0.972s] Level 1:colcon.colcon_core.environment:checking '/home/isami/bumperbot_ws/install/bumperbot_cpp_examples' for CMake config files
[0.972s] Level 1:colcon.colcon_core.shell:create_environment_hook('bumperbot_cpp_examples', 'cmake_prefix_path')
[0.973s] INFO:colcon.colcon_core.shell:Creating environment hook '/home/isami/bumperbot_ws/install/bumperbot_cpp_examples/share/bumperbot_cpp_examples/hook/cmake_prefix_path.ps1'
[0.974s] INFO:colcon.colcon_core.shell:Creating environment descriptor '/home/isami/bumperbot_ws/install/bumperbot_cpp_examples/share/bumperbot_cpp_examples/hook/cmake_prefix_path.dsv'
[0.975s] INFO:colcon.colcon_core.shell:Creating environment hook '/home/isami/bumperbot_ws/install/bumperbot_cpp_examples/share/bumperbot_cpp_examples/hook/cmake_prefix_path.sh'
[0.976s] Level 1:colcon.colcon_core.environment:checking '/home/isami/bumperbot_ws/install/bumperbot_cpp_examples/bin'
[0.976s] Level 1:colcon.colcon_core.environment:checking '/home/isami/bumperbot_ws/install/bumperbot_cpp_examples/lib/pkgconfig/bumperbot_cpp_examples.pc'
[0.977s] Level 1:colcon.colcon_core.environment:checking '/home/isami/bumperbot_ws/install/bumperbot_cpp_examples/lib/python3.10/site-packages'
[0.977s] Level 1:colcon.colcon_core.environment:checking '/home/isami/bumperbot_ws/install/bumperbot_cpp_examples/bin'
[0.978s] INFO:colcon.colcon_core.shell:Creating package script '/home/isami/bumperbot_ws/install/bumperbot_cpp_examples/share/bumperbot_cpp_examples/package.ps1'
[0.979s] INFO:colcon.colcon_core.shell:Creating package descriptor '/home/isami/bumperbot_ws/install/bumperbot_cpp_examples/share/bumperbot_cpp_examples/package.dsv'
[0.980s] INFO:colcon.colcon_core.shell:Creating package script '/home/isami/bumperbot_ws/install/bumperbot_cpp_examples/share/bumperbot_cpp_examples/package.sh'
[0.981s] INFO:colcon.colcon_core.shell:Creating package script '/home/isami/bumperbot_ws/install/bumperbot_cpp_examples/share/bumperbot_cpp_examples/package.bash'
[0.982s] INFO:colcon.colcon_core.shell:Creating package script '/home/isami/bumperbot_ws/install/bumperbot_cpp_examples/share/bumperbot_cpp_examples/package.zsh'
[0.982s] Level 1:colcon.colcon_core.environment:create_file_with_runtime_dependencies(/home/isami/bumperbot_ws/install/bumperbot_cpp_examples/share/colcon-core/packages/bumperbot_cpp_examples)
[0.983s] INFO:colcon.colcon_ros.task.ament_cmake.build:Building ROS package in '/home/isami/bumperbot_ws/src/bumperbot_description' with build type 'ament_cmake'
[0.983s] INFO:colcon.colcon_cmake.task.cmake.build:Building CMake package in '/home/isami/bumperbot_ws/src/bumperbot_description'
[0.984s] INFO:colcon.colcon_core.shell:Skip shell extension 'powershell' for command environment: Not usable outside of PowerShell
[0.984s] DEBUG:colcon.colcon_core.shell:Skip shell extension 'dsv' for command environment
[1.003s] DEBUG:colcon.colcon_core.event_handler.log_command:Invoking command in '/home/isami/bumperbot_ws/build/bumperbot_description': CMAKE_PREFIX_PATH=/opt/ros/humble /usr/bin/cmake --build /home/isami/bumperbot_ws/build/bumperbot_description -- -j3 -l3
[1.080s] DEBUG:colcon.colcon_core.event_handler.log_command:Invoked command in '/home/isami/bumperbot_ws/build/bumperbot_description' returned '0': CMAKE_PREFIX_PATH=/opt/ros/humble /usr/bin/cmake --build /home/isami/bumperbot_ws/build/bumperbot_description -- -j3 -l3
[1.146s] DEBUG:colcon.colcon_core.event_handler.log_command:Invoking command in '/home/isami/bumperbot_ws/build/bumperbot_description': CMAKE_PREFIX_PATH=/opt/ros/humble /usr/bin/cmake --install /home/isami/bumperbot_ws/build/bumperbot_description
[1.165s] Level 1:colcon.colcon_core.environment:create_environment_scripts_only(bumperbot_description)
[1.165s] DEBUG:colcon.colcon_core.event_handler.log_command:Invoked command in '/home/isami/bumperbot_ws/build/bumperbot_description' returned '0': CMAKE_PREFIX_PATH=/opt/ros/humble /usr/bin/cmake --install /home/isami/bumperbot_ws/build/bumperbot_description
[1.165s] Level 1:colcon.colcon_core.environment:checking '/home/isami/bumperbot_ws/install/bumperbot_description' for CMake module files
[1.166s] Level 1:colcon.colcon_core.environment:checking '/home/isami/bumperbot_ws/install/bumperbot_description' for CMake config files
[1.167s] Level 1:colcon.colcon_core.shell:create_environment_hook('bumperbot_description', 'cmake_prefix_path')
[1.167s] INFO:colcon.colcon_core.shell:Creating environment hook '/home/isami/bumperbot_ws/install/bumperbot_description/share/bumperbot_description/hook/cmake_prefix_path.ps1'
[1.167s] INFO:colcon.colcon_core.shell:Creating environment descriptor '/home/isami/bumperbot_ws/install/bumperbot_description/share/bumperbot_description/hook/cmake_prefix_path.dsv'
[1.168s] INFO:colcon.colcon_core.shell:Creating environment hook '/home/isami/bumperbot_ws/install/bumperbot_description/share/bumperbot_description/hook/cmake_prefix_path.sh'
[1.169s] Level 1:colcon.colcon_core.environment:checking '/home/isami/bumperbot_ws/install/bumperbot_description/bin'
[1.169s] Level 1:colcon.colcon_core.environment:checking '/home/isami/bumperbot_ws/install/bumperbot_description/lib/pkgconfig/bumperbot_description.pc'
[1.169s] Level 1:colcon.colcon_core.environment:checking '/home/isami/bumperbot_ws/install/bumperbot_description/lib/python3.10/site-packages'
[1.169s] Level 1:colcon.colcon_core.environment:checking '/home/isami/bumperbot_ws/install/bumperbot_description/bin'
[1.169s] INFO:colcon.colcon_core.shell:Creating package script '/home/isami/bumperbot_ws/install/bumperbot_description/share/bumperbot_description/package.ps1'
[1.170s] INFO:colcon.colcon_core.shell:Creating package descriptor '/home/isami/bumperbot_ws/install/bumperbot_description/share/bumperbot_description/package.dsv'
[1.170s] INFO:colcon.colcon_core.shell:Creating package script '/home/isami/bumperbot_ws/install/bumperbot_description/share/bumperbot_description/package.sh'
[1.171s] INFO:colcon.colcon_core.shell:Creating package script '/home/isami/bumperbot_ws/install/bumperbot_description/share/bumperbot_description/package.bash'
[1.171s] INFO:colcon.colcon_core.shell:Creating package script '/home/isami/bumperbot_ws/install/bumperbot_description/share/bumperbot_description/package.zsh'
[1.172s] Level 1:colcon.colcon_core.environment:create_file_with_runtime_dependencies(/home/isami/bumperbot_ws/install/bumperbot_description/share/colcon-core/packages/bumperbot_description)
[1.219s] Level 1:colcon.colcon_core.environment:create_environment_scripts_only(bumperbot_description)
[1.219s] Level 1:colcon.colcon_core.environment:checking '/home/isami/bumperbot_ws/install/bumperbot_description' for CMake module files
[1.220s] Level 1:colcon.colcon_core.environment:checking '/home/isami/bumperbot_ws/install/bumperbot_description' for CMake config files
[1.220s] Level 1:colcon.colcon_core.shell:create_environment_hook('bumperbot_description', 'cmake_prefix_path')
[1.220s] INFO:colcon.colcon_core.shell:Creating environment hook '/home/isami/bumperbot_ws/install/bumperbot_description/share/bumperbot_description/hook/cmake_prefix_path.ps1'
[1.221s] INFO:colcon.colcon_core.shell:Creating environment descriptor '/home/isami/bumperbot_ws/install/bumperbot_description/share/bumperbot_description/hook/cmake_prefix_path.dsv'
[1.222s] INFO:colcon.colcon_core.shell:Creating environment hook '/home/isami/bumperbot_ws/install/bumperbot_description/share/bumperbot_description/hook/cmake_prefix_path.sh'
[1.223s] Level 1:colcon.colcon_core.environment:checking '/home/isami/bumperbot_ws/install/bumperbot_description/bin'
[1.223s] Level 1:colcon.colcon_core.environment:checking '/home/isami/bumperbot_ws/install/bumperbot_description/lib/pkgconfig/bumperbot_description.pc'
[1.224s] Level 1:colcon.colcon_core.environment:checking '/home/isami/bumperbot_ws/install/bumperbot_description/lib/python3.10/site-packages'
[1.224s] Level 1:colcon.colcon_core.environment:checking '/home/isami/bumperbot_ws/install/bumperbot_description/bin'
[1.224s] INFO:colcon.colcon_core.shell:Creating package script '/home/isami/bumperbot_ws/install/bumperbot_description/share/bumperbot_description/package.ps1'
[1.225s] INFO:colcon.colcon_core.shell:Creating package descriptor '/home/isami/bumperbot_ws/install/bumperbot_description/share/bumperbot_description/package.dsv'
[1.226s] INFO:colcon.colcon_core.shell:Creating package script '/home/isami/bumperbot_ws/install/bumperbot_description/share/bumperbot_description/package.sh'
[1.227s] INFO:colcon.colcon_core.shell:Creating package script '/home/isami/bumperbot_ws/install/bumperbot_description/share/bumperbot_description/package.bash'
[1.228s] INFO:colcon.colcon_core.shell:Creating package script '/home/isami/bumperbot_ws/install/bumperbot_description/share/bumperbot_description/package.zsh'
[1.229s] Level 1:colcon.colcon_core.environment:create_file_with_runtime_dependencies(/home/isami/bumperbot_ws/install/bumperbot_description/share/colcon-core/packages/bumperbot_description)
[1.304s] DEBUG:colcon.colcon_core.event_handler.log_command:Invoked command in '/home/isami/bumperbot_ws/build/bumperbot_controller' returned '0': CMAKE_PREFIX_PATH=/opt/ros/humble /usr/bin/cmake --build /home/isami/bumperbot_ws/build/bumperbot_controller -- -j3 -l3
[1.344s] DEBUG:colcon.colcon_core.event_handler.log_command:Invoking command in '/home/isami/bumperbot_ws/build/bumperbot_controller': CMAKE_PREFIX_PATH=/opt/ros/humble /usr/bin/cmake --install /home/isami/bumperbot_ws/build/bumperbot_controller
[1.444s] Level 1:colcon.colcon_core.environment:create_environment_scripts_only(bumperbot_controller)
[1.444s] Level 1:colcon.colcon_core.environment:checking '/home/isami/bumperbot_ws/install/bumperbot_controller' for CMake module files
[1.445s] Level 1:colcon.colcon_core.environment:checking '/home/isami/bumperbot_ws/install/bumperbot_controller' for CMake config files
[1.445s] Level 1:colcon.colcon_core.shell:create_environment_hook('bumperbot_controller', 'cmake_prefix_path')
[1.445s] INFO:colcon.colcon_core.shell:Creating environment hook '/home/isami/bumperbot_ws/install/bumperbot_controller/share/bumperbot_controller/hook/cmake_prefix_path.ps1'
[1.446s] INFO:colcon.colcon_core.shell:Creating environment descriptor '/home/isami/bumperbot_ws/install/bumperbot_controller/share/bumperbot_controller/hook/cmake_prefix_path.dsv'
[1.446s] INFO:colcon.colcon_core.shell:Creating environment hook '/home/isami/bumperbot_ws/install/bumperbot_controller/share/bumperbot_controller/hook/cmake_prefix_path.sh'
[1.447s] Level 1:colcon.colcon_core.environment:checking '/home/isami/bumperbot_ws/install/bumperbot_controller/lib'
[1.447s] Level 1:colcon.colcon_core.environment:checking '/home/isami/bumperbot_ws/install/bumperbot_controller/bin'
[1.447s] Level 1:colcon.colcon_core.environment:checking '/home/isami/bumperbot_ws/install/bumperbot_controller/lib/pkgconfig/bumperbot_controller.pc'
[1.447s] Level 1:colcon.colcon_core.environment:checking '/home/isami/bumperbot_ws/install/bumperbot_controller/lib/python3.10/site-packages'
[1.447s] Level 1:colcon.colcon_core.environment:checking '/home/isami/bumperbot_ws/install/bumperbot_controller/bin'
[1.447s] INFO:colcon.colcon_core.shell:Creating package script '/home/isami/bumperbot_ws/install/bumperbot_controller/share/bumperbot_controller/package.ps1'
[1.448s] INFO:colcon.colcon_core.shell:Creating package descriptor '/home/isami/bumperbot_ws/install/bumperbot_controller/share/bumperbot_controller/package.dsv'
[1.448s] INFO:colcon.colcon_core.shell:Creating package script '/home/isami/bumperbot_ws/install/bumperbot_controller/share/bumperbot_controller/package.sh'
[1.449s] INFO:colcon.colcon_core.shell:Creating package script '/home/isami/bumperbot_ws/install/bumperbot_controller/share/bumperbot_controller/package.bash'
[1.449s] INFO:colcon.colcon_core.shell:Creating package script '/home/isami/bumperbot_ws/install/bumperbot_controller/share/bumperbot_controller/package.zsh'
[1.452s] DEBUG:colcon.colcon_core.event_handler.log_command:Invoked command in '/home/isami/bumperbot_ws/build/bumperbot_controller' returned '0': CMAKE_PREFIX_PATH=/opt/ros/humble /usr/bin/cmake --install /home/isami/bumperbot_ws/build/bumperbot_controller
[1.453s] Level 1:colcon.colcon_core.environment:create_file_with_runtime_dependencies(/home/isami/bumperbot_ws/install/bumperbot_controller/share/colcon-core/packages/bumperbot_controller)
[1.486s] Level 1:colcon.colcon_core.environment:create_environment_scripts_only(bumperbot_controller)
[1.487s] Level 1:colcon.colcon_core.environment:checking '/home/isami/bumperbot_ws/install/bumperbot_controller' for CMake module files
[1.487s] Level 1:colcon.colcon_core.environment:checking '/home/isami/bumperbot_ws/install/bumperbot_controller' for CMake config files
[1.487s] Level 1:colcon.colcon_core.shell:create_environment_hook('bumperbot_controller', 'cmake_prefix_path')
[1.487s] INFO:colcon.colcon_core.shell:Creating environment hook '/home/isami/bumperbot_ws/install/bumperbot_controller/share/bumperbot_controller/hook/cmake_prefix_path.ps1'
[1.488s] INFO:colcon.colcon_core.shell:Creating environment descriptor '/home/isami/bumperbot_ws/install/bumperbot_controller/share/bumperbot_controller/hook/cmake_prefix_path.dsv'
[1.489s] INFO:colcon.colcon_core.shell:Creating environment hook '/home/isami/bumperbot_ws/install/bumperbot_controller/share/bumperbot_controller/hook/cmake_prefix_path.sh'
[1.489s] Level 1:colcon.colcon_core.environment:checking '/home/isami/bumperbot_ws/install/bumperbot_controller/lib'
[1.489s] Level 1:colcon.colcon_core.environment:checking '/home/isami/bumperbot_ws/install/bumperbot_controller/bin'
[1.489s] Level 1:colcon.colcon_core.environment:checking '/home/isami/bumperbot_ws/install/bumperbot_controller/lib/pkgconfig/bumperbot_controller.pc'
[1.490s] Level 1:colcon.colcon_core.environment:checking '/home/isami/bumperbot_ws/install/bumperbot_controller/lib/python3.10/site-packages'
[1.490s] Level 1:colcon.colcon_core.environment:checking '/home/isami/bumperbot_ws/install/bumperbot_controller/bin'
[1.490s] INFO:colcon.colcon_core.shell:Creating package script '/home/isami/bumperbot_ws/install/bumperbot_controller/share/bumperbot_controller/package.ps1'
[1.491s] INFO:colcon.colcon_core.shell:Creating package descriptor '/home/isami/bumperbot_ws/install/bumperbot_controller/share/bumperbot_controller/package.dsv'
[1.491s] INFO:colcon.colcon_core.shell:Creating package script '/home/isami/bumperbot_ws/install/bumperbot_controller/share/bumperbot_controller/package.sh'
[1.491s] INFO:colcon.colcon_core.shell:Creating package script '/home/isami/bumperbot_ws/install/bumperbot_controller/share/bumperbot_controller/package.bash'
[1.492s] INFO:colcon.colcon_core.shell:Creating package script '/home/isami/bumperbot_ws/install/bumperbot_controller/share/bumperbot_controller/package.zsh'
[1.492s] Level 1:colcon.colcon_core.environment:create_file_with_runtime_dependencies(/home/isami/bumperbot_ws/install/bumperbot_controller/share/colcon-core/packages/bumperbot_controller)
[2.042s] DEBUG:colcon.colcon_core.event_handler.log_command:Invoked command in '/home/isami/bumperbot_ws/build/bumperbot_msgs' returned '0': CMAKE_PREFIX_PATH=/opt/ros/humble /usr/bin/cmake /home/isami/bumperbot_ws/src/bumperbot_msgs -DCMAKE_INSTALL_PREFIX=/home/isami/bumperbot_ws/install/bumperbot_msgs
[2.043s] DEBUG:colcon.colcon_core.event_handler.log_command:Invoking command in '/home/isami/bumperbot_ws/build/bumperbot_msgs': CMAKE_PREFIX_PATH=/opt/ros/humble /usr/bin/cmake --build /home/isami/bumperbot_ws/build/bumperbot_msgs -- -j3 -l3
[2.094s] DEBUG:colcon.colcon_core.event_handler.log_command:Invoked command in '/home/isami/bumperbot_ws/build/bumperbot_msgs' returned '0': CMAKE_PREFIX_PATH=/opt/ros/humble /usr/bin/cmake --build /home/isami/bumperbot_ws/build/bumperbot_msgs -- -j3 -l3
[2.132s] DEBUG:colcon.colcon_core.event_handler.log_command:Invoking command in '/home/isami/bumperbot_ws/build/bumperbot_msgs': CMAKE_PREFIX_PATH=/opt/ros/humble /usr/bin/cmake --install /home/isami/bumperbot_ws/build/bumperbot_msgs
[2.150s] Level 1:colcon.colcon_core.environment:create_environment_scripts_only(bumperbot_msgs)
[2.151s] Level 1:colcon.colcon_core.environment:checking '/home/isami/bumperbot_ws/install/bumperbot_msgs' for CMake module files
[2.151s] DEBUG:colcon.colcon_core.event_handler.log_command:Invoked command in '/home/isami/bumperbot_ws/build/bumperbot_msgs' returned '0': CMAKE_PREFIX_PATH=/opt/ros/humble /usr/bin/cmake --install /home/isami/bumperbot_ws/build/bumperbot_msgs
[2.152s] Level 1:colcon.colcon_core.environment:checking '/home/isami/bumperbot_ws/install/bumperbot_msgs' for CMake config files
[2.152s] Level 1:colcon.colcon_core.shell:create_environment_hook('bumperbot_msgs', 'cmake_prefix_path')
[2.152s] INFO:colcon.colcon_core.shell:Creating environment hook '/home/isami/bumperbot_ws/install/bumperbot_msgs/share/bumperbot_msgs/hook/cmake_prefix_path.ps1'
[2.153s] INFO:colcon.colcon_core.shell:Creating environment descriptor '/home/isami/bumperbot_ws/install/bumperbot_msgs/share/bumperbot_msgs/hook/cmake_prefix_path.dsv'
[2.153s] INFO:colcon.colcon_core.shell:Creating environment hook '/home/isami/bumperbot_ws/install/bumperbot_msgs/share/bumperbot_msgs/hook/cmake_prefix_path.sh'
[2.153s] Level 1:colcon.colcon_core.environment:checking '/home/isami/bumperbot_ws/install/bumperbot_msgs/bin'
[2.153s] Level 1:colcon.colcon_core.environment:checking '/home/isami/bumperbot_ws/install/bumperbot_msgs/lib/pkgconfig/bumperbot_msgs.pc'
[2.154s] Level 1:colcon.colcon_core.environment:checking '/home/isami/bumperbot_ws/install/bumperbot_msgs/lib/python3.10/site-packages'
[2.154s] Level 1:colcon.colcon_core.environment:checking '/home/isami/bumperbot_ws/install/bumperbot_msgs/bin'
[2.154s] INFO:colcon.colcon_core.shell:Creating package script '/home/isami/bumperbot_ws/install/bumperbot_msgs/share/bumperbot_msgs/package.ps1'
[2.154s] INFO:colcon.colcon_core.shell:Creating package descriptor '/home/isami/bumperbot_ws/install/bumperbot_msgs/share/bumperbot_msgs/package.dsv'
[2.155s] INFO:colcon.colcon_core.shell:Creating package script '/home/isami/bumperbot_ws/install/bumperbot_msgs/share/bumperbot_msgs/package.sh'
[2.155s] INFO:colcon.colcon_core.shell:Creating package script '/home/isami/bumperbot_ws/install/bumperbot_msgs/share/bumperbot_msgs/package.bash'
[2.155s] INFO:colcon.colcon_core.shell:Creating package script '/home/isami/bumperbot_ws/install/bumperbot_msgs/share/bumperbot_msgs/package.zsh'
[2.155s] Level 1:colcon.colcon_core.environment:create_file_with_runtime_dependencies(/home/isami/bumperbot_ws/install/bumperbot_msgs/share/colcon-core/packages/bumperbot_msgs)
[2.198s] Level 1:colcon.colcon_core.environment:create_environment_scripts_only(bumperbot_msgs)
[2.199s] Level 1:colcon.colcon_core.environment:checking '/home/isami/bumperbot_ws/install/bumperbot_msgs' for CMake module files
[2.200s] Level 1:colcon.colcon_core.environment:checking '/home/isami/bumperbot_ws/install/bumperbot_msgs' for CMake config files
[2.200s] Level 1:colcon.colcon_core.shell:create_environment_hook('bumperbot_msgs', 'cmake_prefix_path')
[2.201s] INFO:colcon.colcon_core.shell:Creating environment hook '/home/isami/bumperbot_ws/install/bumperbot_msgs/share/bumperbot_msgs/hook/cmake_prefix_path.ps1'
[2.202s] INFO:colcon.colcon_core.shell:Creating environment descriptor '/home/isami/bumperbot_ws/install/bumperbot_msgs/share/bumperbot_msgs/hook/cmake_prefix_path.dsv'
[2.202s] INFO:colcon.colcon_core.shell:Creating environment hook '/home/isami/bumperbot_ws/install/bumperbot_msgs/share/bumperbot_msgs/hook/cmake_prefix_path.sh'
[2.204s] Level 1:colcon.colcon_core.environment:checking '/home/isami/bumperbot_ws/install/bumperbot_msgs/bin'
[2.204s] Level 1:colcon.colcon_core.environment:checking '/home/isami/bumperbot_ws/install/bumperbot_msgs/lib/pkgconfig/bumperbot_msgs.pc'
[2.204s] Level 1:colcon.colcon_core.environment:checking '/home/isami/bumperbot_ws/install/bumperbot_msgs/lib/python3.10/site-packages'
[2.205s] Level 1:colcon.colcon_core.environment:checking '/home/isami/bumperbot_ws/install/bumperbot_msgs/bin'
[2.205s] INFO:colcon.colcon_core.shell:Creating package script '/home/isami/bumperbot_ws/install/bumperbot_msgs/share/bumperbot_msgs/package.ps1'
[2.206s] INFO:colcon.colcon_core.shell:Creating package descriptor '/home/isami/bumperbot_ws/install/bumperbot_msgs/share/bumperbot_msgs/package.dsv'
[2.207s] INFO:colcon.colcon_core.shell:Creating package script '/home/isami/bumperbot_ws/install/bumperbot_msgs/share/bumperbot_msgs/package.sh'
[2.208s] INFO:colcon.colcon_core.shell:Creating package script '/home/isami/bumperbot_ws/install/bumperbot_msgs/share/bumperbot_msgs/package.bash'
[2.209s] INFO:colcon.colcon_core.shell:Creating package script '/home/isami/bumperbot_ws/install/bumperbot_msgs/share/bumperbot_msgs/package.zsh'
[2.210s] Level 1:colcon.colcon_core.environment:create_file_with_runtime_dependencies(/home/isami/bumperbot_ws/install/bumperbot_msgs/share/colcon-core/packages/bumperbot_msgs)
[2.211s] INFO:colcon.colcon_ros.task.ament_python.build:Building ROS package in '/home/isami/bumperbot_ws/src/bumperbot_py_examples' with build type 'ament_python'
[2.211s] Level 1:colcon.colcon_core.shell:create_environment_hook('bumperbot_py_examples', 'ament_prefix_path')
[2.212s] INFO:colcon.colcon_core.shell:Creating environment hook '/home/isami/bumperbot_ws/install/bumperbot_py_examples/share/bumperbot_py_examples/hook/ament_prefix_path.ps1'
[2.213s] INFO:colcon.colcon_core.shell:Creating environment descriptor '/home/isami/bumperbot_ws/install/bumperbot_py_examples/share/bumperbot_py_examples/hook/ament_prefix_path.dsv'
[2.224s] INFO:colcon.colcon_core.shell:Creating environment hook '/home/isami/bumperbot_ws/install/bumperbot_py_examples/share/bumperbot_py_examples/hook/ament_prefix_path.sh'
[2.225s] INFO:colcon.colcon_core.shell:Skip shell extension 'powershell' for command environment: Not usable outside of PowerShell
[2.225s] DEBUG:colcon.colcon_core.shell:Skip shell extension 'dsv' for command environment
[2.557s] INFO:colcon.colcon_core.task.python.build:Building Python package in '/home/isami/bumperbot_ws/src/bumperbot_py_examples'
[2.558s] INFO:colcon.colcon_core.shell:Skip shell extension 'powershell' for command environment: Not usable outside of PowerShell
[2.558s] DEBUG:colcon.colcon_core.shell:Skip shell extension 'dsv' for command environment
[3.290s] DEBUG:colcon.colcon_core.event_handler.log_command:Invoking command in '/home/isami/bumperbot_ws/src/bumperbot_py_examples': AMENT_PREFIX_PATH=/home/isami/bumperbot_ws/install/bumperbot_msgs:${AMENT_PREFIX_PATH} CMAKE_PREFIX_PATH=/home/isami/bumperbot_ws/install/bumperbot_msgs PYTHONPATH=/home/isami/bumperbot_ws/build/bumperbot_py_examples/prefix_override:/home/isami/bumperbot_ws/install/bumperbot_py_examples/lib/python3.10/site-packages:${PYTHONPATH} /usr/bin/python3 -W ignore:setup.py install is deprecated setup.py egg_info --egg-base ../../build/bumperbot_py_examples build --build-base /home/isami/bumperbot_ws/build/bumperbot_py_examples/build install --record /home/isami/bumperbot_ws/build/bumperbot_py_examples/install.log --single-version-externally-managed install_data
[3.629s] Level 1:colcon.colcon_core.environment:checking '/home/isami/bumperbot_ws/install/bumperbot_py_examples' for CMake module files
[3.630s] Level 1:colcon.colcon_core.environment:checking '/home/isami/bumperbot_ws/install/bumperbot_py_examples' for CMake config files
[3.630s] Level 1:colcon.colcon_core.environment:checking '/home/isami/bumperbot_ws/install/bumperbot_py_examples/lib'
[3.631s] Level 1:colcon.colcon_core.environment:checking '/home/isami/bumperbot_ws/install/bumperbot_py_examples/bin'
[3.631s] Level 1:colcon.colcon_core.environment:checking '/home/isami/bumperbot_ws/install/bumperbot_py_examples/lib/pkgconfig/bumperbot_py_examples.pc'
[3.631s] Level 1:colcon.colcon_core.environment:checking '/home/isami/bumperbot_ws/install/bumperbot_py_examples/lib/python3.10/site-packages'
[3.631s] Level 1:colcon.colcon_core.shell:create_environment_hook('bumperbot_py_examples', 'pythonpath')
[3.631s] INFO:colcon.colcon_core.shell:Creating environment hook '/home/isami/bumperbot_ws/install/bumperbot_py_examples/share/bumperbot_py_examples/hook/pythonpath.ps1'
[3.632s] INFO:colcon.colcon_core.shell:Creating environment descriptor '/home/isami/bumperbot_ws/install/bumperbot_py_examples/share/bumperbot_py_examples/hook/pythonpath.dsv'
[3.632s] INFO:colcon.colcon_core.shell:Creating environment hook '/home/isami/bumperbot_ws/install/bumperbot_py_examples/share/bumperbot_py_examples/hook/pythonpath.sh'
[3.633s] DEBUG:colcon.colcon_core.event_handler.log_command:Invoked command in '/home/isami/bumperbot_ws/src/bumperbot_py_examples' returned '0': AMENT_PREFIX_PATH=/home/isami/bumperbot_ws/install/bumperbot_msgs:${AMENT_PREFIX_PATH} CMAKE_PREFIX_PATH=/home/isami/bumperbot_ws/install/bumperbot_msgs PYTHONPATH=/home/isami/bumperbot_ws/build/bumperbot_py_examples/prefix_override:/home/isami/bumperbot_ws/install/bumperbot_py_examples/lib/python3.10/site-packages:${PYTHONPATH} /usr/bin/python3 -W ignore:setup.py install is deprecated setup.py egg_info --egg-base ../../build/bumperbot_py_examples build --build-base /home/isami/bumperbot_ws/build/bumperbot_py_examples/build install --record /home/isami/bumperbot_ws/build/bumperbot_py_examples/install.log --single-version-externally-managed install_data
[3.634s] Level 1:colcon.colcon_core.environment:checking '/home/isami/bumperbot_ws/install/bumperbot_py_examples/bin'
[3.634s] Level 1:colcon.colcon_core.environment:create_environment_scripts_only(bumperbot_py_examples)
[3.635s] INFO:colcon.colcon_core.shell:Creating package script '/home/isami/bumperbot_ws/install/bumperbot_py_examples/share/bumperbot_py_examples/package.ps1'
[3.635s] INFO:colcon.colcon_core.shell:Creating package descriptor '/home/isami/bumperbot_ws/install/bumperbot_py_examples/share/bumperbot_py_examples/package.dsv'
[3.636s] INFO:colcon.colcon_core.shell:Creating package script '/home/isami/bumperbot_ws/install/bumperbot_py_examples/share/bumperbot_py_examples/package.sh'
[3.636s] INFO:colcon.colcon_core.shell:Creating package script '/home/isami/bumperbot_ws/install/bumperbot_py_examples/share/bumperbot_py_examples/package.bash'
[3.637s] INFO:colcon.colcon_core.shell:Creating package script '/home/isami/bumperbot_ws/install/bumperbot_py_examples/share/bumperbot_py_examples/package.zsh'
[3.637s] Level 1:colcon.colcon_core.environment:create_file_with_runtime_dependencies(/home/isami/bumperbot_ws/install/bumperbot_py_examples/share/colcon-core/packages/bumperbot_py_examples)
[3.637s] DEBUG:colcon.colcon_parallel_executor.executor.parallel:closing loop
[3.638s] DEBUG:colcon.colcon_parallel_executor.executor.parallel:loop closed
[3.638s] DEBUG:colcon.colcon_parallel_executor.executor.parallel:run_until_complete finished with '0'
[3.638s] DEBUG:colcon.colcon_core.event_reactor:joining thread
[3.652s] INFO:colcon.colcon_core.plugin_system:Skipping extension 'colcon_notification.desktop_notification.terminal_notifier': Not used on non-Darwin systems
[3.652s] INFO:colcon.colcon_core.plugin_system:Skipping extension 'colcon_notification.desktop_notification.win32': Not used on non-Windows systems
[3.652s] INFO:colcon.colcon_notification.desktop_notification:Sending desktop notification using 'notify2'
[3.702s] DEBUG:colcon.colcon_core.event_reactor:joined thread
[3.703s] INFO:colcon.colcon_core.shell:Creating prefix script '/home/isami/bumperbot_ws/install/local_setup.ps1'
[3.706s] INFO:colcon.colcon_core.shell:Creating prefix util module '/home/isami/bumperbot_ws/install/_local_setup_util_ps1.py'
[3.709s] INFO:colcon.colcon_core.shell:Creating prefix chain script '/home/isami/bumperbot_ws/install/setup.ps1'
[3.712s] INFO:colcon.colcon_core.shell:Creating prefix script '/home/isami/bumperbot_ws/install/local_setup.sh'
[3.714s] INFO:colcon.colcon_core.shell:Creating prefix util module '/home/isami/bumperbot_ws/install/_local_setup_util_sh.py'
[3.715s] INFO:colcon.colcon_core.shell:Creating prefix chain script '/home/isami/bumperbot_ws/install/setup.sh'
[3.717s] INFO:colcon.colcon_core.shell:Creating prefix script '/home/isami/bumperbot_ws/install/local_setup.bash'
[3.719s] INFO:colcon.colcon_core.shell:Creating prefix chain script '/home/isami/bumperbot_ws/install/setup.bash'
[3.721s] INFO:colcon.colcon_core.shell:Creating prefix script '/home/isami/bumperbot_ws/install/local_setup.zsh'
[3.722s] INFO:colcon.colcon_core.shell:Creating prefix chain script '/home/isami/bumperbot_ws/install/setup.zsh'
