[0.055s] Invoking command in '/home/isami/bumperbot_ws/build/bumperbot_controller': CMAKE_PREFIX_PATH=/opt/ros/humble /usr/bin/cmake --build /home/isami/bumperbot_ws/build/bumperbot_controller -- -j3 -l3
[0.102s] -- Found ament_cmake: 1.3.8 (/opt/ros/humble/share/ament_cmake/cmake)
[0.361s] -- Found rclpy: 3.3.12 (/opt/ros/humble/share/rclpy/cmake)
[0.362s] -- Found std_msgs: 4.2.3 (/opt/ros/humble/share/std_msgs/cmake)
[0.422s] -- Found rosidl_generator_c: 3.1.5 (/opt/ros/humble/share/rosidl_generator_c/cmake)
[0.431s] -- Found rosidl_adapter: 3.1.5 (/opt/ros/humble/share/rosidl_adapter/cmake)
[0.456s] -- Found rosidl_generator_cpp: 3.1.5 (/opt/ros/humble/share/rosidl_generator_cpp/cmake)
[0.476s] -- Using all available rosidl_typesupport_c: rosidl_typesupport_fastrtps_c;rosidl_typesupport_introspection_c
[0.500s] -- Using all available rosidl_typesupport_cpp: rosidl_typesupport_fastrtps_cpp;rosidl_typesupport_introspection_cpp
[0.620s] [31mCMake Error at CMakeLists.txt:8 (find_package):
[0.620s]   By not providing "Findsensors_msgs.cmake" in CMAKE_MODULE_PATH this project
[0.620s]   has asked CMake to find a package configuration file provided by
[0.620s]   "sensors_msgs", but CMake did not find one.
[0.620s] 
[0.620s]   Could not find a package configuration file provided by "sensors_msgs" with
[0.620s]   any of the following names:
[0.620s] 
[0.621s]     sensors_msgsConfig.cmake
[0.621s]     sensors_msgs-config.cmake
[0.621s] 
[0.621s]   Add the installation prefix of "sensors_msgs" to CMAKE_PREFIX_PATH or set
[0.621s]   "sensors_msgs_DIR" to a directory containing one of the above files.  If
[0.621s]   "sensors_msgs" provides a separate development package or SDK, be sure it
[0.621s]   has been installed.
[0.621s] 
[0.621s] [0m
[0.622s] -- Configuring incomplete, errors occurred!
[0.622s] See also "/home/isami/bumperbot_ws/build/bumperbot_controller/CMakeFiles/CMakeOutput.log".
[0.639s] gmake: *** [Makefile:254: cmake_check_build_system] Error 1
[0.642s] Invoked command in '/home/isami/bumperbot_ws/build/bumperbot_controller' returned '2': CMAKE_PREFIX_PATH=/opt/ros/humble /usr/bin/cmake --build /home/isami/bumperbot_ws/build/bumperbot_controller -- -j3 -l3
