[0.143s] Invoking command in '/home/isami/bumperbot_ws/build/bumperbot_description': CMAKE_PREFIX_PATH=/opt/ros/humble /usr/bin/cmake --build /home/isami/bumperbot_ws/build/bumperbot_description -- -j3 -l3
[0.228s] -- Found ament_cmake: 1.3.8 (/opt/ros/humble/share/ament_cmake/cmake)
[0.424s] -- Found ament_lint_auto: 0.12.10 (/opt/ros/humble/share/ament_lint_auto/cmake)
[0.560s] -- Added test 'lint_cmake' to check CMake code style
[0.564s] -- Added test 'xmllint' to check XML markup files
[0.572s] -- Configuring done
[0.594s] -- Generating done
[0.596s] -- Build files have been written to: /home/isami/bumperbot_ws/build/bumperbot_description
[0.639s] Invoked command in '/home/isami/bumperbot_ws/build/bumperbot_description' returned '0': CMAKE_PREFIX_PATH=/opt/ros/humble /usr/bin/cmake --build /home/isami/bumperbot_ws/build/bumperbot_description -- -j3 -l3
[0.684s] Invoking command in '/home/isami/bumperbot_ws/build/bumperbot_description': CMAKE_PREFIX_PATH=/opt/ros/humble /usr/bin/cmake --install /home/isami/bumperbot_ws/build/bumperbot_description
[0.701s] -- Install configuration: ""
[0.701s] -- Up-to-date: /home/isami/bumperbot_ws/install/bumperbot_description/share/bumperbot_description/meshes
[0.701s] -- Up-to-date: /home/isami/bumperbot_ws/install/bumperbot_description/share/bumperbot_description/meshes/caster_front_link.STL
[0.701s] -- Up-to-date: /home/isami/bumperbot_ws/install/bumperbot_description/share/bumperbot_description/meshes/imu_link.STL
[0.701s] -- Up-to-date: /home/isami/bumperbot_ws/install/bumperbot_description/share/bumperbot_description/meshes/wheel_left_link.STL
[0.701s] -- Up-to-date: /home/isami/bumperbot_ws/install/bumperbot_description/share/bumperbot_description/meshes/caster_rear_link.STL
[0.701s] -- Up-to-date: /home/isami/bumperbot_ws/install/bumperbot_description/share/bumperbot_description/meshes/wheel_right_link.STL
[0.701s] -- Up-to-date: /home/isami/bumperbot_ws/install/bumperbot_description/share/bumperbot_description/meshes/base_link.STL
[0.701s] -- Up-to-date: /home/isami/bumperbot_ws/install/bumperbot_description/share/bumperbot_description/urdf
[0.701s] -- Installing: /home/isami/bumperbot_ws/install/bumperbot_description/share/bumperbot_description/urdf/bumperbot.urdf.xacro
[0.701s] -- Up-to-date: /home/isami/bumperbot_ws/install/bumperbot_description/share/ament_index/resource_index/package_run_dependencies/bumperbot_description
[0.702s] -- Up-to-date: /home/isami/bumperbot_ws/install/bumperbot_description/share/ament_index/resource_index/parent_prefix_path/bumperbot_description
[0.702s] -- Up-to-date: /home/isami/bumperbot_ws/install/bumperbot_description/share/bumperbot_description/environment/ament_prefix_path.sh
[0.702s] -- Installing: /home/isami/bumperbot_ws/install/bumperbot_description/share/bumperbot_description/environment/ament_prefix_path.dsv
[0.702s] -- Up-to-date: /home/isami/bumperbot_ws/install/bumperbot_description/share/bumperbot_description/environment/path.sh
[0.702s] -- Installing: /home/isami/bumperbot_ws/install/bumperbot_description/share/bumperbot_description/environment/path.dsv
[0.702s] -- Up-to-date: /home/isami/bumperbot_ws/install/bumperbot_description/share/bumperbot_description/local_setup.bash
[0.702s] -- Up-to-date: /home/isami/bumperbot_ws/install/bumperbot_description/share/bumperbot_description/local_setup.sh
[0.702s] -- Up-to-date: /home/isami/bumperbot_ws/install/bumperbot_description/share/bumperbot_description/local_setup.zsh
[0.702s] -- Installing: /home/isami/bumperbot_ws/install/bumperbot_description/share/bumperbot_description/local_setup.dsv
[0.702s] -- Installing: /home/isami/bumperbot_ws/install/bumperbot_description/share/bumperbot_description/package.dsv
[0.702s] -- Up-to-date: /home/isami/bumperbot_ws/install/bumperbot_description/share/ament_index/resource_index/packages/bumperbot_description
[0.702s] -- Up-to-date: /home/isami/bumperbot_ws/install/bumperbot_description/share/bumperbot_description/cmake/bumperbot_descriptionConfig.cmake
[0.702s] -- Up-to-date: /home/isami/bumperbot_ws/install/bumperbot_description/share/bumperbot_description/cmake/bumperbot_descriptionConfig-version.cmake
[0.703s] -- Up-to-date: /home/isami/bumperbot_ws/install/bumperbot_description/share/bumperbot_description/package.xml
[0.722s] Invoked command in '/home/isami/bumperbot_ws/build/bumperbot_description' returned '0': CMAKE_PREFIX_PATH=/opt/ros/humble /usr/bin/cmake --install /home/isami/bumperbot_ws/build/bumperbot_description
