[0.133s] Invoking command in '/home/isami/bumperbot_ws/build/bumperbot_description': CMAKE_PREFIX_PATH=/opt/ros/humble /usr/bin/cmake /home/isami/bumperbot_ws/src/bumperbot_description -DCMAKE_INSTALL_PREFIX=/home/isami/bumperbot_ws/install/bumperbot_description
[0.236s] -- Found ament_cmake: 1.3.8 (/opt/ros/humble/share/ament_cmake/cmake)
[0.483s] -- Found Python3: /usr/bin/python3 (found version "3.10.12") found components: Interpreter 
[0.765s] -- Found ament_lint_auto: 0.12.10 (/opt/ros/humble/share/ament_lint_auto/cmake)
[0.918s] -- Added test 'lint_cmake' to check CMake code style
[0.920s] -- Added test 'xmllint' to check XML markup files
[0.922s] -- Configuring done
[0.925s] -- Generating done
[0.926s] -- Build files have been written to: /home/isami/bumperbot_ws/build/bumperbot_description
[0.944s] Invoked command in '/home/isami/bumperbot_ws/build/bumperbot_description' returned '0': CMAKE_PREFIX_PATH=/opt/ros/humble /usr/bin/cmake /home/isami/bumperbot_ws/src/bumperbot_description -DCMAKE_INSTALL_PREFIX=/home/isami/bumperbot_ws/install/bumperbot_description
[0.966s] Invoking command in '/home/isami/bumperbot_ws/build/bumperbot_description': CMAKE_PREFIX_PATH=/opt/ros/humble /usr/bin/cmake --build /home/isami/bumperbot_ws/build/bumperbot_description -- -j3 -l3
[1.079s] Invoked command in '/home/isami/bumperbot_ws/build/bumperbot_description' returned '0': CMAKE_PREFIX_PATH=/opt/ros/humble /usr/bin/cmake --build /home/isami/bumperbot_ws/build/bumperbot_description -- -j3 -l3
[1.118s] Invoking command in '/home/isami/bumperbot_ws/build/bumperbot_description': CMAKE_PREFIX_PATH=/opt/ros/humble /usr/bin/cmake --install /home/isami/bumperbot_ws/build/bumperbot_description
[1.125s] -- Install configuration: ""
[1.125s] -- Installing: /home/isami/bumperbot_ws/install/bumperbot_description/share/ament_index/resource_index/package_run_dependencies/bumperbot_description
[1.126s] -- Installing: /home/isami/bumperbot_ws/install/bumperbot_description/share/ament_index/resource_index/parent_prefix_path/bumperbot_description
[1.127s] -- Installing: /home/isami/bumperbot_ws/install/bumperbot_description/share/bumperbot_description/environment/ament_prefix_path.sh
[1.127s] -- Installing: /home/isami/bumperbot_ws/install/bumperbot_description/share/bumperbot_description/environment/ament_prefix_path.dsv
[1.127s] -- Installing: /home/isami/bumperbot_ws/install/bumperbot_description/share/bumperbot_description/environment/path.sh
[1.127s] -- Installing: /home/isami/bumperbot_ws/install/bumperbot_description/share/bumperbot_description/environment/path.dsv
[1.127s] -- Installing: /home/isami/bumperbot_ws/install/bumperbot_description/share/bumperbot_description/local_setup.bash
[1.128s] -- Installing: /home/isami/bumperbot_ws/install/bumperbot_description/share/bumperbot_description/local_setup.sh
[1.128s] -- Installing: /home/isami/bumperbot_ws/install/bumperbot_description/share/bumperbot_description/local_setup.zsh
[1.128s] -- Installing: /home/isami/bumperbot_ws/install/bumperbot_description/share/bumperbot_description/local_setup.dsv
[1.128s] -- Installing: /home/isami/bumperbot_ws/install/bumperbot_description/share/bumperbot_description/package.dsv
[1.128s] -- Installing: /home/isami/bumperbot_ws/install/bumperbot_description/share/ament_index/resource_index/packages/bumperbot_description
[1.128s] -- Installing: /home/isami/bumperbot_ws/install/bumperbot_description/share/bumperbot_description/cmake/bumperbot_descriptionConfig.cmake
[1.129s] -- Installing: /home/isami/bumperbot_ws/install/bumperbot_description/share/bumperbot_description/cmake/bumperbot_descriptionConfig-version.cmake
[1.129s] -- Installing: /home/isami/bumperbot_ws/install/bumperbot_description/share/bumperbot_description/package.xml
[1.132s] Invoked command in '/home/isami/bumperbot_ws/build/bumperbot_description' returned '0': CMAKE_PREFIX_PATH=/opt/ros/humble /usr/bin/cmake --install /home/isami/bumperbot_ws/build/bumperbot_description
