[0.347s] Invoking command in '/home/isami/bumperbot_ws/build/bumperbot_controller': CMAKE_PREFIX_PATH=/opt/ros/humble /usr/bin/cmake --build /home/isami/bumperbot_ws/build/bumperbot_controller -- -j3 -l3
[0.477s] -- Found ament_cmake: 1.3.8 (/opt/ros/humble/share/ament_cmake/cmake)
[0.760s] -- Found rclpy: 3.3.12 (/opt/ros/humble/share/rclpy/cmake)
[0.760s] -- Found std_msgs: 4.2.3 (/opt/ros/humble/share/std_msgs/cmake)
[0.810s] -- Found rosidl_generator_c: 3.1.5 (/opt/ros/humble/share/rosidl_generator_c/cmake)
[0.816s] -- Found rosidl_adapter: 3.1.5 (/opt/ros/humble/share/rosidl_adapter/cmake)
[0.831s] -- Found rosidl_generator_cpp: 3.1.5 (/opt/ros/humble/share/rosidl_generator_cpp/cmake)
[0.895s] -- Using all available rosidl_typesupport_c: rosidl_typesupport_fastrtps_c;rosidl_typesupport_introspection_c
[0.994s] -- Using all available rosidl_typesupport_cpp: rosidl_typesupport_fastrtps_cpp;rosidl_typesupport_introspection_cpp
[1.083s] -- Found geometry_msgs: 4.2.3 (/opt/ros/humble/share/geometry_msgs/cmake)
[1.225s] [31mCMake Error at /opt/ros/humble/share/ament_cmake_python/cmake/ament_python_install_package.cmake:66 (message):
[1.227s]   ament_python_install_package() the Python package folder
[1.227s]   '/home/isami/bumperbot_ws/src/bumperbot_controller/$(PROJECT_NAME)' doesn't
[1.227s]   contain an '__init__.py' file
[1.228s] Call Stack (most recent call first):
[1.228s]   /opt/ros/humble/share/ament_cmake_python/cmake/ament_python_install_package.cmake:39 (_ament_cmake_python_install_package)
[1.228s]   CMakeLists.txt:10 (ament_python_install_package)
[1.228s] 
[1.228s] [0m
[1.232s] -- Configuring incomplete, errors occurred!
[1.232s] See also "/home/isami/bumperbot_ws/build/bumperbot_controller/CMakeFiles/CMakeOutput.log".
[1.236s] gmake: *** [Makefile:226: cmake_check_build_system] Error 1
[1.433s] Invoked command in '/home/isami/bumperbot_ws/build/bumperbot_controller' returned '2': CMAKE_PREFIX_PATH=/opt/ros/humble /usr/bin/cmake --build /home/isami/bumperbot_ws/build/bumperbot_controller -- -j3 -l3
