[0.778s] DEBUG:colcon:Command line arguments: ['/usr/bin/colcon', 'build']
[0.778s] DEBUG:colcon:Parsed command line arguments: Namespace(log_base=None, log_level=None, verb_name='build', build_base='build', install_base='install', merge_install=False, symlink_install=False, test_result_base=None, continue_on_error=False, executor='parallel', parallel_workers=3, event_handlers=None, ignore_user_meta=False, metas=['./colcon.meta'], base_paths=['.'], packages_ignore=None, packages_ignore_regex=None, paths=None, packages_up_to=None, packages_up_to_regex=None, packages_above=None, packages_above_and_dependencies=None, packages_above_depth=None, packages_select_by_dep=None, packages_skip_by_dep=None, packages_skip_up_to=None, packages_select_build_failed=False, packages_skip_build_finished=False, packages_select_test_failures=False, packages_skip_test_passed=False, packages_select=None, packages_skip=None, packages_select_regex=None, packages_skip_regex=None, packages_start=None, packages_end=None, allow_overriding=[], cmake_args=None, cmake_target=None, cmake_target_skip_unavailable=False, cmake_clean_cache=False, cmake_clean_first=False, cmake_force_configure=False, ament_cmake_args=None, catkin_cmake_args=None, catkin_skip_building_tests=False, verb_parser=<colcon_defaults.argument_parser.defaults.DefaultArgumentsDecorator object at 0x74351fba3550>, verb_extension=<colcon_core.verb.build.BuildVerb object at 0x74351fba0f70>, main=<bound method BuildVerb.main of <colcon_core.verb.build.BuildVerb object at 0x74351fba0f70>>)
[0.813s] Level 1:colcon.colcon_core.package_discovery:discover_packages(colcon_meta) check parameters
[0.813s] Level 1:colcon.colcon_core.package_discovery:discover_packages(recursive) check parameters
[0.813s] Level 1:colcon.colcon_core.package_discovery:discover_packages(ignore) check parameters
[0.813s] Level 1:colcon.colcon_core.package_discovery:discover_packages(path) check parameters
[0.813s] Level 1:colcon.colcon_core.package_discovery:discover_packages(colcon_meta) discover
[0.813s] Level 1:colcon.colcon_core.package_discovery:discover_packages(recursive) discover
[0.813s] INFO:colcon.colcon_core.package_discovery:Crawling recursively for packages in '/home/isami/bumperbot_ws'
[0.813s] Level 1:colcon.colcon_core.package_identification:_identify(.) by extensions ['ignore', 'ignore_ament_install']
[0.813s] Level 1:colcon.colcon_core.package_identification:_identify(.) by extension 'ignore'
[0.813s] Level 1:colcon.colcon_core.package_identification:_identify(.) by extension 'ignore_ament_install'
[0.813s] Level 1:colcon.colcon_core.package_identification:_identify(.) by extensions ['colcon_pkg']
[0.813s] Level 1:colcon.colcon_core.package_identification:_identify(.) by extension 'colcon_pkg'
[0.813s] Level 1:colcon.colcon_core.package_identification:_identify(.) by extensions ['colcon_meta']
[0.814s] Level 1:colcon.colcon_core.package_identification:_identify(.) by extension 'colcon_meta'
[0.814s] Level 1:colcon.colcon_core.package_identification:_identify(.) by extensions ['ros']
[0.814s] Level 1:colcon.colcon_core.package_identification:_identify(.) by extension 'ros'
[0.822s] Level 1:colcon.colcon_core.package_identification:_identify(.) by extensions ['cmake', 'python']
[0.822s] Level 1:colcon.colcon_core.package_identification:_identify(.) by extension 'cmake'
[0.822s] Level 1:colcon.colcon_core.package_identification:_identify(.) by extension 'python'
[0.822s] Level 1:colcon.colcon_core.package_identification:_identify(.) by extensions ['python_setup_py']
[0.822s] Level 1:colcon.colcon_core.package_identification:_identify(.) by extension 'python_setup_py'
[0.822s] Level 1:colcon.colcon_core.package_identification:_identify(build) by extensions ['ignore', 'ignore_ament_install']
[0.823s] Level 1:colcon.colcon_core.package_identification:_identify(build) by extension 'ignore'
[0.823s] Level 1:colcon.colcon_core.package_identification:_identify(build) ignored
[0.823s] Level 1:colcon.colcon_core.package_identification:_identify(install) by extensions ['ignore', 'ignore_ament_install']
[0.823s] Level 1:colcon.colcon_core.package_identification:_identify(install) by extension 'ignore'
[0.823s] Level 1:colcon.colcon_core.package_identification:_identify(install) ignored
[0.823s] Level 1:colcon.colcon_core.package_identification:_identify(log) by extensions ['ignore', 'ignore_ament_install']
[0.823s] Level 1:colcon.colcon_core.package_identification:_identify(log) by extension 'ignore'
[0.823s] Level 1:colcon.colcon_core.package_identification:_identify(log) ignored
[0.823s] Level 1:colcon.colcon_core.package_identification:_identify(src) by extensions ['ignore', 'ignore_ament_install']
[0.823s] Level 1:colcon.colcon_core.package_identification:_identify(src) by extension 'ignore'
[0.823s] Level 1:colcon.colcon_core.package_identification:_identify(src) by extension 'ignore_ament_install'
[0.823s] Level 1:colcon.colcon_core.package_identification:_identify(src) by extensions ['colcon_pkg']
[0.823s] Level 1:colcon.colcon_core.package_identification:_identify(src) by extension 'colcon_pkg'
[0.823s] Level 1:colcon.colcon_core.package_identification:_identify(src) by extensions ['colcon_meta']
[0.823s] Level 1:colcon.colcon_core.package_identification:_identify(src) by extension 'colcon_meta'
[0.823s] Level 1:colcon.colcon_core.package_identification:_identify(src) by extensions ['ros']
[0.823s] Level 1:colcon.colcon_core.package_identification:_identify(src) by extension 'ros'
[0.823s] Level 1:colcon.colcon_core.package_identification:_identify(src) by extensions ['cmake', 'python']
[0.823s] Level 1:colcon.colcon_core.package_identification:_identify(src) by extension 'cmake'
[0.823s] Level 1:colcon.colcon_core.package_identification:_identify(src) by extension 'python'
[0.823s] Level 1:colcon.colcon_core.package_identification:_identify(src) by extensions ['python_setup_py']
[0.823s] Level 1:colcon.colcon_core.package_identification:_identify(src) by extension 'python_setup_py'
[0.824s] Level 1:colcon.colcon_core.package_identification:_identify(src/bumperbot_controller) by extensions ['ignore', 'ignore_ament_install']
[0.824s] Level 1:colcon.colcon_core.package_identification:_identify(src/bumperbot_controller) by extension 'ignore'
[0.824s] Level 1:colcon.colcon_core.package_identification:_identify(src/bumperbot_controller) by extension 'ignore_ament_install'
[0.824s] Level 1:colcon.colcon_core.package_identification:_identify(src/bumperbot_controller) by extensions ['colcon_pkg']
[0.824s] Level 1:colcon.colcon_core.package_identification:_identify(src/bumperbot_controller) by extension 'colcon_pkg'
[0.824s] Level 1:colcon.colcon_core.package_identification:_identify(src/bumperbot_controller) by extensions ['colcon_meta']
[0.824s] Level 1:colcon.colcon_core.package_identification:_identify(src/bumperbot_controller) by extension 'colcon_meta'
[0.824s] Level 1:colcon.colcon_core.package_identification:_identify(src/bumperbot_controller) by extensions ['ros']
[0.824s] Level 1:colcon.colcon_core.package_identification:_identify(src/bumperbot_controller) by extension 'ros'
[0.826s] DEBUG:colcon.colcon_core.package_identification:Package 'src/bumperbot_controller' with type 'ros.ament_cmake' and name 'bumperbot_controller'
[0.826s] Level 1:colcon.colcon_core.package_identification:_identify(src/bumperbot_cpp_examples) by extensions ['ignore', 'ignore_ament_install']
[0.826s] Level 1:colcon.colcon_core.package_identification:_identify(src/bumperbot_cpp_examples) by extension 'ignore'
[0.826s] Level 1:colcon.colcon_core.package_identification:_identify(src/bumperbot_cpp_examples) by extension 'ignore_ament_install'
[0.826s] Level 1:colcon.colcon_core.package_identification:_identify(src/bumperbot_cpp_examples) by extensions ['colcon_pkg']
[0.826s] Level 1:colcon.colcon_core.package_identification:_identify(src/bumperbot_cpp_examples) by extension 'colcon_pkg'
[0.826s] Level 1:colcon.colcon_core.package_identification:_identify(src/bumperbot_cpp_examples) by extensions ['colcon_meta']
[0.826s] Level 1:colcon.colcon_core.package_identification:_identify(src/bumperbot_cpp_examples) by extension 'colcon_meta'
[0.826s] Level 1:colcon.colcon_core.package_identification:_identify(src/bumperbot_cpp_examples) by extensions ['ros']
[0.826s] Level 1:colcon.colcon_core.package_identification:_identify(src/bumperbot_cpp_examples) by extension 'ros'
[0.826s] DEBUG:colcon.colcon_core.package_identification:Package 'src/bumperbot_cpp_examples' with type 'ros.ament_cmake' and name 'bumperbot_cpp_examples'
[0.826s] Level 1:colcon.colcon_core.package_identification:_identify(src/bumperbot_description) by extensions ['ignore', 'ignore_ament_install']
[0.827s] Level 1:colcon.colcon_core.package_identification:_identify(src/bumperbot_description) by extension 'ignore'
[0.827s] Level 1:colcon.colcon_core.package_identification:_identify(src/bumperbot_description) by extension 'ignore_ament_install'
[0.827s] Level 1:colcon.colcon_core.package_identification:_identify(src/bumperbot_description) by extensions ['colcon_pkg']
[0.827s] Level 1:colcon.colcon_core.package_identification:_identify(src/bumperbot_description) by extension 'colcon_pkg'
[0.827s] Level 1:colcon.colcon_core.package_identification:_identify(src/bumperbot_description) by extensions ['colcon_meta']
[0.827s] Level 1:colcon.colcon_core.package_identification:_identify(src/bumperbot_description) by extension 'colcon_meta'
[0.827s] Level 1:colcon.colcon_core.package_identification:_identify(src/bumperbot_description) by extensions ['ros']
[0.827s] Level 1:colcon.colcon_core.package_identification:_identify(src/bumperbot_description) by extension 'ros'
[0.827s] DEBUG:colcon.colcon_core.package_identification:Package 'src/bumperbot_description' with type 'ros.ament_cmake' and name 'bumperbot_description'
[0.827s] Level 1:colcon.colcon_core.package_identification:_identify(src/bumperbot_py_examples) by extensions ['ignore', 'ignore_ament_install']
[0.827s] Level 1:colcon.colcon_core.package_identification:_identify(src/bumperbot_py_examples) by extension 'ignore'
[0.827s] Level 1:colcon.colcon_core.package_identification:_identify(src/bumperbot_py_examples) by extension 'ignore_ament_install'
[0.827s] Level 1:colcon.colcon_core.package_identification:_identify(src/bumperbot_py_examples) by extensions ['colcon_pkg']
[0.827s] Level 1:colcon.colcon_core.package_identification:_identify(src/bumperbot_py_examples) by extension 'colcon_pkg'
[0.827s] Level 1:colcon.colcon_core.package_identification:_identify(src/bumperbot_py_examples) by extensions ['colcon_meta']
[0.827s] Level 1:colcon.colcon_core.package_identification:_identify(src/bumperbot_py_examples) by extension 'colcon_meta'
[0.828s] Level 1:colcon.colcon_core.package_identification:_identify(src/bumperbot_py_examples) by extensions ['ros']
[0.828s] Level 1:colcon.colcon_core.package_identification:_identify(src/bumperbot_py_examples) by extension 'ros'
[0.828s] DEBUG:colcon.colcon_core.package_identification:Package 'src/bumperbot_py_examples' with type 'ros.ament_python' and name 'bumperbot_py_examples'
[0.828s] Level 1:colcon.colcon_core.package_discovery:discover_packages(recursive) using defaults
[0.828s] Level 1:colcon.colcon_core.package_discovery:discover_packages(ignore) discover
[0.828s] Level 1:colcon.colcon_core.package_discovery:discover_packages(ignore) using defaults
[0.828s] Level 1:colcon.colcon_core.package_discovery:discover_packages(path) discover
[0.828s] Level 1:colcon.colcon_core.package_discovery:discover_packages(path) using defaults
[0.895s] Level 1:colcon.colcon_core.package_discovery:discover_packages(prefix_path) check parameters
[0.895s] Level 1:colcon.colcon_core.package_discovery:discover_packages(prefix_path) discover
[0.917s] DEBUG:colcon.colcon_installed_package_information.package_discovery:Found 329 installed packages in /opt/ros/humble
[0.918s] Level 1:colcon.colcon_core.package_discovery:discover_packages(prefix_path) using defaults
[0.997s] Level 5:colcon.colcon_core.verb:set package 'bumperbot_controller' build argument 'cmake_args' from command line to 'None'
[0.998s] Level 5:colcon.colcon_core.verb:set package 'bumperbot_controller' build argument 'cmake_target' from command line to 'None'
[0.998s] Level 5:colcon.colcon_core.verb:set package 'bumperbot_controller' build argument 'cmake_target_skip_unavailable' from command line to 'False'
[0.998s] Level 5:colcon.colcon_core.verb:set package 'bumperbot_controller' build argument 'cmake_clean_cache' from command line to 'False'
[0.998s] Level 5:colcon.colcon_core.verb:set package 'bumperbot_controller' build argument 'cmake_clean_first' from command line to 'False'
[0.998s] Level 5:colcon.colcon_core.verb:set package 'bumperbot_controller' build argument 'cmake_force_configure' from command line to 'False'
[0.998s] Level 5:colcon.colcon_core.verb:set package 'bumperbot_controller' build argument 'ament_cmake_args' from command line to 'None'
[0.998s] Level 5:colcon.colcon_core.verb:set package 'bumperbot_controller' build argument 'catkin_cmake_args' from command line to 'None'
[0.998s] Level 5:colcon.colcon_core.verb:set package 'bumperbot_controller' build argument 'catkin_skip_building_tests' from command line to 'False'
[0.998s] DEBUG:colcon.colcon_core.verb:Building package 'bumperbot_controller' with the following arguments: {'ament_cmake_args': None, 'build_base': '/home/isami/bumperbot_ws/build/bumperbot_controller', 'catkin_cmake_args': None, 'catkin_skip_building_tests': False, 'cmake_args': None, 'cmake_clean_cache': False, 'cmake_clean_first': False, 'cmake_force_configure': False, 'cmake_target': None, 'cmake_target_skip_unavailable': False, 'install_base': '/home/isami/bumperbot_ws/install/bumperbot_controller', 'merge_install': False, 'path': '/home/isami/bumperbot_ws/src/bumperbot_controller', 'symlink_install': False, 'test_result_base': None}
[1.009s] Level 5:colcon.colcon_core.verb:set package 'bumperbot_cpp_examples' build argument 'cmake_args' from command line to 'None'
[1.009s] Level 5:colcon.colcon_core.verb:set package 'bumperbot_cpp_examples' build argument 'cmake_target' from command line to 'None'
[1.009s] Level 5:colcon.colcon_core.verb:set package 'bumperbot_cpp_examples' build argument 'cmake_target_skip_unavailable' from command line to 'False'
[1.010s] Level 5:colcon.colcon_core.verb:set package 'bumperbot_cpp_examples' build argument 'cmake_clean_cache' from command line to 'False'
[1.010s] Level 5:colcon.colcon_core.verb:set package 'bumperbot_cpp_examples' build argument 'cmake_clean_first' from command line to 'False'
[1.010s] Level 5:colcon.colcon_core.verb:set package 'bumperbot_cpp_examples' build argument 'cmake_force_configure' from command line to 'False'
[1.010s] Level 5:colcon.colcon_core.verb:set package 'bumperbot_cpp_examples' build argument 'ament_cmake_args' from command line to 'None'
[1.010s] Level 5:colcon.colcon_core.verb:set package 'bumperbot_cpp_examples' build argument 'catkin_cmake_args' from command line to 'None'
[1.010s] Level 5:colcon.colcon_core.verb:set package 'bumperbot_cpp_examples' build argument 'catkin_skip_building_tests' from command line to 'False'
[1.010s] DEBUG:colcon.colcon_core.verb:Building package 'bumperbot_cpp_examples' with the following arguments: {'ament_cmake_args': None, 'build_base': '/home/isami/bumperbot_ws/build/bumperbot_cpp_examples', 'catkin_cmake_args': None, 'catkin_skip_building_tests': False, 'cmake_args': None, 'cmake_clean_cache': False, 'cmake_clean_first': False, 'cmake_force_configure': False, 'cmake_target': None, 'cmake_target_skip_unavailable': False, 'install_base': '/home/isami/bumperbot_ws/install/bumperbot_cpp_examples', 'merge_install': False, 'path': '/home/isami/bumperbot_ws/src/bumperbot_cpp_examples', 'symlink_install': False, 'test_result_base': None}
[1.021s] Level 5:colcon.colcon_core.verb:set package 'bumperbot_description' build argument 'cmake_args' from command line to 'None'
[1.021s] Level 5:colcon.colcon_core.verb:set package 'bumperbot_description' build argument 'cmake_target' from command line to 'None'
[1.021s] Level 5:colcon.colcon_core.verb:set package 'bumperbot_description' build argument 'cmake_target_skip_unavailable' from command line to 'False'
[1.021s] Level 5:colcon.colcon_core.verb:set package 'bumperbot_description' build argument 'cmake_clean_cache' from command line to 'False'
[1.021s] Level 5:colcon.colcon_core.verb:set package 'bumperbot_description' build argument 'cmake_clean_first' from command line to 'False'
[1.021s] Level 5:colcon.colcon_core.verb:set package 'bumperbot_description' build argument 'cmake_force_configure' from command line to 'False'
[1.021s] Level 5:colcon.colcon_core.verb:set package 'bumperbot_description' build argument 'ament_cmake_args' from command line to 'None'
[1.021s] Level 5:colcon.colcon_core.verb:set package 'bumperbot_description' build argument 'catkin_cmake_args' from command line to 'None'
[1.021s] Level 5:colcon.colcon_core.verb:set package 'bumperbot_description' build argument 'catkin_skip_building_tests' from command line to 'False'
[1.021s] DEBUG:colcon.colcon_core.verb:Building package 'bumperbot_description' with the following arguments: {'ament_cmake_args': None, 'build_base': '/home/isami/bumperbot_ws/build/bumperbot_description', 'catkin_cmake_args': None, 'catkin_skip_building_tests': False, 'cmake_args': None, 'cmake_clean_cache': False, 'cmake_clean_first': False, 'cmake_force_configure': False, 'cmake_target': None, 'cmake_target_skip_unavailable': False, 'install_base': '/home/isami/bumperbot_ws/install/bumperbot_description', 'merge_install': False, 'path': '/home/isami/bumperbot_ws/src/bumperbot_description', 'symlink_install': False, 'test_result_base': None}
[1.032s] Level 5:colcon.colcon_core.verb:set package 'bumperbot_py_examples' build argument 'cmake_args' from command line to 'None'
[1.032s] Level 5:colcon.colcon_core.verb:set package 'bumperbot_py_examples' build argument 'cmake_target' from command line to 'None'
[1.033s] Level 5:colcon.colcon_core.verb:set package 'bumperbot_py_examples' build argument 'cmake_target_skip_unavailable' from command line to 'False'
[1.033s] Level 5:colcon.colcon_core.verb:set package 'bumperbot_py_examples' build argument 'cmake_clean_cache' from command line to 'False'
[1.033s] Level 5:colcon.colcon_core.verb:set package 'bumperbot_py_examples' build argument 'cmake_clean_first' from command line to 'False'
[1.033s] Level 5:colcon.colcon_core.verb:set package 'bumperbot_py_examples' build argument 'cmake_force_configure' from command line to 'False'
[1.033s] Level 5:colcon.colcon_core.verb:set package 'bumperbot_py_examples' build argument 'ament_cmake_args' from command line to 'None'
[1.033s] Level 5:colcon.colcon_core.verb:set package 'bumperbot_py_examples' build argument 'catkin_cmake_args' from command line to 'None'
[1.033s] Level 5:colcon.colcon_core.verb:set package 'bumperbot_py_examples' build argument 'catkin_skip_building_tests' from command line to 'False'
[1.033s] DEBUG:colcon.colcon_core.verb:Building package 'bumperbot_py_examples' with the following arguments: {'ament_cmake_args': None, 'build_base': '/home/isami/bumperbot_ws/build/bumperbot_py_examples', 'catkin_cmake_args': None, 'catkin_skip_building_tests': False, 'cmake_args': None, 'cmake_clean_cache': False, 'cmake_clean_first': False, 'cmake_force_configure': False, 'cmake_target': None, 'cmake_target_skip_unavailable': False, 'install_base': '/home/isami/bumperbot_ws/install/bumperbot_py_examples', 'merge_install': False, 'path': '/home/isami/bumperbot_ws/src/bumperbot_py_examples', 'symlink_install': False, 'test_result_base': None}
[1.045s] INFO:colcon.colcon_core.executor:Executing jobs using 'parallel' executor
[1.058s] DEBUG:colcon.colcon_parallel_executor.executor.parallel:run_until_complete
[1.059s] INFO:colcon.colcon_ros.task.ament_cmake.build:Building ROS package in '/home/isami/bumperbot_ws/src/bumperbot_controller' with build type 'ament_cmake'
[1.059s] INFO:colcon.colcon_cmake.task.cmake.build:Building CMake package in '/home/isami/bumperbot_ws/src/bumperbot_controller'
[1.075s] INFO:colcon.colcon_core.plugin_system:Skipping extension 'colcon_core.shell.bat': Not used on non-Windows systems
[1.075s] INFO:colcon.colcon_core.shell:Skip shell extension 'powershell' for command environment: Not usable outside of PowerShell
[1.075s] DEBUG:colcon.colcon_core.shell:Skip shell extension 'dsv' for command environment
[1.129s] INFO:colcon.colcon_ros.task.ament_cmake.build:Building ROS package in '/home/isami/bumperbot_ws/src/bumperbot_cpp_examples' with build type 'ament_cmake'
[1.130s] INFO:colcon.colcon_cmake.task.cmake.build:Building CMake package in '/home/isami/bumperbot_ws/src/bumperbot_cpp_examples'
[1.148s] INFO:colcon.colcon_core.shell:Skip shell extension 'powershell' for command environment: Not usable outside of PowerShell
[1.148s] DEBUG:colcon.colcon_core.shell:Skip shell extension 'dsv' for command environment
[1.207s] INFO:colcon.colcon_ros.task.ament_cmake.build:Building ROS package in '/home/isami/bumperbot_ws/src/bumperbot_description' with build type 'ament_cmake'
[1.207s] INFO:colcon.colcon_cmake.task.cmake.build:Building CMake package in '/home/isami/bumperbot_ws/src/bumperbot_description'
[1.223s] INFO:colcon.colcon_core.shell:Skip shell extension 'powershell' for command environment: Not usable outside of PowerShell
[1.223s] DEBUG:colcon.colcon_core.shell:Skip shell extension 'dsv' for command environment
[1.258s] DEBUG:colcon.colcon_core.event_handler.log_command:Invoking command in '/home/isami/bumperbot_ws/build/bumperbot_controller': CMAKE_PREFIX_PATH=/opt/ros/humble /usr/bin/cmake --build /home/isami/bumperbot_ws/build/bumperbot_controller -- -j3 -l3
[1.261s] DEBUG:colcon.colcon_core.event_handler.log_command:Invoking command in '/home/isami/bumperbot_ws/build/bumperbot_cpp_examples': CMAKE_PREFIX_PATH=/opt/ros/humble /usr/bin/cmake --build /home/isami/bumperbot_ws/build/bumperbot_cpp_examples -- -j3 -l3
[1.271s] DEBUG:colcon.colcon_core.event_handler.log_command:Invoking command in '/home/isami/bumperbot_ws/build/bumperbot_description': CMAKE_PREFIX_PATH=/opt/ros/humble /usr/bin/cmake --build /home/isami/bumperbot_ws/build/bumperbot_description -- -j3 -l3
[1.313s] DEBUG:colcon.colcon_core.event_handler.log_command:Invoked command in '/home/isami/bumperbot_ws/build/bumperbot_cpp_examples' returned '0': CMAKE_PREFIX_PATH=/opt/ros/humble /usr/bin/cmake --build /home/isami/bumperbot_ws/build/bumperbot_cpp_examples -- -j3 -l3
[1.323s] DEBUG:colcon.colcon_core.event_handler.log_command:Invoked command in '/home/isami/bumperbot_ws/build/bumperbot_description' returned '0': CMAKE_PREFIX_PATH=/opt/ros/humble /usr/bin/cmake --build /home/isami/bumperbot_ws/build/bumperbot_description -- -j3 -l3
[1.351s] DEBUG:colcon.colcon_core.event_handler.log_command:Invoking command in '/home/isami/bumperbot_ws/build/bumperbot_cpp_examples': CMAKE_PREFIX_PATH=/opt/ros/humble /usr/bin/cmake --install /home/isami/bumperbot_ws/build/bumperbot_cpp_examples
[1.353s] DEBUG:colcon.colcon_core.event_handler.log_command:Invoking command in '/home/isami/bumperbot_ws/build/bumperbot_description': CMAKE_PREFIX_PATH=/opt/ros/humble /usr/bin/cmake --install /home/isami/bumperbot_ws/build/bumperbot_description
[1.364s] Level 1:colcon.colcon_core.environment:create_environment_scripts_only(bumperbot_cpp_examples)
[1.369s] DEBUG:colcon.colcon_core.event_handler.log_command:Invoked command in '/home/isami/bumperbot_ws/build/bumperbot_cpp_examples' returned '0': CMAKE_PREFIX_PATH=/opt/ros/humble /usr/bin/cmake --install /home/isami/bumperbot_ws/build/bumperbot_cpp_examples
[1.384s] Level 1:colcon.colcon_core.environment:checking '/home/isami/bumperbot_ws/install/bumperbot_cpp_examples' for CMake module files
[1.384s] Level 1:colcon.colcon_core.environment:checking '/home/isami/bumperbot_ws/install/bumperbot_cpp_examples' for CMake config files
[1.385s] Level 1:colcon.colcon_core.shell:create_environment_hook('bumperbot_cpp_examples', 'cmake_prefix_path')
[1.408s] INFO:colcon.colcon_core.shell:Creating environment hook '/home/isami/bumperbot_ws/install/bumperbot_cpp_examples/share/bumperbot_cpp_examples/hook/cmake_prefix_path.ps1'
[1.408s] INFO:colcon.colcon_core.shell:Creating environment descriptor '/home/isami/bumperbot_ws/install/bumperbot_cpp_examples/share/bumperbot_cpp_examples/hook/cmake_prefix_path.dsv'
[1.409s] INFO:colcon.colcon_core.shell:Creating environment hook '/home/isami/bumperbot_ws/install/bumperbot_cpp_examples/share/bumperbot_cpp_examples/hook/cmake_prefix_path.sh'
[1.409s] Level 1:colcon.colcon_core.environment:checking '/home/isami/bumperbot_ws/install/bumperbot_cpp_examples/bin'
[1.409s] Level 1:colcon.colcon_core.environment:checking '/home/isami/bumperbot_ws/install/bumperbot_cpp_examples/lib/pkgconfig/bumperbot_cpp_examples.pc'
[1.410s] Level 1:colcon.colcon_core.environment:checking '/home/isami/bumperbot_ws/install/bumperbot_cpp_examples/lib/python3.10/site-packages'
[1.410s] Level 1:colcon.colcon_core.environment:checking '/home/isami/bumperbot_ws/install/bumperbot_cpp_examples/bin'
[1.423s] INFO:colcon.colcon_core.shell:Creating package script '/home/isami/bumperbot_ws/install/bumperbot_cpp_examples/share/bumperbot_cpp_examples/package.ps1'
[1.424s] INFO:colcon.colcon_core.shell:Creating package descriptor '/home/isami/bumperbot_ws/install/bumperbot_cpp_examples/share/bumperbot_cpp_examples/package.dsv'
[1.424s] INFO:colcon.colcon_core.shell:Creating package script '/home/isami/bumperbot_ws/install/bumperbot_cpp_examples/share/bumperbot_cpp_examples/package.sh'
[1.425s] INFO:colcon.colcon_core.shell:Creating package script '/home/isami/bumperbot_ws/install/bumperbot_cpp_examples/share/bumperbot_cpp_examples/package.bash'
[1.425s] INFO:colcon.colcon_core.shell:Creating package script '/home/isami/bumperbot_ws/install/bumperbot_cpp_examples/share/bumperbot_cpp_examples/package.zsh'
[1.426s] Level 1:colcon.colcon_core.environment:create_file_with_runtime_dependencies(/home/isami/bumperbot_ws/install/bumperbot_cpp_examples/share/colcon-core/packages/bumperbot_cpp_examples)
[1.428s] Level 1:colcon.colcon_core.environment:create_environment_scripts_only(bumperbot_description)
[1.428s] DEBUG:colcon.colcon_core.event_handler.log_command:Invoked command in '/home/isami/bumperbot_ws/build/bumperbot_description' returned '0': CMAKE_PREFIX_PATH=/opt/ros/humble /usr/bin/cmake --install /home/isami/bumperbot_ws/build/bumperbot_description
[1.440s] Level 1:colcon.colcon_core.environment:checking '/home/isami/bumperbot_ws/install/bumperbot_description' for CMake module files
[1.440s] Level 1:colcon.colcon_core.environment:checking '/home/isami/bumperbot_ws/install/bumperbot_description' for CMake config files
[1.441s] Level 1:colcon.colcon_core.shell:create_environment_hook('bumperbot_description', 'cmake_prefix_path')
[1.453s] INFO:colcon.colcon_core.shell:Creating environment hook '/home/isami/bumperbot_ws/install/bumperbot_description/share/bumperbot_description/hook/cmake_prefix_path.ps1'
[1.453s] INFO:colcon.colcon_core.shell:Creating environment descriptor '/home/isami/bumperbot_ws/install/bumperbot_description/share/bumperbot_description/hook/cmake_prefix_path.dsv'
[1.454s] INFO:colcon.colcon_core.shell:Creating environment hook '/home/isami/bumperbot_ws/install/bumperbot_description/share/bumperbot_description/hook/cmake_prefix_path.sh'
[1.454s] Level 1:colcon.colcon_core.environment:checking '/home/isami/bumperbot_ws/install/bumperbot_description/bin'
[1.454s] Level 1:colcon.colcon_core.environment:checking '/home/isami/bumperbot_ws/install/bumperbot_description/lib/pkgconfig/bumperbot_description.pc'
[1.454s] Level 1:colcon.colcon_core.environment:checking '/home/isami/bumperbot_ws/install/bumperbot_description/lib/python3.10/site-packages'
[1.454s] Level 1:colcon.colcon_core.environment:checking '/home/isami/bumperbot_ws/install/bumperbot_description/bin'
[1.466s] INFO:colcon.colcon_core.shell:Creating package script '/home/isami/bumperbot_ws/install/bumperbot_description/share/bumperbot_description/package.ps1'
[1.467s] INFO:colcon.colcon_core.shell:Creating package descriptor '/home/isami/bumperbot_ws/install/bumperbot_description/share/bumperbot_description/package.dsv'
[1.467s] INFO:colcon.colcon_core.shell:Creating package script '/home/isami/bumperbot_ws/install/bumperbot_description/share/bumperbot_description/package.sh'
[1.468s] INFO:colcon.colcon_core.shell:Creating package script '/home/isami/bumperbot_ws/install/bumperbot_description/share/bumperbot_description/package.bash'
[1.468s] INFO:colcon.colcon_core.shell:Creating package script '/home/isami/bumperbot_ws/install/bumperbot_description/share/bumperbot_description/package.zsh'
[1.468s] Level 1:colcon.colcon_core.environment:create_file_with_runtime_dependencies(/home/isami/bumperbot_ws/install/bumperbot_description/share/colcon-core/packages/bumperbot_description)
[1.488s] Level 1:colcon.colcon_core.environment:create_environment_scripts_only(bumperbot_cpp_examples)
[1.511s] Level 1:colcon.colcon_core.environment:checking '/home/isami/bumperbot_ws/install/bumperbot_cpp_examples' for CMake module files
[1.511s] Level 1:colcon.colcon_core.environment:checking '/home/isami/bumperbot_ws/install/bumperbot_cpp_examples' for CMake config files
[1.511s] Level 1:colcon.colcon_core.shell:create_environment_hook('bumperbot_cpp_examples', 'cmake_prefix_path')
[1.524s] INFO:colcon.colcon_core.shell:Creating environment hook '/home/isami/bumperbot_ws/install/bumperbot_cpp_examples/share/bumperbot_cpp_examples/hook/cmake_prefix_path.ps1'
[1.524s] INFO:colcon.colcon_core.shell:Creating environment descriptor '/home/isami/bumperbot_ws/install/bumperbot_cpp_examples/share/bumperbot_cpp_examples/hook/cmake_prefix_path.dsv'
[1.524s] INFO:colcon.colcon_core.shell:Creating environment hook '/home/isami/bumperbot_ws/install/bumperbot_cpp_examples/share/bumperbot_cpp_examples/hook/cmake_prefix_path.sh'
[1.525s] Level 1:colcon.colcon_core.environment:checking '/home/isami/bumperbot_ws/install/bumperbot_cpp_examples/bin'
[1.525s] Level 1:colcon.colcon_core.environment:checking '/home/isami/bumperbot_ws/install/bumperbot_cpp_examples/lib/pkgconfig/bumperbot_cpp_examples.pc'
[1.525s] Level 1:colcon.colcon_core.environment:checking '/home/isami/bumperbot_ws/install/bumperbot_cpp_examples/lib/python3.10/site-packages'
[1.525s] Level 1:colcon.colcon_core.environment:checking '/home/isami/bumperbot_ws/install/bumperbot_cpp_examples/bin'
[1.537s] INFO:colcon.colcon_core.shell:Creating package script '/home/isami/bumperbot_ws/install/bumperbot_cpp_examples/share/bumperbot_cpp_examples/package.ps1'
[1.537s] INFO:colcon.colcon_core.shell:Creating package descriptor '/home/isami/bumperbot_ws/install/bumperbot_cpp_examples/share/bumperbot_cpp_examples/package.dsv'
[1.538s] INFO:colcon.colcon_core.shell:Creating package script '/home/isami/bumperbot_ws/install/bumperbot_cpp_examples/share/bumperbot_cpp_examples/package.sh'
[1.538s] INFO:colcon.colcon_core.shell:Creating package script '/home/isami/bumperbot_ws/install/bumperbot_cpp_examples/share/bumperbot_cpp_examples/package.bash'
[1.538s] INFO:colcon.colcon_core.shell:Creating package script '/home/isami/bumperbot_ws/install/bumperbot_cpp_examples/share/bumperbot_cpp_examples/package.zsh'
[1.539s] Level 1:colcon.colcon_core.environment:create_file_with_runtime_dependencies(/home/isami/bumperbot_ws/install/bumperbot_cpp_examples/share/colcon-core/packages/bumperbot_cpp_examples)
[1.540s] INFO:colcon.colcon_ros.task.ament_python.build:Building ROS package in '/home/isami/bumperbot_ws/src/bumperbot_py_examples' with build type 'ament_python'
[1.540s] Level 1:colcon.colcon_core.shell:create_environment_hook('bumperbot_py_examples', 'ament_prefix_path')
[1.554s] INFO:colcon.colcon_core.shell:Creating environment hook '/home/isami/bumperbot_ws/install/bumperbot_py_examples/share/bumperbot_py_examples/hook/ament_prefix_path.ps1'
[1.555s] INFO:colcon.colcon_core.shell:Creating environment descriptor '/home/isami/bumperbot_ws/install/bumperbot_py_examples/share/bumperbot_py_examples/hook/ament_prefix_path.dsv'
[1.555s] INFO:colcon.colcon_core.shell:Creating environment hook '/home/isami/bumperbot_ws/install/bumperbot_py_examples/share/bumperbot_py_examples/hook/ament_prefix_path.sh'
[1.574s] INFO:colcon.colcon_core.shell:Skip shell extension 'powershell' for command environment: Not usable outside of PowerShell
[1.574s] DEBUG:colcon.colcon_core.shell:Skip shell extension 'dsv' for command environment
[1.626s] Level 1:colcon.colcon_core.environment:create_environment_scripts_only(bumperbot_description)
[1.637s] Level 1:colcon.colcon_core.environment:checking '/home/isami/bumperbot_ws/install/bumperbot_description' for CMake module files
[1.638s] Level 1:colcon.colcon_core.environment:checking '/home/isami/bumperbot_ws/install/bumperbot_description' for CMake config files
[1.638s] Level 1:colcon.colcon_core.shell:create_environment_hook('bumperbot_description', 'cmake_prefix_path')
[1.649s] INFO:colcon.colcon_core.shell:Creating environment hook '/home/isami/bumperbot_ws/install/bumperbot_description/share/bumperbot_description/hook/cmake_prefix_path.ps1'
[1.650s] INFO:colcon.colcon_core.shell:Creating environment descriptor '/home/isami/bumperbot_ws/install/bumperbot_description/share/bumperbot_description/hook/cmake_prefix_path.dsv'
[1.650s] INFO:colcon.colcon_core.shell:Creating environment hook '/home/isami/bumperbot_ws/install/bumperbot_description/share/bumperbot_description/hook/cmake_prefix_path.sh'
[1.651s] Level 1:colcon.colcon_core.environment:checking '/home/isami/bumperbot_ws/install/bumperbot_description/bin'
[1.651s] Level 1:colcon.colcon_core.environment:checking '/home/isami/bumperbot_ws/install/bumperbot_description/lib/pkgconfig/bumperbot_description.pc'
[1.651s] Level 1:colcon.colcon_core.environment:checking '/home/isami/bumperbot_ws/install/bumperbot_description/lib/python3.10/site-packages'
[1.651s] Level 1:colcon.colcon_core.environment:checking '/home/isami/bumperbot_ws/install/bumperbot_description/bin'
[1.662s] INFO:colcon.colcon_core.shell:Creating package script '/home/isami/bumperbot_ws/install/bumperbot_description/share/bumperbot_description/package.ps1'
[1.663s] INFO:colcon.colcon_core.shell:Creating package descriptor '/home/isami/bumperbot_ws/install/bumperbot_description/share/bumperbot_description/package.dsv'
[1.663s] INFO:colcon.colcon_core.shell:Creating package script '/home/isami/bumperbot_ws/install/bumperbot_description/share/bumperbot_description/package.sh'
[1.663s] INFO:colcon.colcon_core.shell:Creating package script '/home/isami/bumperbot_ws/install/bumperbot_description/share/bumperbot_description/package.bash'
[1.664s] INFO:colcon.colcon_core.shell:Creating package script '/home/isami/bumperbot_ws/install/bumperbot_description/share/bumperbot_description/package.zsh'
[1.664s] Level 1:colcon.colcon_core.environment:create_file_with_runtime_dependencies(/home/isami/bumperbot_ws/install/bumperbot_description/share/colcon-core/packages/bumperbot_description)
[1.865s] INFO:colcon.colcon_core.task.python.build:Building Python package in '/home/isami/bumperbot_ws/src/bumperbot_py_examples'
[1.876s] INFO:colcon.colcon_core.shell:Skip shell extension 'powershell' for command environment: Not usable outside of PowerShell
[1.876s] DEBUG:colcon.colcon_core.shell:Skip shell extension 'dsv' for command environment
[1.904s] DEBUG:colcon.colcon_core.event_handler.log_command:Invoked command in '/home/isami/bumperbot_ws/build/bumperbot_controller' returned '0': CMAKE_PREFIX_PATH=/opt/ros/humble /usr/bin/cmake --build /home/isami/bumperbot_ws/build/bumperbot_controller -- -j3 -l3
[1.932s] DEBUG:colcon.colcon_core.event_handler.log_command:Invoking command in '/home/isami/bumperbot_ws/build/bumperbot_controller': CMAKE_PREFIX_PATH=/opt/ros/humble /usr/bin/cmake --install /home/isami/bumperbot_ws/build/bumperbot_controller
[1.972s] Level 1:colcon.colcon_core.environment:create_environment_scripts_only(bumperbot_controller)
[1.976s] DEBUG:colcon.colcon_core.event_handler.log_command:Invoked command in '/home/isami/bumperbot_ws/build/bumperbot_controller' returned '0': CMAKE_PREFIX_PATH=/opt/ros/humble /usr/bin/cmake --install /home/isami/bumperbot_ws/build/bumperbot_controller
[1.983s] Level 1:colcon.colcon_core.environment:checking '/home/isami/bumperbot_ws/install/bumperbot_controller' for CMake module files
[1.984s] Level 1:colcon.colcon_core.environment:checking '/home/isami/bumperbot_ws/install/bumperbot_controller' for CMake config files
[1.984s] Level 1:colcon.colcon_core.shell:create_environment_hook('bumperbot_controller', 'cmake_prefix_path')
[1.994s] INFO:colcon.colcon_core.shell:Creating environment hook '/home/isami/bumperbot_ws/install/bumperbot_controller/share/bumperbot_controller/hook/cmake_prefix_path.ps1'
[1.995s] INFO:colcon.colcon_core.shell:Creating environment descriptor '/home/isami/bumperbot_ws/install/bumperbot_controller/share/bumperbot_controller/hook/cmake_prefix_path.dsv'
[1.995s] INFO:colcon.colcon_core.shell:Creating environment hook '/home/isami/bumperbot_ws/install/bumperbot_controller/share/bumperbot_controller/hook/cmake_prefix_path.sh'
[1.996s] Level 1:colcon.colcon_core.environment:checking '/home/isami/bumperbot_ws/install/bumperbot_controller/lib'
[1.996s] Level 1:colcon.colcon_core.environment:checking '/home/isami/bumperbot_ws/install/bumperbot_controller/bin'
[1.996s] Level 1:colcon.colcon_core.environment:checking '/home/isami/bumperbot_ws/install/bumperbot_controller/lib/pkgconfig/bumperbot_controller.pc'
[1.996s] Level 1:colcon.colcon_core.environment:checking '/home/isami/bumperbot_ws/install/bumperbot_controller/lib/python3.10/site-packages'
[1.996s] Level 1:colcon.colcon_core.environment:checking '/home/isami/bumperbot_ws/install/bumperbot_controller/bin'
[2.012s] INFO:colcon.colcon_core.shell:Creating package script '/home/isami/bumperbot_ws/install/bumperbot_controller/share/bumperbot_controller/package.ps1'
[2.013s] INFO:colcon.colcon_core.shell:Creating package descriptor '/home/isami/bumperbot_ws/install/bumperbot_controller/share/bumperbot_controller/package.dsv'
[2.013s] INFO:colcon.colcon_core.shell:Creating package script '/home/isami/bumperbot_ws/install/bumperbot_controller/share/bumperbot_controller/package.sh'
[2.013s] INFO:colcon.colcon_core.shell:Creating package script '/home/isami/bumperbot_ws/install/bumperbot_controller/share/bumperbot_controller/package.bash'
[2.014s] INFO:colcon.colcon_core.shell:Creating package script '/home/isami/bumperbot_ws/install/bumperbot_controller/share/bumperbot_controller/package.zsh'
[2.014s] Level 1:colcon.colcon_core.environment:create_file_with_runtime_dependencies(/home/isami/bumperbot_ws/install/bumperbot_controller/share/colcon-core/packages/bumperbot_controller)
[2.049s] Level 1:colcon.colcon_core.environment:create_environment_scripts_only(bumperbot_controller)
[2.060s] Level 1:colcon.colcon_core.environment:checking '/home/isami/bumperbot_ws/install/bumperbot_controller' for CMake module files
[2.061s] Level 1:colcon.colcon_core.environment:checking '/home/isami/bumperbot_ws/install/bumperbot_controller' for CMake config files
[2.061s] Level 1:colcon.colcon_core.shell:create_environment_hook('bumperbot_controller', 'cmake_prefix_path')
[2.076s] INFO:colcon.colcon_core.shell:Creating environment hook '/home/isami/bumperbot_ws/install/bumperbot_controller/share/bumperbot_controller/hook/cmake_prefix_path.ps1'
[2.076s] INFO:colcon.colcon_core.shell:Creating environment descriptor '/home/isami/bumperbot_ws/install/bumperbot_controller/share/bumperbot_controller/hook/cmake_prefix_path.dsv'
[2.077s] INFO:colcon.colcon_core.shell:Creating environment hook '/home/isami/bumperbot_ws/install/bumperbot_controller/share/bumperbot_controller/hook/cmake_prefix_path.sh'
[2.077s] Level 1:colcon.colcon_core.environment:checking '/home/isami/bumperbot_ws/install/bumperbot_controller/lib'
[2.077s] Level 1:colcon.colcon_core.environment:checking '/home/isami/bumperbot_ws/install/bumperbot_controller/bin'
[2.077s] Level 1:colcon.colcon_core.environment:checking '/home/isami/bumperbot_ws/install/bumperbot_controller/lib/pkgconfig/bumperbot_controller.pc'
[2.077s] Level 1:colcon.colcon_core.environment:checking '/home/isami/bumperbot_ws/install/bumperbot_controller/lib/python3.10/site-packages'
[2.078s] Level 1:colcon.colcon_core.environment:checking '/home/isami/bumperbot_ws/install/bumperbot_controller/bin'
[2.091s] INFO:colcon.colcon_core.shell:Creating package script '/home/isami/bumperbot_ws/install/bumperbot_controller/share/bumperbot_controller/package.ps1'
[2.091s] INFO:colcon.colcon_core.shell:Creating package descriptor '/home/isami/bumperbot_ws/install/bumperbot_controller/share/bumperbot_controller/package.dsv'
[2.092s] INFO:colcon.colcon_core.shell:Creating package script '/home/isami/bumperbot_ws/install/bumperbot_controller/share/bumperbot_controller/package.sh'
[2.092s] INFO:colcon.colcon_core.shell:Creating package script '/home/isami/bumperbot_ws/install/bumperbot_controller/share/bumperbot_controller/package.bash'
[2.092s] INFO:colcon.colcon_core.shell:Creating package script '/home/isami/bumperbot_ws/install/bumperbot_controller/share/bumperbot_controller/package.zsh'
[2.093s] Level 1:colcon.colcon_core.environment:create_file_with_runtime_dependencies(/home/isami/bumperbot_ws/install/bumperbot_controller/share/colcon-core/packages/bumperbot_controller)
[2.237s] DEBUG:colcon.colcon_core.event_handler.log_command:Invoking command in '/home/isami/bumperbot_ws/src/bumperbot_py_examples': PYTHONPATH=/home/isami/bumperbot_ws/build/bumperbot_py_examples/prefix_override:/home/isami/bumperbot_ws/install/bumperbot_py_examples/lib/python3.10/site-packages:${PYTHONPATH} /usr/bin/python3 setup.py egg_info --egg-base ../../build/bumperbot_py_examples build --build-base /home/isami/bumperbot_ws/build/bumperbot_py_examples/build install --record /home/isami/bumperbot_ws/build/bumperbot_py_examples/install.log --single-version-externally-managed
[2.468s] DEBUG:colcon.colcon_core.event_handler.log_command:Invoked command in '/home/isami/bumperbot_ws/src/bumperbot_py_examples' returned '0': PYTHONPATH=/home/isami/bumperbot_ws/build/bumperbot_py_examples/prefix_override:/home/isami/bumperbot_ws/install/bumperbot_py_examples/lib/python3.10/site-packages:${PYTHONPATH} /usr/bin/python3 setup.py egg_info --egg-base ../../build/bumperbot_py_examples build --build-base /home/isami/bumperbot_ws/build/bumperbot_py_examples/build install --record /home/isami/bumperbot_ws/build/bumperbot_py_examples/install.log --single-version-externally-managed
[2.481s] Level 1:colcon.colcon_core.environment:checking '/home/isami/bumperbot_ws/install/bumperbot_py_examples' for CMake module files
[2.481s] Level 1:colcon.colcon_core.environment:checking '/home/isami/bumperbot_ws/install/bumperbot_py_examples' for CMake config files
[2.481s] Level 1:colcon.colcon_core.environment:checking '/home/isami/bumperbot_ws/install/bumperbot_py_examples/lib'
[2.482s] Level 1:colcon.colcon_core.environment:checking '/home/isami/bumperbot_ws/install/bumperbot_py_examples/bin'
[2.482s] Level 1:colcon.colcon_core.environment:checking '/home/isami/bumperbot_ws/install/bumperbot_py_examples/lib/pkgconfig/bumperbot_py_examples.pc'
[2.482s] Level 1:colcon.colcon_core.environment:checking '/home/isami/bumperbot_ws/install/bumperbot_py_examples/lib/python3.10/site-packages'
[2.482s] Level 1:colcon.colcon_core.shell:create_environment_hook('bumperbot_py_examples', 'pythonpath')
[2.493s] INFO:colcon.colcon_core.shell:Creating environment hook '/home/isami/bumperbot_ws/install/bumperbot_py_examples/share/bumperbot_py_examples/hook/pythonpath.ps1'
[2.493s] INFO:colcon.colcon_core.shell:Creating environment descriptor '/home/isami/bumperbot_ws/install/bumperbot_py_examples/share/bumperbot_py_examples/hook/pythonpath.dsv'
[2.494s] INFO:colcon.colcon_core.shell:Creating environment hook '/home/isami/bumperbot_ws/install/bumperbot_py_examples/share/bumperbot_py_examples/hook/pythonpath.sh'
[2.494s] Level 1:colcon.colcon_core.environment:checking '/home/isami/bumperbot_ws/install/bumperbot_py_examples/bin'
[2.494s] Level 1:colcon.colcon_core.environment:create_environment_scripts_only(bumperbot_py_examples)
[2.513s] INFO:colcon.colcon_core.shell:Creating package script '/home/isami/bumperbot_ws/install/bumperbot_py_examples/share/bumperbot_py_examples/package.ps1'
[2.514s] INFO:colcon.colcon_core.shell:Creating package descriptor '/home/isami/bumperbot_ws/install/bumperbot_py_examples/share/bumperbot_py_examples/package.dsv'
[2.515s] INFO:colcon.colcon_core.shell:Creating package script '/home/isami/bumperbot_ws/install/bumperbot_py_examples/share/bumperbot_py_examples/package.sh'
[2.515s] INFO:colcon.colcon_core.shell:Creating package script '/home/isami/bumperbot_ws/install/bumperbot_py_examples/share/bumperbot_py_examples/package.bash'
[2.516s] INFO:colcon.colcon_core.shell:Creating package script '/home/isami/bumperbot_ws/install/bumperbot_py_examples/share/bumperbot_py_examples/package.zsh'
[2.516s] Level 1:colcon.colcon_core.environment:create_file_with_runtime_dependencies(/home/isami/bumperbot_ws/install/bumperbot_py_examples/share/colcon-core/packages/bumperbot_py_examples)
[2.516s] DEBUG:colcon.colcon_parallel_executor.executor.parallel:closing loop
[2.517s] DEBUG:colcon.colcon_parallel_executor.executor.parallel:loop closed
[2.517s] DEBUG:colcon.colcon_parallel_executor.executor.parallel:run_until_complete finished with '0'
[2.517s] DEBUG:colcon.colcon_core.event_reactor:joining thread
[2.533s] INFO:colcon.colcon_core.plugin_system:Skipping extension 'colcon_notification.desktop_notification.terminal_notifier': Not used on non-Darwin systems
[2.533s] INFO:colcon.colcon_core.plugin_system:Skipping extension 'colcon_notification.desktop_notification.win32': Not used on non-Windows systems
[2.533s] INFO:colcon.colcon_notification.desktop_notification:Sending desktop notification using 'notify2'
[2.557s] DEBUG:colcon.colcon_core.event_reactor:joined thread
[2.577s] INFO:colcon.colcon_core.shell:Creating prefix script '/home/isami/bumperbot_ws/install/local_setup.ps1'
[2.578s] INFO:colcon.colcon_core.shell:Creating prefix util module '/home/isami/bumperbot_ws/install/_local_setup_util_ps1.py'
[2.579s] INFO:colcon.colcon_core.shell:Creating prefix chain script '/home/isami/bumperbot_ws/install/setup.ps1'
[2.595s] INFO:colcon.colcon_core.shell:Creating prefix script '/home/isami/bumperbot_ws/install/local_setup.sh'
[2.596s] INFO:colcon.colcon_core.shell:Creating prefix util module '/home/isami/bumperbot_ws/install/_local_setup_util_sh.py'
[2.597s] INFO:colcon.colcon_core.shell:Creating prefix chain script '/home/isami/bumperbot_ws/install/setup.sh'
[2.613s] INFO:colcon.colcon_core.shell:Creating prefix script '/home/isami/bumperbot_ws/install/local_setup.bash'
[2.614s] INFO:colcon.colcon_core.shell:Creating prefix chain script '/home/isami/bumperbot_ws/install/setup.bash'
[2.629s] INFO:colcon.colcon_core.shell:Creating prefix script '/home/isami/bumperbot_ws/install/local_setup.zsh'
[2.630s] INFO:colcon.colcon_core.shell:Creating prefix chain script '/home/isami/bumperbot_ws/install/setup.zsh'
