[0.015s] Invoking command in '/home/isami/bumperbot_ws/build/bumperbot_localization': CMAKE_PREFIX_PATH=/opt/ros/humble /usr/bin/cmake --build /home/isami/bumperbot_ws/build/bumperbot_localization -- -j3 -l3
[0.068s] -- Found ament_cmake: 1.3.8 (/opt/ros/humble/share/ament_cmake/cmake)
[0.245s] -- Found rclcpp: 16.0.8 (/opt/ros/humble/share/rclcpp/cmake)
[0.309s] -- Found rosidl_generator_c: 3.1.5 (/opt/ros/humble/share/rosidl_generator_c/cmake)
[0.314s] -- Found rosidl_adapter: 3.1.5 (/opt/ros/humble/share/rosidl_adapter/cmake)
[0.326s] -- Found rosidl_generator_cpp: 3.1.5 (/opt/ros/humble/share/rosidl_generator_cpp/cmake)
[0.345s] -- Using all available rosidl_typesupport_c: rosidl_typesupport_fastrtps_c;rosidl_typesupport_introspection_c
[0.377s] -- Using all available rosidl_typesupport_cpp: rosidl_typesupport_fastrtps_cpp;rosidl_typesupport_introspection_cpp
[0.476s] -- Found rmw_implementation_cmake: 6.1.1 (/opt/ros/humble/share/rmw_implementation_cmake/cmake)
[0.481s] -- Found rmw_fastrtps_cpp: 6.2.6 (/opt/ros/humble/share/rmw_fastrtps_cpp/cmake)
[0.647s] -- Using RMW implementation 'rmw_fastrtps_cpp' as default
[0.929s] -- Found rclpy: 3.3.12 (/opt/ros/humble/share/rclpy/cmake)
[0.929s] -- Found nav_msgs: 4.2.3 (/opt/ros/humble/share/nav_msgs/cmake)
[1.077s] -- Found sensor_msgs: 4.2.3 (/opt/ros/humble/share/sensor_msgs/cmake)
[1.258s] -- Found ament_lint_auto: 0.12.10 (/opt/ros/humble/share/ament_lint_auto/cmake)
[1.341s] -- Added test 'flake8' to check Python code syntax and style conventions
[1.342s] -- Added test 'lint_cmake' to check CMake code style
[1.343s] -- Added test 'pep257' to check Python code against some of the docstring style conventions in PEP 257
[1.344s] -- Added test 'xmllint' to check XML markup files
[1.347s] -- Configuring done
[1.361s] -- Generating done
[1.365s] -- Build files have been written to: /home/isami/bumperbot_ws/build/bumperbot_localization
[1.428s] Built target ament_cmake_python_copy_bumperbot_localization
[1.698s] running egg_info
[1.698s] writing bumperbot_localization.egg-info/PKG-INFO
[1.699s] writing dependency_links to bumperbot_localization.egg-info/dependency_links.txt
[1.699s] writing top-level names to bumperbot_localization.egg-info/top_level.txt
[1.701s] reading manifest file 'bumperbot_localization.egg-info/SOURCES.txt'
[1.703s] writing manifest file 'bumperbot_localization.egg-info/SOURCES.txt'
[1.736s] Built target ament_cmake_python_build_bumperbot_localization_egg
[1.748s] Invoked command in '/home/isami/bumperbot_ws/build/bumperbot_localization' returned '0': CMAKE_PREFIX_PATH=/opt/ros/humble /usr/bin/cmake --build /home/isami/bumperbot_ws/build/bumperbot_localization -- -j3 -l3
[1.787s] Invoking command in '/home/isami/bumperbot_ws/build/bumperbot_localization': CMAKE_PREFIX_PATH=/opt/ros/humble /usr/bin/cmake --install /home/isami/bumperbot_ws/build/bumperbot_localization
[1.797s] -- Install configuration: ""
[1.798s] -- Up-to-date: /home/isami/bumperbot_ws/install/bumperbot_localization/share/bumperbot_localization/environment/pythonpath.sh
[1.798s] -- Installing: /home/isami/bumperbot_ws/install/bumperbot_localization/share/bumperbot_localization/environment/pythonpath.dsv
[1.798s] -- Up-to-date: /home/isami/bumperbot_ws/install/bumperbot_localization/local/lib/python3.10/dist-packages/bumperbot_localization-0.0.0-py3.10.egg-info
[1.798s] -- Installing: /home/isami/bumperbot_ws/install/bumperbot_localization/local/lib/python3.10/dist-packages/bumperbot_localization-0.0.0-py3.10.egg-info/PKG-INFO
[1.798s] -- Installing: /home/isami/bumperbot_ws/install/bumperbot_localization/local/lib/python3.10/dist-packages/bumperbot_localization-0.0.0-py3.10.egg-info/dependency_links.txt
[1.799s] -- Installing: /home/isami/bumperbot_ws/install/bumperbot_localization/local/lib/python3.10/dist-packages/bumperbot_localization-0.0.0-py3.10.egg-info/top_level.txt
[1.799s] -- Installing: /home/isami/bumperbot_ws/install/bumperbot_localization/local/lib/python3.10/dist-packages/bumperbot_localization-0.0.0-py3.10.egg-info/SOURCES.txt
[1.799s] -- Up-to-date: /home/isami/bumperbot_ws/install/bumperbot_localization/local/lib/python3.10/dist-packages/bumperbot_localization
[1.799s] -- Installing: /home/isami/bumperbot_ws/install/bumperbot_localization/local/lib/python3.10/dist-packages/bumperbot_localization/imu_republisher.py
[1.800s] -- Up-to-date: /home/isami/bumperbot_ws/install/bumperbot_localization/local/lib/python3.10/dist-packages/bumperbot_localization/__init__.py
[1.800s] -- Up-to-date: /home/isami/bumperbot_ws/install/bumperbot_localization/local/lib/python3.10/dist-packages/bumperbot_localization/kalman_filter.py
[1.830s] Listing '/home/isami/bumperbot_ws/install/bumperbot_localization/local/lib/python3.10/dist-packages/bumperbot_localization'...
[1.830s] Compiling '/home/isami/bumperbot_ws/install/bumperbot_localization/local/lib/python3.10/dist-packages/bumperbot_localization/imu_republisher.py'...
[1.835s] -- Up-to-date: /home/isami/bumperbot_ws/install/bumperbot_localization/lib/bumperbot_localization/kalman_filter.py
[1.835s] -- Installing: /home/isami/bumperbot_ws/install/bumperbot_localization/lib/bumperbot_localization/imu_republisher.py
[1.836s] -- Up-to-date: /home/isami/bumperbot_ws/install/bumperbot_localization/share/ament_index/resource_index/package_run_dependencies/bumperbot_localization
[1.836s] -- Up-to-date: /home/isami/bumperbot_ws/install/bumperbot_localization/share/ament_index/resource_index/parent_prefix_path/bumperbot_localization
[1.836s] -- Up-to-date: /home/isami/bumperbot_ws/install/bumperbot_localization/share/bumperbot_localization/environment/ament_prefix_path.sh
[1.836s] -- Installing: /home/isami/bumperbot_ws/install/bumperbot_localization/share/bumperbot_localization/environment/ament_prefix_path.dsv
[1.836s] -- Up-to-date: /home/isami/bumperbot_ws/install/bumperbot_localization/share/bumperbot_localization/environment/path.sh
[1.836s] -- Installing: /home/isami/bumperbot_ws/install/bumperbot_localization/share/bumperbot_localization/environment/path.dsv
[1.837s] -- Up-to-date: /home/isami/bumperbot_ws/install/bumperbot_localization/share/bumperbot_localization/local_setup.bash
[1.837s] -- Up-to-date: /home/isami/bumperbot_ws/install/bumperbot_localization/share/bumperbot_localization/local_setup.sh
[1.837s] -- Up-to-date: /home/isami/bumperbot_ws/install/bumperbot_localization/share/bumperbot_localization/local_setup.zsh
[1.837s] -- Installing: /home/isami/bumperbot_ws/install/bumperbot_localization/share/bumperbot_localization/local_setup.dsv
[1.838s] -- Installing: /home/isami/bumperbot_ws/install/bumperbot_localization/share/bumperbot_localization/package.dsv
[1.838s] -- Up-to-date: /home/isami/bumperbot_ws/install/bumperbot_localization/share/ament_index/resource_index/packages/bumperbot_localization
[1.838s] -- Up-to-date: /home/isami/bumperbot_ws/install/bumperbot_localization/share/bumperbot_localization/cmake/bumperbot_localizationConfig.cmake
[1.838s] -- Up-to-date: /home/isami/bumperbot_ws/install/bumperbot_localization/share/bumperbot_localization/cmake/bumperbot_localizationConfig-version.cmake
[1.838s] -- Up-to-date: /home/isami/bumperbot_ws/install/bumperbot_localization/share/bumperbot_localization/package.xml
[1.845s] Invoked command in '/home/isami/bumperbot_ws/build/bumperbot_localization' returned '0': CMAKE_PREFIX_PATH=/opt/ros/humble /usr/bin/cmake --install /home/isami/bumperbot_ws/build/bumperbot_localization
