[0.032s] Invoking command in '/home/isami/bumperbot_ws/build/bumperbot_controller': CMAKE_PREFIX_PATH=/opt/ros/humble /usr/bin/cmake --build /home/isami/bumperbot_ws/build/bumperbot_controller -- -j3 -l3
[0.237s] Built target ament_cmake_python_copy_bumperbot_controller
[0.527s] running egg_info
[0.528s] writing bumperbot_controller.egg-info/PKG-INFO
[0.528s] writing dependency_links to bumperbot_controller.egg-info/dependency_links.txt
[0.528s] writing top-level names to bumperbot_controller.egg-info/top_level.txt
[0.537s] reading manifest file 'bumperbot_controller.egg-info/SOURCES.txt'
[0.537s] writing manifest file 'bumperbot_controller.egg-info/SOURCES.txt'
[0.586s] Built target ament_cmake_python_build_bumperbot_controller_egg
[0.615s] Invoked command in '/home/isami/bumperbot_ws/build/bumperbot_controller' returned '0': CMAKE_PREFIX_PATH=/opt/ros/humble /usr/bin/cmake --build /home/isami/bumperbot_ws/build/bumperbot_controller -- -j3 -l3
[0.976s] Invoking command in '/home/isami/bumperbot_ws/build/bumperbot_controller': CMAKE_PREFIX_PATH=/opt/ros/humble /usr/bin/cmake --install /home/isami/bumperbot_ws/build/bumperbot_controller
[0.985s] -- Install configuration: ""
[0.985s] -- Up-to-date: /home/isami/bumperbot_ws/install/bumperbot_controller/share/bumperbot_controller/environment/pythonpath.sh
[0.986s] -- Up-to-date: /home/isami/bumperbot_ws/install/bumperbot_controller/share/bumperbot_controller/environment/pythonpath.dsv
[0.986s] -- Up-to-date: /home/isami/bumperbot_ws/install/bumperbot_controller/local/lib/python3.10/dist-packages/bumperbot_controller-0.0.0-py3.10.egg-info
[0.986s] -- Installing: /home/isami/bumperbot_ws/install/bumperbot_controller/local/lib/python3.10/dist-packages/bumperbot_controller-0.0.0-py3.10.egg-info/PKG-INFO
[0.986s] -- Installing: /home/isami/bumperbot_ws/install/bumperbot_controller/local/lib/python3.10/dist-packages/bumperbot_controller-0.0.0-py3.10.egg-info/dependency_links.txt
[0.986s] -- Installing: /home/isami/bumperbot_ws/install/bumperbot_controller/local/lib/python3.10/dist-packages/bumperbot_controller-0.0.0-py3.10.egg-info/top_level.txt
[0.986s] -- Installing: /home/isami/bumperbot_ws/install/bumperbot_controller/local/lib/python3.10/dist-packages/bumperbot_controller-0.0.0-py3.10.egg-info/SOURCES.txt
[0.986s] -- Up-to-date: /home/isami/bumperbot_ws/install/bumperbot_controller/local/lib/python3.10/dist-packages/bumperbot_controller
[0.987s] -- Up-to-date: /home/isami/bumperbot_ws/install/bumperbot_controller/local/lib/python3.10/dist-packages/bumperbot_controller/simple_controller.py
[0.987s] -- Up-to-date: /home/isami/bumperbot_ws/install/bumperbot_controller/local/lib/python3.10/dist-packages/bumperbot_controller/__init__.py
[0.987s] -- Up-to-date: /home/isami/bumperbot_ws/install/bumperbot_controller/local/lib/python3.10/dist-packages/bumperbot_controller/noisy_controller.py
[1.027s] Listing '/home/isami/bumperbot_ws/install/bumperbot_controller/local/lib/python3.10/dist-packages/bumperbot_controller'...
[1.033s] -- Up-to-date: /home/isami/bumperbot_ws/install/bumperbot_controller/share/bumperbot_controller/config
[1.034s] -- Up-to-date: /home/isami/bumperbot_ws/install/bumperbot_controller/share/bumperbot_controller/config/joy_config.yaml
[1.034s] -- Up-to-date: /home/isami/bumperbot_ws/install/bumperbot_controller/share/bumperbot_controller/config/joy_teleop.yaml
[1.034s] -- Up-to-date: /home/isami/bumperbot_ws/install/bumperbot_controller/share/bumperbot_controller/config/bumperbot_controllers.yaml
[1.035s] -- Up-to-date: /home/isami/bumperbot_ws/install/bumperbot_controller/share/bumperbot_controller/launch
[1.035s] -- Up-to-date: /home/isami/bumperbot_ws/install/bumperbot_controller/share/bumperbot_controller/launch/controller.launch.py
[1.035s] -- Up-to-date: /home/isami/bumperbot_ws/install/bumperbot_controller/share/bumperbot_controller/launch/joystick_teleop_launch.py
[1.035s] -- Up-to-date: /home/isami/bumperbot_ws/install/bumperbot_controller/lib/bumperbot_controller/simple_controller.py
[1.035s] -- Up-to-date: /home/isami/bumperbot_ws/install/bumperbot_controller/lib/bumperbot_controller/noisy_controller.py
[1.036s] -- Up-to-date: /home/isami/bumperbot_ws/install/bumperbot_controller/share/ament_index/resource_index/package_run_dependencies/bumperbot_controller
[1.037s] -- Up-to-date: /home/isami/bumperbot_ws/install/bumperbot_controller/share/ament_index/resource_index/parent_prefix_path/bumperbot_controller
[1.037s] -- Up-to-date: /home/isami/bumperbot_ws/install/bumperbot_controller/share/bumperbot_controller/environment/ament_prefix_path.sh
[1.037s] -- Up-to-date: /home/isami/bumperbot_ws/install/bumperbot_controller/share/bumperbot_controller/environment/ament_prefix_path.dsv
[1.037s] -- Up-to-date: /home/isami/bumperbot_ws/install/bumperbot_controller/share/bumperbot_controller/environment/path.sh
[1.037s] -- Up-to-date: /home/isami/bumperbot_ws/install/bumperbot_controller/share/bumperbot_controller/environment/path.dsv
[1.037s] -- Up-to-date: /home/isami/bumperbot_ws/install/bumperbot_controller/share/bumperbot_controller/local_setup.bash
[1.037s] -- Up-to-date: /home/isami/bumperbot_ws/install/bumperbot_controller/share/bumperbot_controller/local_setup.sh
[1.037s] -- Up-to-date: /home/isami/bumperbot_ws/install/bumperbot_controller/share/bumperbot_controller/local_setup.zsh
[1.037s] -- Up-to-date: /home/isami/bumperbot_ws/install/bumperbot_controller/share/bumperbot_controller/local_setup.dsv
[1.037s] -- Installing: /home/isami/bumperbot_ws/install/bumperbot_controller/share/bumperbot_controller/package.dsv
[1.038s] -- Up-to-date: /home/isami/bumperbot_ws/install/bumperbot_controller/share/ament_index/resource_index/packages/bumperbot_controller
[1.038s] -- Up-to-date: /home/isami/bumperbot_ws/install/bumperbot_controller/share/bumperbot_controller/cmake/bumperbot_controllerConfig.cmake
[1.038s] -- Up-to-date: /home/isami/bumperbot_ws/install/bumperbot_controller/share/bumperbot_controller/cmake/bumperbot_controllerConfig-version.cmake
[1.038s] -- Up-to-date: /home/isami/bumperbot_ws/install/bumperbot_controller/share/bumperbot_controller/package.xml
[1.041s] Invoked command in '/home/isami/bumperbot_ws/build/bumperbot_controller' returned '0': CMAKE_PREFIX_PATH=/opt/ros/humble /usr/bin/cmake --install /home/isami/bumperbot_ws/build/bumperbot_controller
