[0.049s] Invoking command in '/home/isami/bumperbot_ws/build/bumperbot_msgs': CMAKE_PREFIX_PATH=/opt/ros/humble /usr/bin/cmake --build /home/isami/bumperbot_ws/build/bumperbot_msgs -- -j3 -l3
[0.172s] [  7%] Built target bumperbot_msgs__cpp
[0.174s] [ 12%] Built target bumperbot_msgs__rosidl_generator_c
[0.216s] [ 12%] Built target ament_cmake_python_copy_bumperbot_msgs
[0.220s] [ 23%] Built target bumperbot_msgs__rosidl_typesupport_fastrtps_c
[0.243s] [ 33%] Built target bumperbot_msgs__rosidl_typesupport_introspection_c
[0.261s] [ 43%] Built target bumperbot_msgs__rosidl_typesupport_c
[0.291s] [ 53%] Built target bumperbot_msgs__rosidl_typesupport_introspection_cpp
[0.310s] [ 64%] Built target bumperbot_msgs__rosidl_typesupport_cpp
[0.355s] [ 74%] Built target bumperbot_msgs__rosidl_typesupport_fastrtps_cpp
[0.409s] [ 74%] Built target bumperbot_msgs
[0.481s] [ 76%] Built target bumperbot_msgs__py
[0.512s] [ 84%] Built target bumperbot_msgs__rosidl_generator_py
[0.545s] [ 89%] Built target bumperbot_msgs__rosidl_typesupport_fastrtps_c__pyext
[0.590s] running egg_info
[0.590s] writing bumperbot_msgs.egg-info/PKG-INFO
[0.591s] writing dependency_links to bumperbot_msgs.egg-info/dependency_links.txt
[0.591s] writing top-level names to bumperbot_msgs.egg-info/top_level.txt
[0.595s] reading manifest file 'bumperbot_msgs.egg-info/SOURCES.txt'
[0.596s] writing manifest file 'bumperbot_msgs.egg-info/SOURCES.txt'
[0.600s] [ 94%] Built target bumperbot_msgs__rosidl_typesupport_c__pyext
[0.621s] [100%] Built target bumperbot_msgs__rosidl_typesupport_introspection_c__pyext
[0.642s] [100%] Built target ament_cmake_python_build_bumperbot_msgs_egg
[0.661s] Invoked command in '/home/isami/bumperbot_ws/build/bumperbot_msgs' returned '0': CMAKE_PREFIX_PATH=/opt/ros/humble /usr/bin/cmake --build /home/isami/bumperbot_ws/build/bumperbot_msgs -- -j3 -l3
